[2019-09-30 08:56:43] php.DEBUG: Warning: file(/proc/mounts): failed to open stream: No such file or directory {"exception":"[object] (Symfony\\Component\\Debug\\Exception\\SilencedErrorContext: {\"severity\":2,\"file\":\"/Users/ychocteau/projet-eni/vendor/symfony/framework-bundle/Command/CacheClearCommand.php\",\"line\":147,\"trace\":[{\"file\":\"/Users/ychocteau/projet-eni/vendor/symfony/console/Command/Command.php\",\"line\":255,\"function\":\"execute\",\"class\":\"Symfony\\\\Bundle\\\\FrameworkBundle\\\\Command\\\\CacheClearCommand\",\"type\":\"->\"}],\"count\":1})"} []
[2019-09-30 12:51:52] console.ERROR: Error thrown while running command "doctrine "schema:validate"". Message: "Command "doctrine" is not defined.  Did you mean one of these?     doctrine:cache:clear     doctrine:cache:clear-collection-region     doctrine:cache:clear-entity-region     doctrine:cache:clear-metadata     doctrine:cache:clear-query     doctrine:cache:clear-query-region     doctrine:cache:clear-result     doctrine:cache:contains     doctrine:cache:delete     doctrine:cache:flush     doctrine:cache:stats     doctrine:database:create     doctrine:database:drop     doctrine:database:import     doctrine:ensure-production-settings     doctrine:generate:entities     doctrine:mapping:convert     doctrine:mapping:import     doctrine:mapping:info     doctrine:migrations:diff     doctrine:migrations:dump-schema     doctrine:migrations:execute     doctrine:migrations:generate     doctrine:migrations:latest     doctrine:migrations:migrate     doctrine:migrations:rollup     doctrine:migrations:status     doctrine:migrations:up-to-date     doctrine:migrations:version     doctrine:query:dql     doctrine:query:sql     doctrine:schema:create     doctrine:schema:drop     doctrine:schema:update     doctrine:schema:validate" {"exception":"[object] (Symfony\\Component\\Console\\Exception\\CommandNotFoundException(code: 0): Command \"doctrine\" is not defined.\n\nDid you mean one of these?\n    doctrine:cache:clear\n    doctrine:cache:clear-collection-region\n    doctrine:cache:clear-entity-region\n    doctrine:cache:clear-metadata\n    doctrine:cache:clear-query\n    doctrine:cache:clear-query-region\n    doctrine:cache:clear-result\n    doctrine:cache:contains\n    doctrine:cache:delete\n    doctrine:cache:flush\n    doctrine:cache:stats\n    doctrine:database:create\n    doctrine:database:drop\n    doctrine:database:import\n    doctrine:ensure-production-settings\n    doctrine:generate:entities\n    doctrine:mapping:convert\n    doctrine:mapping:import\n    doctrine:mapping:info\n    doctrine:migrations:diff\n    doctrine:migrations:dump-schema\n    doctrine:migrations:execute\n    doctrine:migrations:generate\n    doctrine:migrations:latest\n    doctrine:migrations:migrate\n    doctrine:migrations:rollup\n    doctrine:migrations:status\n    doctrine:migrations:up-to-date\n    doctrine:migrations:version\n    doctrine:query:dql\n    doctrine:query:sql\n    doctrine:schema:create\n    doctrine:schema:drop\n    doctrine:schema:update\n    doctrine:schema:validate at C:\\wamp\\www\\ENI-Projet_symfony\\vendor\\symfony\\console\\Application.php:628)","command":"doctrine \"schema:validate\"","message":"Command \"doctrine\" is not defined.\n\nDid you mean one of these?\n    doctrine:cache:clear\n    doctrine:cache:clear-collection-region\n    doctrine:cache:clear-entity-region\n    doctrine:cache:clear-metadata\n    doctrine:cache:clear-query\n    doctrine:cache:clear-query-region\n    doctrine:cache:clear-result\n    doctrine:cache:contains\n    doctrine:cache:delete\n    doctrine:cache:flush\n    doctrine:cache:stats\n    doctrine:database:create\n    doctrine:database:drop\n    doctrine:database:import\n    doctrine:ensure-production-settings\n    doctrine:generate:entities\n    doctrine:mapping:convert\n    doctrine:mapping:import\n    doctrine:mapping:info\n    doctrine:migrations:diff\n    doctrine:migrations:dump-schema\n    doctrine:migrations:execute\n    doctrine:migrations:generate\n    doctrine:migrations:latest\n    doctrine:migrations:migrate\n    doctrine:migrations:rollup\n    doctrine:migrations:status\n    doctrine:migrations:up-to-date\n    doctrine:migrations:version\n    doctrine:query:dql\n    doctrine:query:sql\n    doctrine:schema:create\n    doctrine:schema:drop\n    doctrine:schema:update\n    doctrine:schema:validate"} []
[2019-09-30 12:51:58] doctrine.DEBUG: SHOW FULL TABLES WHERE Table_type = 'BASE TABLE' [] []
[2019-09-30 12:51:58] doctrine.DEBUG: SELECT COLUMN_NAME AS Field, COLUMN_TYPE AS Type, IS_NULLABLE AS `Null`, COLUMN_KEY AS `Key`, COLUMN_DEFAULT AS `Default`, EXTRA AS Extra, COLUMN_COMMENT AS Comment, CHARACTER_SET_NAME AS CharacterSet, COLLATION_NAME AS Collation FROM information_schema.COLUMNS WHERE TABLE_SCHEMA = 'projet_sortie' AND TABLE_NAME = 'etats' ORDER BY ORDINAL_POSITION ASC [] []
[2019-09-30 12:51:58] doctrine.DEBUG: SELECT DISTINCT k.`CONSTRAINT_NAME`, k.`COLUMN_NAME`, k.`REFERENCED_TABLE_NAME`, k.`REFERENCED_COLUMN_NAME` /*!50116 , c.update_rule, c.delete_rule */ FROM information_schema.key_column_usage k /*!50116 INNER JOIN information_schema.referential_constraints c ON   c.constraint_name = k.constraint_name AND   c.table_name = 'etats' */ WHERE k.table_name = 'etats' AND k.table_schema = 'projet_sortie' /*!50116 AND c.constraint_schema = 'projet_sortie' */ AND k.`REFERENCED_COLUMN_NAME` is not NULL [] []
[2019-09-30 12:51:58] doctrine.DEBUG: SELECT TABLE_NAME AS `Table`, NON_UNIQUE AS Non_Unique, INDEX_NAME AS Key_name, SEQ_IN_INDEX AS Seq_in_index, COLUMN_NAME AS Column_Name, COLLATION AS Collation, CARDINALITY AS Cardinality, SUB_PART AS Sub_Part, PACKED AS Packed, NULLABLE AS `Null`, INDEX_TYPE AS Index_Type, COMMENT AS Comment FROM information_schema.STATISTICS WHERE TABLE_NAME = 'etats' AND TABLE_SCHEMA = 'projet_sortie' ORDER BY SEQ_IN_INDEX ASC [] []
[2019-09-30 12:51:58] doctrine.DEBUG: SELECT ENGINE, AUTO_INCREMENT, TABLE_COLLATION, TABLE_COMMENT, CREATE_OPTIONS FROM information_schema.TABLES WHERE TABLE_TYPE = 'BASE TABLE' AND TABLE_SCHEMA = DATABASE() AND TABLE_NAME = 'etats' [] []
[2019-09-30 12:51:58] doctrine.DEBUG: SELECT COLUMN_NAME AS Field, COLUMN_TYPE AS Type, IS_NULLABLE AS `Null`, COLUMN_KEY AS `Key`, COLUMN_DEFAULT AS `Default`, EXTRA AS Extra, COLUMN_COMMENT AS Comment, CHARACTER_SET_NAME AS CharacterSet, COLLATION_NAME AS Collation FROM information_schema.COLUMNS WHERE TABLE_SCHEMA = 'projet_sortie' AND TABLE_NAME = 'inscriptions' ORDER BY ORDINAL_POSITION ASC [] []
[2019-09-30 12:51:58] doctrine.DEBUG: SELECT DISTINCT k.`CONSTRAINT_NAME`, k.`COLUMN_NAME`, k.`REFERENCED_TABLE_NAME`, k.`REFERENCED_COLUMN_NAME` /*!50116 , c.update_rule, c.delete_rule */ FROM information_schema.key_column_usage k /*!50116 INNER JOIN information_schema.referential_constraints c ON   c.constraint_name = k.constraint_name AND   c.table_name = 'inscriptions' */ WHERE k.table_name = 'inscriptions' AND k.table_schema = 'projet_sortie' /*!50116 AND c.constraint_schema = 'projet_sortie' */ AND k.`REFERENCED_COLUMN_NAME` is not NULL [] []
[2019-09-30 12:51:58] doctrine.DEBUG: SELECT TABLE_NAME AS `Table`, NON_UNIQUE AS Non_Unique, INDEX_NAME AS Key_name, SEQ_IN_INDEX AS Seq_in_index, COLUMN_NAME AS Column_Name, COLLATION AS Collation, CARDINALITY AS Cardinality, SUB_PART AS Sub_Part, PACKED AS Packed, NULLABLE AS `Null`, INDEX_TYPE AS Index_Type, COMMENT AS Comment FROM information_schema.STATISTICS WHERE TABLE_NAME = 'inscriptions' AND TABLE_SCHEMA = 'projet_sortie' ORDER BY SEQ_IN_INDEX ASC [] []
[2019-09-30 12:51:58] doctrine.DEBUG: SELECT ENGINE, AUTO_INCREMENT, TABLE_COLLATION, TABLE_COMMENT, CREATE_OPTIONS FROM information_schema.TABLES WHERE TABLE_TYPE = 'BASE TABLE' AND TABLE_SCHEMA = DATABASE() AND TABLE_NAME = 'inscriptions' [] []
[2019-09-30 12:51:58] doctrine.DEBUG: SELECT COLUMN_NAME AS Field, COLUMN_TYPE AS Type, IS_NULLABLE AS `Null`, COLUMN_KEY AS `Key`, COLUMN_DEFAULT AS `Default`, EXTRA AS Extra, COLUMN_COMMENT AS Comment, CHARACTER_SET_NAME AS CharacterSet, COLLATION_NAME AS Collation FROM information_schema.COLUMNS WHERE TABLE_SCHEMA = 'projet_sortie' AND TABLE_NAME = 'lieux' ORDER BY ORDINAL_POSITION ASC [] []
[2019-09-30 12:51:58] doctrine.DEBUG: SELECT DISTINCT k.`CONSTRAINT_NAME`, k.`COLUMN_NAME`, k.`REFERENCED_TABLE_NAME`, k.`REFERENCED_COLUMN_NAME` /*!50116 , c.update_rule, c.delete_rule */ FROM information_schema.key_column_usage k /*!50116 INNER JOIN information_schema.referential_constraints c ON   c.constraint_name = k.constraint_name AND   c.table_name = 'lieux' */ WHERE k.table_name = 'lieux' AND k.table_schema = 'projet_sortie' /*!50116 AND c.constraint_schema = 'projet_sortie' */ AND k.`REFERENCED_COLUMN_NAME` is not NULL [] []
[2019-09-30 12:51:58] doctrine.DEBUG: SELECT TABLE_NAME AS `Table`, NON_UNIQUE AS Non_Unique, INDEX_NAME AS Key_name, SEQ_IN_INDEX AS Seq_in_index, COLUMN_NAME AS Column_Name, COLLATION AS Collation, CARDINALITY AS Cardinality, SUB_PART AS Sub_Part, PACKED AS Packed, NULLABLE AS `Null`, INDEX_TYPE AS Index_Type, COMMENT AS Comment FROM information_schema.STATISTICS WHERE TABLE_NAME = 'lieux' AND TABLE_SCHEMA = 'projet_sortie' ORDER BY SEQ_IN_INDEX ASC [] []
[2019-09-30 12:51:58] doctrine.DEBUG: SELECT ENGINE, AUTO_INCREMENT, TABLE_COLLATION, TABLE_COMMENT, CREATE_OPTIONS FROM information_schema.TABLES WHERE TABLE_TYPE = 'BASE TABLE' AND TABLE_SCHEMA = DATABASE() AND TABLE_NAME = 'lieux' [] []
[2019-09-30 12:51:58] doctrine.DEBUG: SELECT COLUMN_NAME AS Field, COLUMN_TYPE AS Type, IS_NULLABLE AS `Null`, COLUMN_KEY AS `Key`, COLUMN_DEFAULT AS `Default`, EXTRA AS Extra, COLUMN_COMMENT AS Comment, CHARACTER_SET_NAME AS CharacterSet, COLLATION_NAME AS Collation FROM information_schema.COLUMNS WHERE TABLE_SCHEMA = 'projet_sortie' AND TABLE_NAME = 'participants' ORDER BY ORDINAL_POSITION ASC [] []
[2019-09-30 12:51:58] doctrine.DEBUG: SELECT DISTINCT k.`CONSTRAINT_NAME`, k.`COLUMN_NAME`, k.`REFERENCED_TABLE_NAME`, k.`REFERENCED_COLUMN_NAME` /*!50116 , c.update_rule, c.delete_rule */ FROM information_schema.key_column_usage k /*!50116 INNER JOIN information_schema.referential_constraints c ON   c.constraint_name = k.constraint_name AND   c.table_name = 'participants' */ WHERE k.table_name = 'participants' AND k.table_schema = 'projet_sortie' /*!50116 AND c.constraint_schema = 'projet_sortie' */ AND k.`REFERENCED_COLUMN_NAME` is not NULL [] []
[2019-09-30 12:51:58] doctrine.DEBUG: SELECT TABLE_NAME AS `Table`, NON_UNIQUE AS Non_Unique, INDEX_NAME AS Key_name, SEQ_IN_INDEX AS Seq_in_index, COLUMN_NAME AS Column_Name, COLLATION AS Collation, CARDINALITY AS Cardinality, SUB_PART AS Sub_Part, PACKED AS Packed, NULLABLE AS `Null`, INDEX_TYPE AS Index_Type, COMMENT AS Comment FROM information_schema.STATISTICS WHERE TABLE_NAME = 'participants' AND TABLE_SCHEMA = 'projet_sortie' ORDER BY SEQ_IN_INDEX ASC [] []
[2019-09-30 12:51:58] doctrine.DEBUG: SELECT ENGINE, AUTO_INCREMENT, TABLE_COLLATION, TABLE_COMMENT, CREATE_OPTIONS FROM information_schema.TABLES WHERE TABLE_TYPE = 'BASE TABLE' AND TABLE_SCHEMA = DATABASE() AND TABLE_NAME = 'participants' [] []
[2019-09-30 12:51:58] doctrine.DEBUG: SELECT COLUMN_NAME AS Field, COLUMN_TYPE AS Type, IS_NULLABLE AS `Null`, COLUMN_KEY AS `Key`, COLUMN_DEFAULT AS `Default`, EXTRA AS Extra, COLUMN_COMMENT AS Comment, CHARACTER_SET_NAME AS CharacterSet, COLLATION_NAME AS Collation FROM information_schema.COLUMNS WHERE TABLE_SCHEMA = 'projet_sortie' AND TABLE_NAME = 'sites' ORDER BY ORDINAL_POSITION ASC [] []
[2019-09-30 12:51:58] doctrine.DEBUG: SELECT DISTINCT k.`CONSTRAINT_NAME`, k.`COLUMN_NAME`, k.`REFERENCED_TABLE_NAME`, k.`REFERENCED_COLUMN_NAME` /*!50116 , c.update_rule, c.delete_rule */ FROM information_schema.key_column_usage k /*!50116 INNER JOIN information_schema.referential_constraints c ON   c.constraint_name = k.constraint_name AND   c.table_name = 'sites' */ WHERE k.table_name = 'sites' AND k.table_schema = 'projet_sortie' /*!50116 AND c.constraint_schema = 'projet_sortie' */ AND k.`REFERENCED_COLUMN_NAME` is not NULL [] []
[2019-09-30 12:51:58] doctrine.DEBUG: SELECT TABLE_NAME AS `Table`, NON_UNIQUE AS Non_Unique, INDEX_NAME AS Key_name, SEQ_IN_INDEX AS Seq_in_index, COLUMN_NAME AS Column_Name, COLLATION AS Collation, CARDINALITY AS Cardinality, SUB_PART AS Sub_Part, PACKED AS Packed, NULLABLE AS `Null`, INDEX_TYPE AS Index_Type, COMMENT AS Comment FROM information_schema.STATISTICS WHERE TABLE_NAME = 'sites' AND TABLE_SCHEMA = 'projet_sortie' ORDER BY SEQ_IN_INDEX ASC [] []
[2019-09-30 12:51:58] doctrine.DEBUG: SELECT ENGINE, AUTO_INCREMENT, TABLE_COLLATION, TABLE_COMMENT, CREATE_OPTIONS FROM information_schema.TABLES WHERE TABLE_TYPE = 'BASE TABLE' AND TABLE_SCHEMA = DATABASE() AND TABLE_NAME = 'sites' [] []
[2019-09-30 12:51:58] doctrine.DEBUG: SELECT COLUMN_NAME AS Field, COLUMN_TYPE AS Type, IS_NULLABLE AS `Null`, COLUMN_KEY AS `Key`, COLUMN_DEFAULT AS `Default`, EXTRA AS Extra, COLUMN_COMMENT AS Comment, CHARACTER_SET_NAME AS CharacterSet, COLLATION_NAME AS Collation FROM information_schema.COLUMNS WHERE TABLE_SCHEMA = 'projet_sortie' AND TABLE_NAME = 'sorties' ORDER BY ORDINAL_POSITION ASC [] []
[2019-09-30 12:51:58] doctrine.DEBUG: SELECT DISTINCT k.`CONSTRAINT_NAME`, k.`COLUMN_NAME`, k.`REFERENCED_TABLE_NAME`, k.`REFERENCED_COLUMN_NAME` /*!50116 , c.update_rule, c.delete_rule */ FROM information_schema.key_column_usage k /*!50116 INNER JOIN information_schema.referential_constraints c ON   c.constraint_name = k.constraint_name AND   c.table_name = 'sorties' */ WHERE k.table_name = 'sorties' AND k.table_schema = 'projet_sortie' /*!50116 AND c.constraint_schema = 'projet_sortie' */ AND k.`REFERENCED_COLUMN_NAME` is not NULL [] []
[2019-09-30 12:51:58] doctrine.DEBUG: SELECT TABLE_NAME AS `Table`, NON_UNIQUE AS Non_Unique, INDEX_NAME AS Key_name, SEQ_IN_INDEX AS Seq_in_index, COLUMN_NAME AS Column_Name, COLLATION AS Collation, CARDINALITY AS Cardinality, SUB_PART AS Sub_Part, PACKED AS Packed, NULLABLE AS `Null`, INDEX_TYPE AS Index_Type, COMMENT AS Comment FROM information_schema.STATISTICS WHERE TABLE_NAME = 'sorties' AND TABLE_SCHEMA = 'projet_sortie' ORDER BY SEQ_IN_INDEX ASC [] []
[2019-09-30 12:51:58] doctrine.DEBUG: SELECT ENGINE, AUTO_INCREMENT, TABLE_COLLATION, TABLE_COMMENT, CREATE_OPTIONS FROM information_schema.TABLES WHERE TABLE_TYPE = 'BASE TABLE' AND TABLE_SCHEMA = DATABASE() AND TABLE_NAME = 'sorties' [] []
[2019-09-30 12:51:58] doctrine.DEBUG: SELECT COLUMN_NAME AS Field, COLUMN_TYPE AS Type, IS_NULLABLE AS `Null`, COLUMN_KEY AS `Key`, COLUMN_DEFAULT AS `Default`, EXTRA AS Extra, COLUMN_COMMENT AS Comment, CHARACTER_SET_NAME AS CharacterSet, COLLATION_NAME AS Collation FROM information_schema.COLUMNS WHERE TABLE_SCHEMA = 'projet_sortie' AND TABLE_NAME = 'villes' ORDER BY ORDINAL_POSITION ASC [] []
[2019-09-30 12:51:58] doctrine.DEBUG: SELECT DISTINCT k.`CONSTRAINT_NAME`, k.`COLUMN_NAME`, k.`REFERENCED_TABLE_NAME`, k.`REFERENCED_COLUMN_NAME` /*!50116 , c.update_rule, c.delete_rule */ FROM information_schema.key_column_usage k /*!50116 INNER JOIN information_schema.referential_constraints c ON   c.constraint_name = k.constraint_name AND   c.table_name = 'villes' */ WHERE k.table_name = 'villes' AND k.table_schema = 'projet_sortie' /*!50116 AND c.constraint_schema = 'projet_sortie' */ AND k.`REFERENCED_COLUMN_NAME` is not NULL [] []
[2019-09-30 12:51:58] doctrine.DEBUG: SELECT TABLE_NAME AS `Table`, NON_UNIQUE AS Non_Unique, INDEX_NAME AS Key_name, SEQ_IN_INDEX AS Seq_in_index, COLUMN_NAME AS Column_Name, COLLATION AS Collation, CARDINALITY AS Cardinality, SUB_PART AS Sub_Part, PACKED AS Packed, NULLABLE AS `Null`, INDEX_TYPE AS Index_Type, COMMENT AS Comment FROM information_schema.STATISTICS WHERE TABLE_NAME = 'villes' AND TABLE_SCHEMA = 'projet_sortie' ORDER BY SEQ_IN_INDEX ASC [] []
[2019-09-30 12:51:58] doctrine.DEBUG: SELECT ENGINE, AUTO_INCREMENT, TABLE_COLLATION, TABLE_COMMENT, CREATE_OPTIONS FROM information_schema.TABLES WHERE TABLE_TYPE = 'BASE TABLE' AND TABLE_SCHEMA = DATABASE() AND TABLE_NAME = 'villes' [] []
[2019-09-30 12:52:57] doctrine.DEBUG: SHOW FULL TABLES WHERE Table_type = 'BASE TABLE' [] []
[2019-09-30 12:52:57] doctrine.DEBUG: SELECT COLUMN_NAME AS Field, COLUMN_TYPE AS Type, IS_NULLABLE AS `Null`, COLUMN_KEY AS `Key`, COLUMN_DEFAULT AS `Default`, EXTRA AS Extra, COLUMN_COMMENT AS Comment, CHARACTER_SET_NAME AS CharacterSet, COLLATION_NAME AS Collation FROM information_schema.COLUMNS WHERE TABLE_SCHEMA = 'projet_sortie' AND TABLE_NAME = 'etats' ORDER BY ORDINAL_POSITION ASC [] []
[2019-09-30 12:52:57] doctrine.DEBUG: SELECT DISTINCT k.`CONSTRAINT_NAME`, k.`COLUMN_NAME`, k.`REFERENCED_TABLE_NAME`, k.`REFERENCED_COLUMN_NAME` /*!50116 , c.update_rule, c.delete_rule */ FROM information_schema.key_column_usage k /*!50116 INNER JOIN information_schema.referential_constraints c ON   c.constraint_name = k.constraint_name AND   c.table_name = 'etats' */ WHERE k.table_name = 'etats' AND k.table_schema = 'projet_sortie' /*!50116 AND c.constraint_schema = 'projet_sortie' */ AND k.`REFERENCED_COLUMN_NAME` is not NULL [] []
[2019-09-30 12:52:57] doctrine.DEBUG: SELECT TABLE_NAME AS `Table`, NON_UNIQUE AS Non_Unique, INDEX_NAME AS Key_name, SEQ_IN_INDEX AS Seq_in_index, COLUMN_NAME AS Column_Name, COLLATION AS Collation, CARDINALITY AS Cardinality, SUB_PART AS Sub_Part, PACKED AS Packed, NULLABLE AS `Null`, INDEX_TYPE AS Index_Type, COMMENT AS Comment FROM information_schema.STATISTICS WHERE TABLE_NAME = 'etats' AND TABLE_SCHEMA = 'projet_sortie' ORDER BY SEQ_IN_INDEX ASC [] []
[2019-09-30 12:52:57] doctrine.DEBUG: SELECT ENGINE, AUTO_INCREMENT, TABLE_COLLATION, TABLE_COMMENT, CREATE_OPTIONS FROM information_schema.TABLES WHERE TABLE_TYPE = 'BASE TABLE' AND TABLE_SCHEMA = DATABASE() AND TABLE_NAME = 'etats' [] []
[2019-09-30 12:52:57] doctrine.DEBUG: SELECT COLUMN_NAME AS Field, COLUMN_TYPE AS Type, IS_NULLABLE AS `Null`, COLUMN_KEY AS `Key`, COLUMN_DEFAULT AS `Default`, EXTRA AS Extra, COLUMN_COMMENT AS Comment, CHARACTER_SET_NAME AS CharacterSet, COLLATION_NAME AS Collation FROM information_schema.COLUMNS WHERE TABLE_SCHEMA = 'projet_sortie' AND TABLE_NAME = 'inscriptions' ORDER BY ORDINAL_POSITION ASC [] []
[2019-09-30 12:52:57] doctrine.DEBUG: SELECT DISTINCT k.`CONSTRAINT_NAME`, k.`COLUMN_NAME`, k.`REFERENCED_TABLE_NAME`, k.`REFERENCED_COLUMN_NAME` /*!50116 , c.update_rule, c.delete_rule */ FROM information_schema.key_column_usage k /*!50116 INNER JOIN information_schema.referential_constraints c ON   c.constraint_name = k.constraint_name AND   c.table_name = 'inscriptions' */ WHERE k.table_name = 'inscriptions' AND k.table_schema = 'projet_sortie' /*!50116 AND c.constraint_schema = 'projet_sortie' */ AND k.`REFERENCED_COLUMN_NAME` is not NULL [] []
[2019-09-30 12:52:57] doctrine.DEBUG: SELECT TABLE_NAME AS `Table`, NON_UNIQUE AS Non_Unique, INDEX_NAME AS Key_name, SEQ_IN_INDEX AS Seq_in_index, COLUMN_NAME AS Column_Name, COLLATION AS Collation, CARDINALITY AS Cardinality, SUB_PART AS Sub_Part, PACKED AS Packed, NULLABLE AS `Null`, INDEX_TYPE AS Index_Type, COMMENT AS Comment FROM information_schema.STATISTICS WHERE TABLE_NAME = 'inscriptions' AND TABLE_SCHEMA = 'projet_sortie' ORDER BY SEQ_IN_INDEX ASC [] []
[2019-09-30 12:52:57] doctrine.DEBUG: SELECT ENGINE, AUTO_INCREMENT, TABLE_COLLATION, TABLE_COMMENT, CREATE_OPTIONS FROM information_schema.TABLES WHERE TABLE_TYPE = 'BASE TABLE' AND TABLE_SCHEMA = DATABASE() AND TABLE_NAME = 'inscriptions' [] []
[2019-09-30 12:52:57] doctrine.DEBUG: SELECT COLUMN_NAME AS Field, COLUMN_TYPE AS Type, IS_NULLABLE AS `Null`, COLUMN_KEY AS `Key`, COLUMN_DEFAULT AS `Default`, EXTRA AS Extra, COLUMN_COMMENT AS Comment, CHARACTER_SET_NAME AS CharacterSet, COLLATION_NAME AS Collation FROM information_schema.COLUMNS WHERE TABLE_SCHEMA = 'projet_sortie' AND TABLE_NAME = 'lieux' ORDER BY ORDINAL_POSITION ASC [] []
[2019-09-30 12:52:57] doctrine.DEBUG: SELECT DISTINCT k.`CONSTRAINT_NAME`, k.`COLUMN_NAME`, k.`REFERENCED_TABLE_NAME`, k.`REFERENCED_COLUMN_NAME` /*!50116 , c.update_rule, c.delete_rule */ FROM information_schema.key_column_usage k /*!50116 INNER JOIN information_schema.referential_constraints c ON   c.constraint_name = k.constraint_name AND   c.table_name = 'lieux' */ WHERE k.table_name = 'lieux' AND k.table_schema = 'projet_sortie' /*!50116 AND c.constraint_schema = 'projet_sortie' */ AND k.`REFERENCED_COLUMN_NAME` is not NULL [] []
[2019-09-30 12:52:57] doctrine.DEBUG: SELECT TABLE_NAME AS `Table`, NON_UNIQUE AS Non_Unique, INDEX_NAME AS Key_name, SEQ_IN_INDEX AS Seq_in_index, COLUMN_NAME AS Column_Name, COLLATION AS Collation, CARDINALITY AS Cardinality, SUB_PART AS Sub_Part, PACKED AS Packed, NULLABLE AS `Null`, INDEX_TYPE AS Index_Type, COMMENT AS Comment FROM information_schema.STATISTICS WHERE TABLE_NAME = 'lieux' AND TABLE_SCHEMA = 'projet_sortie' ORDER BY SEQ_IN_INDEX ASC [] []
[2019-09-30 12:52:57] doctrine.DEBUG: SELECT ENGINE, AUTO_INCREMENT, TABLE_COLLATION, TABLE_COMMENT, CREATE_OPTIONS FROM information_schema.TABLES WHERE TABLE_TYPE = 'BASE TABLE' AND TABLE_SCHEMA = DATABASE() AND TABLE_NAME = 'lieux' [] []
[2019-09-30 12:52:57] doctrine.DEBUG: SELECT COLUMN_NAME AS Field, COLUMN_TYPE AS Type, IS_NULLABLE AS `Null`, COLUMN_KEY AS `Key`, COLUMN_DEFAULT AS `Default`, EXTRA AS Extra, COLUMN_COMMENT AS Comment, CHARACTER_SET_NAME AS CharacterSet, COLLATION_NAME AS Collation FROM information_schema.COLUMNS WHERE TABLE_SCHEMA = 'projet_sortie' AND TABLE_NAME = 'participants' ORDER BY ORDINAL_POSITION ASC [] []
[2019-09-30 12:52:57] doctrine.DEBUG: SELECT DISTINCT k.`CONSTRAINT_NAME`, k.`COLUMN_NAME`, k.`REFERENCED_TABLE_NAME`, k.`REFERENCED_COLUMN_NAME` /*!50116 , c.update_rule, c.delete_rule */ FROM information_schema.key_column_usage k /*!50116 INNER JOIN information_schema.referential_constraints c ON   c.constraint_name = k.constraint_name AND   c.table_name = 'participants' */ WHERE k.table_name = 'participants' AND k.table_schema = 'projet_sortie' /*!50116 AND c.constraint_schema = 'projet_sortie' */ AND k.`REFERENCED_COLUMN_NAME` is not NULL [] []
[2019-09-30 12:52:57] doctrine.DEBUG: SELECT TABLE_NAME AS `Table`, NON_UNIQUE AS Non_Unique, INDEX_NAME AS Key_name, SEQ_IN_INDEX AS Seq_in_index, COLUMN_NAME AS Column_Name, COLLATION AS Collation, CARDINALITY AS Cardinality, SUB_PART AS Sub_Part, PACKED AS Packed, NULLABLE AS `Null`, INDEX_TYPE AS Index_Type, COMMENT AS Comment FROM information_schema.STATISTICS WHERE TABLE_NAME = 'participants' AND TABLE_SCHEMA = 'projet_sortie' ORDER BY SEQ_IN_INDEX ASC [] []
[2019-09-30 12:52:57] doctrine.DEBUG: SELECT ENGINE, AUTO_INCREMENT, TABLE_COLLATION, TABLE_COMMENT, CREATE_OPTIONS FROM information_schema.TABLES WHERE TABLE_TYPE = 'BASE TABLE' AND TABLE_SCHEMA = DATABASE() AND TABLE_NAME = 'participants' [] []
[2019-09-30 12:52:57] doctrine.DEBUG: SELECT COLUMN_NAME AS Field, COLUMN_TYPE AS Type, IS_NULLABLE AS `Null`, COLUMN_KEY AS `Key`, COLUMN_DEFAULT AS `Default`, EXTRA AS Extra, COLUMN_COMMENT AS Comment, CHARACTER_SET_NAME AS CharacterSet, COLLATION_NAME AS Collation FROM information_schema.COLUMNS WHERE TABLE_SCHEMA = 'projet_sortie' AND TABLE_NAME = 'sites' ORDER BY ORDINAL_POSITION ASC [] []
[2019-09-30 12:52:57] doctrine.DEBUG: SELECT DISTINCT k.`CONSTRAINT_NAME`, k.`COLUMN_NAME`, k.`REFERENCED_TABLE_NAME`, k.`REFERENCED_COLUMN_NAME` /*!50116 , c.update_rule, c.delete_rule */ FROM information_schema.key_column_usage k /*!50116 INNER JOIN information_schema.referential_constraints c ON   c.constraint_name = k.constraint_name AND   c.table_name = 'sites' */ WHERE k.table_name = 'sites' AND k.table_schema = 'projet_sortie' /*!50116 AND c.constraint_schema = 'projet_sortie' */ AND k.`REFERENCED_COLUMN_NAME` is not NULL [] []
[2019-09-30 12:52:57] doctrine.DEBUG: SELECT TABLE_NAME AS `Table`, NON_UNIQUE AS Non_Unique, INDEX_NAME AS Key_name, SEQ_IN_INDEX AS Seq_in_index, COLUMN_NAME AS Column_Name, COLLATION AS Collation, CARDINALITY AS Cardinality, SUB_PART AS Sub_Part, PACKED AS Packed, NULLABLE AS `Null`, INDEX_TYPE AS Index_Type, COMMENT AS Comment FROM information_schema.STATISTICS WHERE TABLE_NAME = 'sites' AND TABLE_SCHEMA = 'projet_sortie' ORDER BY SEQ_IN_INDEX ASC [] []
[2019-09-30 12:52:57] doctrine.DEBUG: SELECT ENGINE, AUTO_INCREMENT, TABLE_COLLATION, TABLE_COMMENT, CREATE_OPTIONS FROM information_schema.TABLES WHERE TABLE_TYPE = 'BASE TABLE' AND TABLE_SCHEMA = DATABASE() AND TABLE_NAME = 'sites' [] []
[2019-09-30 12:52:57] doctrine.DEBUG: SELECT COLUMN_NAME AS Field, COLUMN_TYPE AS Type, IS_NULLABLE AS `Null`, COLUMN_KEY AS `Key`, COLUMN_DEFAULT AS `Default`, EXTRA AS Extra, COLUMN_COMMENT AS Comment, CHARACTER_SET_NAME AS CharacterSet, COLLATION_NAME AS Collation FROM information_schema.COLUMNS WHERE TABLE_SCHEMA = 'projet_sortie' AND TABLE_NAME = 'sorties' ORDER BY ORDINAL_POSITION ASC [] []
[2019-09-30 12:52:57] doctrine.DEBUG: SELECT DISTINCT k.`CONSTRAINT_NAME`, k.`COLUMN_NAME`, k.`REFERENCED_TABLE_NAME`, k.`REFERENCED_COLUMN_NAME` /*!50116 , c.update_rule, c.delete_rule */ FROM information_schema.key_column_usage k /*!50116 INNER JOIN information_schema.referential_constraints c ON   c.constraint_name = k.constraint_name AND   c.table_name = 'sorties' */ WHERE k.table_name = 'sorties' AND k.table_schema = 'projet_sortie' /*!50116 AND c.constraint_schema = 'projet_sortie' */ AND k.`REFERENCED_COLUMN_NAME` is not NULL [] []
[2019-09-30 12:52:57] doctrine.DEBUG: SELECT TABLE_NAME AS `Table`, NON_UNIQUE AS Non_Unique, INDEX_NAME AS Key_name, SEQ_IN_INDEX AS Seq_in_index, COLUMN_NAME AS Column_Name, COLLATION AS Collation, CARDINALITY AS Cardinality, SUB_PART AS Sub_Part, PACKED AS Packed, NULLABLE AS `Null`, INDEX_TYPE AS Index_Type, COMMENT AS Comment FROM information_schema.STATISTICS WHERE TABLE_NAME = 'sorties' AND TABLE_SCHEMA = 'projet_sortie' ORDER BY SEQ_IN_INDEX ASC [] []
[2019-09-30 12:52:57] doctrine.DEBUG: SELECT ENGINE, AUTO_INCREMENT, TABLE_COLLATION, TABLE_COMMENT, CREATE_OPTIONS FROM information_schema.TABLES WHERE TABLE_TYPE = 'BASE TABLE' AND TABLE_SCHEMA = DATABASE() AND TABLE_NAME = 'sorties' [] []
[2019-09-30 12:52:57] doctrine.DEBUG: SELECT COLUMN_NAME AS Field, COLUMN_TYPE AS Type, IS_NULLABLE AS `Null`, COLUMN_KEY AS `Key`, COLUMN_DEFAULT AS `Default`, EXTRA AS Extra, COLUMN_COMMENT AS Comment, CHARACTER_SET_NAME AS CharacterSet, COLLATION_NAME AS Collation FROM information_schema.COLUMNS WHERE TABLE_SCHEMA = 'projet_sortie' AND TABLE_NAME = 'villes' ORDER BY ORDINAL_POSITION ASC [] []
[2019-09-30 12:52:57] doctrine.DEBUG: SELECT DISTINCT k.`CONSTRAINT_NAME`, k.`COLUMN_NAME`, k.`REFERENCED_TABLE_NAME`, k.`REFERENCED_COLUMN_NAME` /*!50116 , c.update_rule, c.delete_rule */ FROM information_schema.key_column_usage k /*!50116 INNER JOIN information_schema.referential_constraints c ON   c.constraint_name = k.constraint_name AND   c.table_name = 'villes' */ WHERE k.table_name = 'villes' AND k.table_schema = 'projet_sortie' /*!50116 AND c.constraint_schema = 'projet_sortie' */ AND k.`REFERENCED_COLUMN_NAME` is not NULL [] []
[2019-09-30 12:52:57] doctrine.DEBUG: SELECT TABLE_NAME AS `Table`, NON_UNIQUE AS Non_Unique, INDEX_NAME AS Key_name, SEQ_IN_INDEX AS Seq_in_index, COLUMN_NAME AS Column_Name, COLLATION AS Collation, CARDINALITY AS Cardinality, SUB_PART AS Sub_Part, PACKED AS Packed, NULLABLE AS `Null`, INDEX_TYPE AS Index_Type, COMMENT AS Comment FROM information_schema.STATISTICS WHERE TABLE_NAME = 'villes' AND TABLE_SCHEMA = 'projet_sortie' ORDER BY SEQ_IN_INDEX ASC [] []
[2019-09-30 12:52:57] doctrine.DEBUG: SELECT ENGINE, AUTO_INCREMENT, TABLE_COLLATION, TABLE_COMMENT, CREATE_OPTIONS FROM information_schema.TABLES WHERE TABLE_TYPE = 'BASE TABLE' AND TABLE_SCHEMA = DATABASE() AND TABLE_NAME = 'villes' [] []
[2019-09-30 12:56:42] doctrine.DEBUG: SHOW FULL TABLES WHERE Table_type = 'BASE TABLE' [] []
[2019-09-30 12:56:42] doctrine.DEBUG: SELECT COLUMN_NAME AS Field, COLUMN_TYPE AS Type, IS_NULLABLE AS `Null`, COLUMN_KEY AS `Key`, COLUMN_DEFAULT AS `Default`, EXTRA AS Extra, COLUMN_COMMENT AS Comment, CHARACTER_SET_NAME AS CharacterSet, COLLATION_NAME AS Collation FROM information_schema.COLUMNS WHERE TABLE_SCHEMA = 'projet_sortie' AND TABLE_NAME = 'etats' ORDER BY ORDINAL_POSITION ASC [] []
[2019-09-30 12:56:42] doctrine.DEBUG: SELECT DISTINCT k.`CONSTRAINT_NAME`, k.`COLUMN_NAME`, k.`REFERENCED_TABLE_NAME`, k.`REFERENCED_COLUMN_NAME` /*!50116 , c.update_rule, c.delete_rule */ FROM information_schema.key_column_usage k /*!50116 INNER JOIN information_schema.referential_constraints c ON   c.constraint_name = k.constraint_name AND   c.table_name = 'etats' */ WHERE k.table_name = 'etats' AND k.table_schema = 'projet_sortie' /*!50116 AND c.constraint_schema = 'projet_sortie' */ AND k.`REFERENCED_COLUMN_NAME` is not NULL [] []
[2019-09-30 12:56:42] doctrine.DEBUG: SELECT TABLE_NAME AS `Table`, NON_UNIQUE AS Non_Unique, INDEX_NAME AS Key_name, SEQ_IN_INDEX AS Seq_in_index, COLUMN_NAME AS Column_Name, COLLATION AS Collation, CARDINALITY AS Cardinality, SUB_PART AS Sub_Part, PACKED AS Packed, NULLABLE AS `Null`, INDEX_TYPE AS Index_Type, COMMENT AS Comment FROM information_schema.STATISTICS WHERE TABLE_NAME = 'etats' AND TABLE_SCHEMA = 'projet_sortie' ORDER BY SEQ_IN_INDEX ASC [] []
[2019-09-30 12:56:42] doctrine.DEBUG: SELECT ENGINE, AUTO_INCREMENT, TABLE_COLLATION, TABLE_COMMENT, CREATE_OPTIONS FROM information_schema.TABLES WHERE TABLE_TYPE = 'BASE TABLE' AND TABLE_SCHEMA = DATABASE() AND TABLE_NAME = 'etats' [] []
[2019-09-30 12:56:42] doctrine.DEBUG: SELECT COLUMN_NAME AS Field, COLUMN_TYPE AS Type, IS_NULLABLE AS `Null`, COLUMN_KEY AS `Key`, COLUMN_DEFAULT AS `Default`, EXTRA AS Extra, COLUMN_COMMENT AS Comment, CHARACTER_SET_NAME AS CharacterSet, COLLATION_NAME AS Collation FROM information_schema.COLUMNS WHERE TABLE_SCHEMA = 'projet_sortie' AND TABLE_NAME = 'inscriptions' ORDER BY ORDINAL_POSITION ASC [] []
[2019-09-30 12:56:42] doctrine.DEBUG: SELECT DISTINCT k.`CONSTRAINT_NAME`, k.`COLUMN_NAME`, k.`REFERENCED_TABLE_NAME`, k.`REFERENCED_COLUMN_NAME` /*!50116 , c.update_rule, c.delete_rule */ FROM information_schema.key_column_usage k /*!50116 INNER JOIN information_schema.referential_constraints c ON   c.constraint_name = k.constraint_name AND   c.table_name = 'inscriptions' */ WHERE k.table_name = 'inscriptions' AND k.table_schema = 'projet_sortie' /*!50116 AND c.constraint_schema = 'projet_sortie' */ AND k.`REFERENCED_COLUMN_NAME` is not NULL [] []
[2019-09-30 12:56:42] doctrine.DEBUG: SELECT TABLE_NAME AS `Table`, NON_UNIQUE AS Non_Unique, INDEX_NAME AS Key_name, SEQ_IN_INDEX AS Seq_in_index, COLUMN_NAME AS Column_Name, COLLATION AS Collation, CARDINALITY AS Cardinality, SUB_PART AS Sub_Part, PACKED AS Packed, NULLABLE AS `Null`, INDEX_TYPE AS Index_Type, COMMENT AS Comment FROM information_schema.STATISTICS WHERE TABLE_NAME = 'inscriptions' AND TABLE_SCHEMA = 'projet_sortie' ORDER BY SEQ_IN_INDEX ASC [] []
[2019-09-30 12:56:42] doctrine.DEBUG: SELECT ENGINE, AUTO_INCREMENT, TABLE_COLLATION, TABLE_COMMENT, CREATE_OPTIONS FROM information_schema.TABLES WHERE TABLE_TYPE = 'BASE TABLE' AND TABLE_SCHEMA = DATABASE() AND TABLE_NAME = 'inscriptions' [] []
[2019-09-30 12:56:42] doctrine.DEBUG: SELECT COLUMN_NAME AS Field, COLUMN_TYPE AS Type, IS_NULLABLE AS `Null`, COLUMN_KEY AS `Key`, COLUMN_DEFAULT AS `Default`, EXTRA AS Extra, COLUMN_COMMENT AS Comment, CHARACTER_SET_NAME AS CharacterSet, COLLATION_NAME AS Collation FROM information_schema.COLUMNS WHERE TABLE_SCHEMA = 'projet_sortie' AND TABLE_NAME = 'lieux' ORDER BY ORDINAL_POSITION ASC [] []
[2019-09-30 12:56:42] doctrine.DEBUG: SELECT DISTINCT k.`CONSTRAINT_NAME`, k.`COLUMN_NAME`, k.`REFERENCED_TABLE_NAME`, k.`REFERENCED_COLUMN_NAME` /*!50116 , c.update_rule, c.delete_rule */ FROM information_schema.key_column_usage k /*!50116 INNER JOIN information_schema.referential_constraints c ON   c.constraint_name = k.constraint_name AND   c.table_name = 'lieux' */ WHERE k.table_name = 'lieux' AND k.table_schema = 'projet_sortie' /*!50116 AND c.constraint_schema = 'projet_sortie' */ AND k.`REFERENCED_COLUMN_NAME` is not NULL [] []
[2019-09-30 12:56:42] doctrine.DEBUG: SELECT TABLE_NAME AS `Table`, NON_UNIQUE AS Non_Unique, INDEX_NAME AS Key_name, SEQ_IN_INDEX AS Seq_in_index, COLUMN_NAME AS Column_Name, COLLATION AS Collation, CARDINALITY AS Cardinality, SUB_PART AS Sub_Part, PACKED AS Packed, NULLABLE AS `Null`, INDEX_TYPE AS Index_Type, COMMENT AS Comment FROM information_schema.STATISTICS WHERE TABLE_NAME = 'lieux' AND TABLE_SCHEMA = 'projet_sortie' ORDER BY SEQ_IN_INDEX ASC [] []
[2019-09-30 12:56:42] doctrine.DEBUG: SELECT ENGINE, AUTO_INCREMENT, TABLE_COLLATION, TABLE_COMMENT, CREATE_OPTIONS FROM information_schema.TABLES WHERE TABLE_TYPE = 'BASE TABLE' AND TABLE_SCHEMA = DATABASE() AND TABLE_NAME = 'lieux' [] []
[2019-09-30 12:56:42] doctrine.DEBUG: SELECT COLUMN_NAME AS Field, COLUMN_TYPE AS Type, IS_NULLABLE AS `Null`, COLUMN_KEY AS `Key`, COLUMN_DEFAULT AS `Default`, EXTRA AS Extra, COLUMN_COMMENT AS Comment, CHARACTER_SET_NAME AS CharacterSet, COLLATION_NAME AS Collation FROM information_schema.COLUMNS WHERE TABLE_SCHEMA = 'projet_sortie' AND TABLE_NAME = 'participants' ORDER BY ORDINAL_POSITION ASC [] []
[2019-09-30 12:56:42] doctrine.DEBUG: SELECT DISTINCT k.`CONSTRAINT_NAME`, k.`COLUMN_NAME`, k.`REFERENCED_TABLE_NAME`, k.`REFERENCED_COLUMN_NAME` /*!50116 , c.update_rule, c.delete_rule */ FROM information_schema.key_column_usage k /*!50116 INNER JOIN information_schema.referential_constraints c ON   c.constraint_name = k.constraint_name AND   c.table_name = 'participants' */ WHERE k.table_name = 'participants' AND k.table_schema = 'projet_sortie' /*!50116 AND c.constraint_schema = 'projet_sortie' */ AND k.`REFERENCED_COLUMN_NAME` is not NULL [] []
[2019-09-30 12:56:42] doctrine.DEBUG: SELECT TABLE_NAME AS `Table`, NON_UNIQUE AS Non_Unique, INDEX_NAME AS Key_name, SEQ_IN_INDEX AS Seq_in_index, COLUMN_NAME AS Column_Name, COLLATION AS Collation, CARDINALITY AS Cardinality, SUB_PART AS Sub_Part, PACKED AS Packed, NULLABLE AS `Null`, INDEX_TYPE AS Index_Type, COMMENT AS Comment FROM information_schema.STATISTICS WHERE TABLE_NAME = 'participants' AND TABLE_SCHEMA = 'projet_sortie' ORDER BY SEQ_IN_INDEX ASC [] []
[2019-09-30 12:56:42] doctrine.DEBUG: SELECT ENGINE, AUTO_INCREMENT, TABLE_COLLATION, TABLE_COMMENT, CREATE_OPTIONS FROM information_schema.TABLES WHERE TABLE_TYPE = 'BASE TABLE' AND TABLE_SCHEMA = DATABASE() AND TABLE_NAME = 'participants' [] []
[2019-09-30 12:56:42] doctrine.DEBUG: SELECT COLUMN_NAME AS Field, COLUMN_TYPE AS Type, IS_NULLABLE AS `Null`, COLUMN_KEY AS `Key`, COLUMN_DEFAULT AS `Default`, EXTRA AS Extra, COLUMN_COMMENT AS Comment, CHARACTER_SET_NAME AS CharacterSet, COLLATION_NAME AS Collation FROM information_schema.COLUMNS WHERE TABLE_SCHEMA = 'projet_sortie' AND TABLE_NAME = 'sites' ORDER BY ORDINAL_POSITION ASC [] []
[2019-09-30 12:56:42] doctrine.DEBUG: SELECT DISTINCT k.`CONSTRAINT_NAME`, k.`COLUMN_NAME`, k.`REFERENCED_TABLE_NAME`, k.`REFERENCED_COLUMN_NAME` /*!50116 , c.update_rule, c.delete_rule */ FROM information_schema.key_column_usage k /*!50116 INNER JOIN information_schema.referential_constraints c ON   c.constraint_name = k.constraint_name AND   c.table_name = 'sites' */ WHERE k.table_name = 'sites' AND k.table_schema = 'projet_sortie' /*!50116 AND c.constraint_schema = 'projet_sortie' */ AND k.`REFERENCED_COLUMN_NAME` is not NULL [] []
[2019-09-30 12:56:42] doctrine.DEBUG: SELECT TABLE_NAME AS `Table`, NON_UNIQUE AS Non_Unique, INDEX_NAME AS Key_name, SEQ_IN_INDEX AS Seq_in_index, COLUMN_NAME AS Column_Name, COLLATION AS Collation, CARDINALITY AS Cardinality, SUB_PART AS Sub_Part, PACKED AS Packed, NULLABLE AS `Null`, INDEX_TYPE AS Index_Type, COMMENT AS Comment FROM information_schema.STATISTICS WHERE TABLE_NAME = 'sites' AND TABLE_SCHEMA = 'projet_sortie' ORDER BY SEQ_IN_INDEX ASC [] []
[2019-09-30 12:56:42] doctrine.DEBUG: SELECT ENGINE, AUTO_INCREMENT, TABLE_COLLATION, TABLE_COMMENT, CREATE_OPTIONS FROM information_schema.TABLES WHERE TABLE_TYPE = 'BASE TABLE' AND TABLE_SCHEMA = DATABASE() AND TABLE_NAME = 'sites' [] []
[2019-09-30 12:56:42] doctrine.DEBUG: SELECT COLUMN_NAME AS Field, COLUMN_TYPE AS Type, IS_NULLABLE AS `Null`, COLUMN_KEY AS `Key`, COLUMN_DEFAULT AS `Default`, EXTRA AS Extra, COLUMN_COMMENT AS Comment, CHARACTER_SET_NAME AS CharacterSet, COLLATION_NAME AS Collation FROM information_schema.COLUMNS WHERE TABLE_SCHEMA = 'projet_sortie' AND TABLE_NAME = 'sorties' ORDER BY ORDINAL_POSITION ASC [] []
[2019-09-30 12:56:42] doctrine.DEBUG: SELECT DISTINCT k.`CONSTRAINT_NAME`, k.`COLUMN_NAME`, k.`REFERENCED_TABLE_NAME`, k.`REFERENCED_COLUMN_NAME` /*!50116 , c.update_rule, c.delete_rule */ FROM information_schema.key_column_usage k /*!50116 INNER JOIN information_schema.referential_constraints c ON   c.constraint_name = k.constraint_name AND   c.table_name = 'sorties' */ WHERE k.table_name = 'sorties' AND k.table_schema = 'projet_sortie' /*!50116 AND c.constraint_schema = 'projet_sortie' */ AND k.`REFERENCED_COLUMN_NAME` is not NULL [] []
[2019-09-30 12:56:42] doctrine.DEBUG: SELECT TABLE_NAME AS `Table`, NON_UNIQUE AS Non_Unique, INDEX_NAME AS Key_name, SEQ_IN_INDEX AS Seq_in_index, COLUMN_NAME AS Column_Name, COLLATION AS Collation, CARDINALITY AS Cardinality, SUB_PART AS Sub_Part, PACKED AS Packed, NULLABLE AS `Null`, INDEX_TYPE AS Index_Type, COMMENT AS Comment FROM information_schema.STATISTICS WHERE TABLE_NAME = 'sorties' AND TABLE_SCHEMA = 'projet_sortie' ORDER BY SEQ_IN_INDEX ASC [] []
[2019-09-30 12:56:42] doctrine.DEBUG: SELECT ENGINE, AUTO_INCREMENT, TABLE_COLLATION, TABLE_COMMENT, CREATE_OPTIONS FROM information_schema.TABLES WHERE TABLE_TYPE = 'BASE TABLE' AND TABLE_SCHEMA = DATABASE() AND TABLE_NAME = 'sorties' [] []
[2019-09-30 12:56:42] doctrine.DEBUG: SELECT COLUMN_NAME AS Field, COLUMN_TYPE AS Type, IS_NULLABLE AS `Null`, COLUMN_KEY AS `Key`, COLUMN_DEFAULT AS `Default`, EXTRA AS Extra, COLUMN_COMMENT AS Comment, CHARACTER_SET_NAME AS CharacterSet, COLLATION_NAME AS Collation FROM information_schema.COLUMNS WHERE TABLE_SCHEMA = 'projet_sortie' AND TABLE_NAME = 'villes' ORDER BY ORDINAL_POSITION ASC [] []
[2019-09-30 12:56:42] doctrine.DEBUG: SELECT DISTINCT k.`CONSTRAINT_NAME`, k.`COLUMN_NAME`, k.`REFERENCED_TABLE_NAME`, k.`REFERENCED_COLUMN_NAME` /*!50116 , c.update_rule, c.delete_rule */ FROM information_schema.key_column_usage k /*!50116 INNER JOIN information_schema.referential_constraints c ON   c.constraint_name = k.constraint_name AND   c.table_name = 'villes' */ WHERE k.table_name = 'villes' AND k.table_schema = 'projet_sortie' /*!50116 AND c.constraint_schema = 'projet_sortie' */ AND k.`REFERENCED_COLUMN_NAME` is not NULL [] []
[2019-09-30 12:56:42] doctrine.DEBUG: SELECT TABLE_NAME AS `Table`, NON_UNIQUE AS Non_Unique, INDEX_NAME AS Key_name, SEQ_IN_INDEX AS Seq_in_index, COLUMN_NAME AS Column_Name, COLLATION AS Collation, CARDINALITY AS Cardinality, SUB_PART AS Sub_Part, PACKED AS Packed, NULLABLE AS `Null`, INDEX_TYPE AS Index_Type, COMMENT AS Comment FROM information_schema.STATISTICS WHERE TABLE_NAME = 'villes' AND TABLE_SCHEMA = 'projet_sortie' ORDER BY SEQ_IN_INDEX ASC [] []
[2019-09-30 12:56:42] doctrine.DEBUG: SELECT ENGINE, AUTO_INCREMENT, TABLE_COLLATION, TABLE_COMMENT, CREATE_OPTIONS FROM information_schema.TABLES WHERE TABLE_TYPE = 'BASE TABLE' AND TABLE_SCHEMA = DATABASE() AND TABLE_NAME = 'villes' [] []
[2019-09-30 13:06:44] doctrine.DEBUG: SHOW FULL TABLES WHERE Table_type = 'BASE TABLE' [] []
[2019-09-30 13:06:44] doctrine.DEBUG: SELECT COLUMN_NAME AS Field, COLUMN_TYPE AS Type, IS_NULLABLE AS `Null`, COLUMN_KEY AS `Key`, COLUMN_DEFAULT AS `Default`, EXTRA AS Extra, COLUMN_COMMENT AS Comment, CHARACTER_SET_NAME AS CharacterSet, COLLATION_NAME AS Collation FROM information_schema.COLUMNS WHERE TABLE_SCHEMA = 'projet_sortie' AND TABLE_NAME = 'etats' ORDER BY ORDINAL_POSITION ASC [] []
[2019-09-30 13:06:44] doctrine.DEBUG: SELECT DISTINCT k.`CONSTRAINT_NAME`, k.`COLUMN_NAME`, k.`REFERENCED_TABLE_NAME`, k.`REFERENCED_COLUMN_NAME` /*!50116 , c.update_rule, c.delete_rule */ FROM information_schema.key_column_usage k /*!50116 INNER JOIN information_schema.referential_constraints c ON   c.constraint_name = k.constraint_name AND   c.table_name = 'etats' */ WHERE k.table_name = 'etats' AND k.table_schema = 'projet_sortie' /*!50116 AND c.constraint_schema = 'projet_sortie' */ AND k.`REFERENCED_COLUMN_NAME` is not NULL [] []
[2019-09-30 13:06:44] doctrine.DEBUG: SELECT TABLE_NAME AS `Table`, NON_UNIQUE AS Non_Unique, INDEX_NAME AS Key_name, SEQ_IN_INDEX AS Seq_in_index, COLUMN_NAME AS Column_Name, COLLATION AS Collation, CARDINALITY AS Cardinality, SUB_PART AS Sub_Part, PACKED AS Packed, NULLABLE AS `Null`, INDEX_TYPE AS Index_Type, COMMENT AS Comment FROM information_schema.STATISTICS WHERE TABLE_NAME = 'etats' AND TABLE_SCHEMA = 'projet_sortie' ORDER BY SEQ_IN_INDEX ASC [] []
[2019-09-30 13:06:44] doctrine.DEBUG: SELECT ENGINE, AUTO_INCREMENT, TABLE_COLLATION, TABLE_COMMENT, CREATE_OPTIONS FROM information_schema.TABLES WHERE TABLE_TYPE = 'BASE TABLE' AND TABLE_SCHEMA = DATABASE() AND TABLE_NAME = 'etats' [] []
[2019-09-30 13:06:44] doctrine.DEBUG: SELECT COLUMN_NAME AS Field, COLUMN_TYPE AS Type, IS_NULLABLE AS `Null`, COLUMN_KEY AS `Key`, COLUMN_DEFAULT AS `Default`, EXTRA AS Extra, COLUMN_COMMENT AS Comment, CHARACTER_SET_NAME AS CharacterSet, COLLATION_NAME AS Collation FROM information_schema.COLUMNS WHERE TABLE_SCHEMA = 'projet_sortie' AND TABLE_NAME = 'inscriptions' ORDER BY ORDINAL_POSITION ASC [] []
[2019-09-30 13:06:44] doctrine.DEBUG: SELECT DISTINCT k.`CONSTRAINT_NAME`, k.`COLUMN_NAME`, k.`REFERENCED_TABLE_NAME`, k.`REFERENCED_COLUMN_NAME` /*!50116 , c.update_rule, c.delete_rule */ FROM information_schema.key_column_usage k /*!50116 INNER JOIN information_schema.referential_constraints c ON   c.constraint_name = k.constraint_name AND   c.table_name = 'inscriptions' */ WHERE k.table_name = 'inscriptions' AND k.table_schema = 'projet_sortie' /*!50116 AND c.constraint_schema = 'projet_sortie' */ AND k.`REFERENCED_COLUMN_NAME` is not NULL [] []
[2019-09-30 13:06:44] doctrine.DEBUG: SELECT TABLE_NAME AS `Table`, NON_UNIQUE AS Non_Unique, INDEX_NAME AS Key_name, SEQ_IN_INDEX AS Seq_in_index, COLUMN_NAME AS Column_Name, COLLATION AS Collation, CARDINALITY AS Cardinality, SUB_PART AS Sub_Part, PACKED AS Packed, NULLABLE AS `Null`, INDEX_TYPE AS Index_Type, COMMENT AS Comment FROM information_schema.STATISTICS WHERE TABLE_NAME = 'inscriptions' AND TABLE_SCHEMA = 'projet_sortie' ORDER BY SEQ_IN_INDEX ASC [] []
[2019-09-30 13:06:44] doctrine.DEBUG: SELECT ENGINE, AUTO_INCREMENT, TABLE_COLLATION, TABLE_COMMENT, CREATE_OPTIONS FROM information_schema.TABLES WHERE TABLE_TYPE = 'BASE TABLE' AND TABLE_SCHEMA = DATABASE() AND TABLE_NAME = 'inscriptions' [] []
[2019-09-30 13:06:44] doctrine.DEBUG: SELECT COLUMN_NAME AS Field, COLUMN_TYPE AS Type, IS_NULLABLE AS `Null`, COLUMN_KEY AS `Key`, COLUMN_DEFAULT AS `Default`, EXTRA AS Extra, COLUMN_COMMENT AS Comment, CHARACTER_SET_NAME AS CharacterSet, COLLATION_NAME AS Collation FROM information_schema.COLUMNS WHERE TABLE_SCHEMA = 'projet_sortie' AND TABLE_NAME = 'lieux' ORDER BY ORDINAL_POSITION ASC [] []
[2019-09-30 13:06:44] doctrine.DEBUG: SELECT DISTINCT k.`CONSTRAINT_NAME`, k.`COLUMN_NAME`, k.`REFERENCED_TABLE_NAME`, k.`REFERENCED_COLUMN_NAME` /*!50116 , c.update_rule, c.delete_rule */ FROM information_schema.key_column_usage k /*!50116 INNER JOIN information_schema.referential_constraints c ON   c.constraint_name = k.constraint_name AND   c.table_name = 'lieux' */ WHERE k.table_name = 'lieux' AND k.table_schema = 'projet_sortie' /*!50116 AND c.constraint_schema = 'projet_sortie' */ AND k.`REFERENCED_COLUMN_NAME` is not NULL [] []
[2019-09-30 13:06:44] doctrine.DEBUG: SELECT TABLE_NAME AS `Table`, NON_UNIQUE AS Non_Unique, INDEX_NAME AS Key_name, SEQ_IN_INDEX AS Seq_in_index, COLUMN_NAME AS Column_Name, COLLATION AS Collation, CARDINALITY AS Cardinality, SUB_PART AS Sub_Part, PACKED AS Packed, NULLABLE AS `Null`, INDEX_TYPE AS Index_Type, COMMENT AS Comment FROM information_schema.STATISTICS WHERE TABLE_NAME = 'lieux' AND TABLE_SCHEMA = 'projet_sortie' ORDER BY SEQ_IN_INDEX ASC [] []
[2019-09-30 13:06:44] doctrine.DEBUG: SELECT ENGINE, AUTO_INCREMENT, TABLE_COLLATION, TABLE_COMMENT, CREATE_OPTIONS FROM information_schema.TABLES WHERE TABLE_TYPE = 'BASE TABLE' AND TABLE_SCHEMA = DATABASE() AND TABLE_NAME = 'lieux' [] []
[2019-09-30 13:06:44] doctrine.DEBUG: SELECT COLUMN_NAME AS Field, COLUMN_TYPE AS Type, IS_NULLABLE AS `Null`, COLUMN_KEY AS `Key`, COLUMN_DEFAULT AS `Default`, EXTRA AS Extra, COLUMN_COMMENT AS Comment, CHARACTER_SET_NAME AS CharacterSet, COLLATION_NAME AS Collation FROM information_schema.COLUMNS WHERE TABLE_SCHEMA = 'projet_sortie' AND TABLE_NAME = 'participants' ORDER BY ORDINAL_POSITION ASC [] []
[2019-09-30 13:06:44] doctrine.DEBUG: SELECT DISTINCT k.`CONSTRAINT_NAME`, k.`COLUMN_NAME`, k.`REFERENCED_TABLE_NAME`, k.`REFERENCED_COLUMN_NAME` /*!50116 , c.update_rule, c.delete_rule */ FROM information_schema.key_column_usage k /*!50116 INNER JOIN information_schema.referential_constraints c ON   c.constraint_name = k.constraint_name AND   c.table_name = 'participants' */ WHERE k.table_name = 'participants' AND k.table_schema = 'projet_sortie' /*!50116 AND c.constraint_schema = 'projet_sortie' */ AND k.`REFERENCED_COLUMN_NAME` is not NULL [] []
[2019-09-30 13:06:44] doctrine.DEBUG: SELECT TABLE_NAME AS `Table`, NON_UNIQUE AS Non_Unique, INDEX_NAME AS Key_name, SEQ_IN_INDEX AS Seq_in_index, COLUMN_NAME AS Column_Name, COLLATION AS Collation, CARDINALITY AS Cardinality, SUB_PART AS Sub_Part, PACKED AS Packed, NULLABLE AS `Null`, INDEX_TYPE AS Index_Type, COMMENT AS Comment FROM information_schema.STATISTICS WHERE TABLE_NAME = 'participants' AND TABLE_SCHEMA = 'projet_sortie' ORDER BY SEQ_IN_INDEX ASC [] []
[2019-09-30 13:06:44] doctrine.DEBUG: SELECT ENGINE, AUTO_INCREMENT, TABLE_COLLATION, TABLE_COMMENT, CREATE_OPTIONS FROM information_schema.TABLES WHERE TABLE_TYPE = 'BASE TABLE' AND TABLE_SCHEMA = DATABASE() AND TABLE_NAME = 'participants' [] []
[2019-09-30 13:06:44] doctrine.DEBUG: SELECT COLUMN_NAME AS Field, COLUMN_TYPE AS Type, IS_NULLABLE AS `Null`, COLUMN_KEY AS `Key`, COLUMN_DEFAULT AS `Default`, EXTRA AS Extra, COLUMN_COMMENT AS Comment, CHARACTER_SET_NAME AS CharacterSet, COLLATION_NAME AS Collation FROM information_schema.COLUMNS WHERE TABLE_SCHEMA = 'projet_sortie' AND TABLE_NAME = 'sites' ORDER BY ORDINAL_POSITION ASC [] []
[2019-09-30 13:06:44] doctrine.DEBUG: SELECT DISTINCT k.`CONSTRAINT_NAME`, k.`COLUMN_NAME`, k.`REFERENCED_TABLE_NAME`, k.`REFERENCED_COLUMN_NAME` /*!50116 , c.update_rule, c.delete_rule */ FROM information_schema.key_column_usage k /*!50116 INNER JOIN information_schema.referential_constraints c ON   c.constraint_name = k.constraint_name AND   c.table_name = 'sites' */ WHERE k.table_name = 'sites' AND k.table_schema = 'projet_sortie' /*!50116 AND c.constraint_schema = 'projet_sortie' */ AND k.`REFERENCED_COLUMN_NAME` is not NULL [] []
[2019-09-30 13:06:44] doctrine.DEBUG: SELECT TABLE_NAME AS `Table`, NON_UNIQUE AS Non_Unique, INDEX_NAME AS Key_name, SEQ_IN_INDEX AS Seq_in_index, COLUMN_NAME AS Column_Name, COLLATION AS Collation, CARDINALITY AS Cardinality, SUB_PART AS Sub_Part, PACKED AS Packed, NULLABLE AS `Null`, INDEX_TYPE AS Index_Type, COMMENT AS Comment FROM information_schema.STATISTICS WHERE TABLE_NAME = 'sites' AND TABLE_SCHEMA = 'projet_sortie' ORDER BY SEQ_IN_INDEX ASC [] []
[2019-09-30 13:06:44] doctrine.DEBUG: SELECT ENGINE, AUTO_INCREMENT, TABLE_COLLATION, TABLE_COMMENT, CREATE_OPTIONS FROM information_schema.TABLES WHERE TABLE_TYPE = 'BASE TABLE' AND TABLE_SCHEMA = DATABASE() AND TABLE_NAME = 'sites' [] []
[2019-09-30 13:06:44] doctrine.DEBUG: SELECT COLUMN_NAME AS Field, COLUMN_TYPE AS Type, IS_NULLABLE AS `Null`, COLUMN_KEY AS `Key`, COLUMN_DEFAULT AS `Default`, EXTRA AS Extra, COLUMN_COMMENT AS Comment, CHARACTER_SET_NAME AS CharacterSet, COLLATION_NAME AS Collation FROM information_schema.COLUMNS WHERE TABLE_SCHEMA = 'projet_sortie' AND TABLE_NAME = 'sorties' ORDER BY ORDINAL_POSITION ASC [] []
[2019-09-30 13:06:44] doctrine.DEBUG: SELECT DISTINCT k.`CONSTRAINT_NAME`, k.`COLUMN_NAME`, k.`REFERENCED_TABLE_NAME`, k.`REFERENCED_COLUMN_NAME` /*!50116 , c.update_rule, c.delete_rule */ FROM information_schema.key_column_usage k /*!50116 INNER JOIN information_schema.referential_constraints c ON   c.constraint_name = k.constraint_name AND   c.table_name = 'sorties' */ WHERE k.table_name = 'sorties' AND k.table_schema = 'projet_sortie' /*!50116 AND c.constraint_schema = 'projet_sortie' */ AND k.`REFERENCED_COLUMN_NAME` is not NULL [] []
[2019-09-30 13:06:44] doctrine.DEBUG: SELECT TABLE_NAME AS `Table`, NON_UNIQUE AS Non_Unique, INDEX_NAME AS Key_name, SEQ_IN_INDEX AS Seq_in_index, COLUMN_NAME AS Column_Name, COLLATION AS Collation, CARDINALITY AS Cardinality, SUB_PART AS Sub_Part, PACKED AS Packed, NULLABLE AS `Null`, INDEX_TYPE AS Index_Type, COMMENT AS Comment FROM information_schema.STATISTICS WHERE TABLE_NAME = 'sorties' AND TABLE_SCHEMA = 'projet_sortie' ORDER BY SEQ_IN_INDEX ASC [] []
[2019-09-30 13:06:44] doctrine.DEBUG: SELECT ENGINE, AUTO_INCREMENT, TABLE_COLLATION, TABLE_COMMENT, CREATE_OPTIONS FROM information_schema.TABLES WHERE TABLE_TYPE = 'BASE TABLE' AND TABLE_SCHEMA = DATABASE() AND TABLE_NAME = 'sorties' [] []
[2019-09-30 13:06:44] doctrine.DEBUG: SELECT COLUMN_NAME AS Field, COLUMN_TYPE AS Type, IS_NULLABLE AS `Null`, COLUMN_KEY AS `Key`, COLUMN_DEFAULT AS `Default`, EXTRA AS Extra, COLUMN_COMMENT AS Comment, CHARACTER_SET_NAME AS CharacterSet, COLLATION_NAME AS Collation FROM information_schema.COLUMNS WHERE TABLE_SCHEMA = 'projet_sortie' AND TABLE_NAME = 'villes' ORDER BY ORDINAL_POSITION ASC [] []
[2019-09-30 13:06:44] doctrine.DEBUG: SELECT DISTINCT k.`CONSTRAINT_NAME`, k.`COLUMN_NAME`, k.`REFERENCED_TABLE_NAME`, k.`REFERENCED_COLUMN_NAME` /*!50116 , c.update_rule, c.delete_rule */ FROM information_schema.key_column_usage k /*!50116 INNER JOIN information_schema.referential_constraints c ON   c.constraint_name = k.constraint_name AND   c.table_name = 'villes' */ WHERE k.table_name = 'villes' AND k.table_schema = 'projet_sortie' /*!50116 AND c.constraint_schema = 'projet_sortie' */ AND k.`REFERENCED_COLUMN_NAME` is not NULL [] []
[2019-09-30 13:06:44] doctrine.DEBUG: SELECT TABLE_NAME AS `Table`, NON_UNIQUE AS Non_Unique, INDEX_NAME AS Key_name, SEQ_IN_INDEX AS Seq_in_index, COLUMN_NAME AS Column_Name, COLLATION AS Collation, CARDINALITY AS Cardinality, SUB_PART AS Sub_Part, PACKED AS Packed, NULLABLE AS `Null`, INDEX_TYPE AS Index_Type, COMMENT AS Comment FROM information_schema.STATISTICS WHERE TABLE_NAME = 'villes' AND TABLE_SCHEMA = 'projet_sortie' ORDER BY SEQ_IN_INDEX ASC [] []
[2019-09-30 13:06:44] doctrine.DEBUG: SELECT ENGINE, AUTO_INCREMENT, TABLE_COLLATION, TABLE_COMMENT, CREATE_OPTIONS FROM information_schema.TABLES WHERE TABLE_TYPE = 'BASE TABLE' AND TABLE_SCHEMA = DATABASE() AND TABLE_NAME = 'villes' [] []
[2019-09-30 13:06:44] console.DEBUG: Command "doctrine:schema:validate" exited with code "2" {"command":"doctrine:schema:validate","code":2} []
[2019-09-30 13:07:05] doctrine.DEBUG: SHOW FULL TABLES WHERE Table_type = 'BASE TABLE' [] []
[2019-09-30 13:07:05] doctrine.DEBUG: SELECT COLUMN_NAME AS Field, COLUMN_TYPE AS Type, IS_NULLABLE AS `Null`, COLUMN_KEY AS `Key`, COLUMN_DEFAULT AS `Default`, EXTRA AS Extra, COLUMN_COMMENT AS Comment, CHARACTER_SET_NAME AS CharacterSet, COLLATION_NAME AS Collation FROM information_schema.COLUMNS WHERE TABLE_SCHEMA = 'projet_sortie' AND TABLE_NAME = 'etats' ORDER BY ORDINAL_POSITION ASC [] []
[2019-09-30 13:07:05] doctrine.DEBUG: SELECT DISTINCT k.`CONSTRAINT_NAME`, k.`COLUMN_NAME`, k.`REFERENCED_TABLE_NAME`, k.`REFERENCED_COLUMN_NAME` /*!50116 , c.update_rule, c.delete_rule */ FROM information_schema.key_column_usage k /*!50116 INNER JOIN information_schema.referential_constraints c ON   c.constraint_name = k.constraint_name AND   c.table_name = 'etats' */ WHERE k.table_name = 'etats' AND k.table_schema = 'projet_sortie' /*!50116 AND c.constraint_schema = 'projet_sortie' */ AND k.`REFERENCED_COLUMN_NAME` is not NULL [] []
[2019-09-30 13:07:05] doctrine.DEBUG: SELECT TABLE_NAME AS `Table`, NON_UNIQUE AS Non_Unique, INDEX_NAME AS Key_name, SEQ_IN_INDEX AS Seq_in_index, COLUMN_NAME AS Column_Name, COLLATION AS Collation, CARDINALITY AS Cardinality, SUB_PART AS Sub_Part, PACKED AS Packed, NULLABLE AS `Null`, INDEX_TYPE AS Index_Type, COMMENT AS Comment FROM information_schema.STATISTICS WHERE TABLE_NAME = 'etats' AND TABLE_SCHEMA = 'projet_sortie' ORDER BY SEQ_IN_INDEX ASC [] []
[2019-09-30 13:07:05] doctrine.DEBUG: SELECT ENGINE, AUTO_INCREMENT, TABLE_COLLATION, TABLE_COMMENT, CREATE_OPTIONS FROM information_schema.TABLES WHERE TABLE_TYPE = 'BASE TABLE' AND TABLE_SCHEMA = DATABASE() AND TABLE_NAME = 'etats' [] []
[2019-09-30 13:07:05] doctrine.DEBUG: SELECT COLUMN_NAME AS Field, COLUMN_TYPE AS Type, IS_NULLABLE AS `Null`, COLUMN_KEY AS `Key`, COLUMN_DEFAULT AS `Default`, EXTRA AS Extra, COLUMN_COMMENT AS Comment, CHARACTER_SET_NAME AS CharacterSet, COLLATION_NAME AS Collation FROM information_schema.COLUMNS WHERE TABLE_SCHEMA = 'projet_sortie' AND TABLE_NAME = 'inscriptions' ORDER BY ORDINAL_POSITION ASC [] []
[2019-09-30 13:07:05] doctrine.DEBUG: SELECT DISTINCT k.`CONSTRAINT_NAME`, k.`COLUMN_NAME`, k.`REFERENCED_TABLE_NAME`, k.`REFERENCED_COLUMN_NAME` /*!50116 , c.update_rule, c.delete_rule */ FROM information_schema.key_column_usage k /*!50116 INNER JOIN information_schema.referential_constraints c ON   c.constraint_name = k.constraint_name AND   c.table_name = 'inscriptions' */ WHERE k.table_name = 'inscriptions' AND k.table_schema = 'projet_sortie' /*!50116 AND c.constraint_schema = 'projet_sortie' */ AND k.`REFERENCED_COLUMN_NAME` is not NULL [] []
[2019-09-30 13:07:05] doctrine.DEBUG: SELECT TABLE_NAME AS `Table`, NON_UNIQUE AS Non_Unique, INDEX_NAME AS Key_name, SEQ_IN_INDEX AS Seq_in_index, COLUMN_NAME AS Column_Name, COLLATION AS Collation, CARDINALITY AS Cardinality, SUB_PART AS Sub_Part, PACKED AS Packed, NULLABLE AS `Null`, INDEX_TYPE AS Index_Type, COMMENT AS Comment FROM information_schema.STATISTICS WHERE TABLE_NAME = 'inscriptions' AND TABLE_SCHEMA = 'projet_sortie' ORDER BY SEQ_IN_INDEX ASC [] []
[2019-09-30 13:07:05] doctrine.DEBUG: SELECT ENGINE, AUTO_INCREMENT, TABLE_COLLATION, TABLE_COMMENT, CREATE_OPTIONS FROM information_schema.TABLES WHERE TABLE_TYPE = 'BASE TABLE' AND TABLE_SCHEMA = DATABASE() AND TABLE_NAME = 'inscriptions' [] []
[2019-09-30 13:07:05] doctrine.DEBUG: SELECT COLUMN_NAME AS Field, COLUMN_TYPE AS Type, IS_NULLABLE AS `Null`, COLUMN_KEY AS `Key`, COLUMN_DEFAULT AS `Default`, EXTRA AS Extra, COLUMN_COMMENT AS Comment, CHARACTER_SET_NAME AS CharacterSet, COLLATION_NAME AS Collation FROM information_schema.COLUMNS WHERE TABLE_SCHEMA = 'projet_sortie' AND TABLE_NAME = 'lieux' ORDER BY ORDINAL_POSITION ASC [] []
[2019-09-30 13:07:05] doctrine.DEBUG: SELECT DISTINCT k.`CONSTRAINT_NAME`, k.`COLUMN_NAME`, k.`REFERENCED_TABLE_NAME`, k.`REFERENCED_COLUMN_NAME` /*!50116 , c.update_rule, c.delete_rule */ FROM information_schema.key_column_usage k /*!50116 INNER JOIN information_schema.referential_constraints c ON   c.constraint_name = k.constraint_name AND   c.table_name = 'lieux' */ WHERE k.table_name = 'lieux' AND k.table_schema = 'projet_sortie' /*!50116 AND c.constraint_schema = 'projet_sortie' */ AND k.`REFERENCED_COLUMN_NAME` is not NULL [] []
[2019-09-30 13:07:05] doctrine.DEBUG: SELECT TABLE_NAME AS `Table`, NON_UNIQUE AS Non_Unique, INDEX_NAME AS Key_name, SEQ_IN_INDEX AS Seq_in_index, COLUMN_NAME AS Column_Name, COLLATION AS Collation, CARDINALITY AS Cardinality, SUB_PART AS Sub_Part, PACKED AS Packed, NULLABLE AS `Null`, INDEX_TYPE AS Index_Type, COMMENT AS Comment FROM information_schema.STATISTICS WHERE TABLE_NAME = 'lieux' AND TABLE_SCHEMA = 'projet_sortie' ORDER BY SEQ_IN_INDEX ASC [] []
[2019-09-30 13:07:05] doctrine.DEBUG: SELECT ENGINE, AUTO_INCREMENT, TABLE_COLLATION, TABLE_COMMENT, CREATE_OPTIONS FROM information_schema.TABLES WHERE TABLE_TYPE = 'BASE TABLE' AND TABLE_SCHEMA = DATABASE() AND TABLE_NAME = 'lieux' [] []
[2019-09-30 13:07:05] doctrine.DEBUG: SELECT COLUMN_NAME AS Field, COLUMN_TYPE AS Type, IS_NULLABLE AS `Null`, COLUMN_KEY AS `Key`, COLUMN_DEFAULT AS `Default`, EXTRA AS Extra, COLUMN_COMMENT AS Comment, CHARACTER_SET_NAME AS CharacterSet, COLLATION_NAME AS Collation FROM information_schema.COLUMNS WHERE TABLE_SCHEMA = 'projet_sortie' AND TABLE_NAME = 'participants' ORDER BY ORDINAL_POSITION ASC [] []
[2019-09-30 13:07:05] doctrine.DEBUG: SELECT DISTINCT k.`CONSTRAINT_NAME`, k.`COLUMN_NAME`, k.`REFERENCED_TABLE_NAME`, k.`REFERENCED_COLUMN_NAME` /*!50116 , c.update_rule, c.delete_rule */ FROM information_schema.key_column_usage k /*!50116 INNER JOIN information_schema.referential_constraints c ON   c.constraint_name = k.constraint_name AND   c.table_name = 'participants' */ WHERE k.table_name = 'participants' AND k.table_schema = 'projet_sortie' /*!50116 AND c.constraint_schema = 'projet_sortie' */ AND k.`REFERENCED_COLUMN_NAME` is not NULL [] []
[2019-09-30 13:07:05] doctrine.DEBUG: SELECT TABLE_NAME AS `Table`, NON_UNIQUE AS Non_Unique, INDEX_NAME AS Key_name, SEQ_IN_INDEX AS Seq_in_index, COLUMN_NAME AS Column_Name, COLLATION AS Collation, CARDINALITY AS Cardinality, SUB_PART AS Sub_Part, PACKED AS Packed, NULLABLE AS `Null`, INDEX_TYPE AS Index_Type, COMMENT AS Comment FROM information_schema.STATISTICS WHERE TABLE_NAME = 'participants' AND TABLE_SCHEMA = 'projet_sortie' ORDER BY SEQ_IN_INDEX ASC [] []
[2019-09-30 13:07:05] doctrine.DEBUG: SELECT ENGINE, AUTO_INCREMENT, TABLE_COLLATION, TABLE_COMMENT, CREATE_OPTIONS FROM information_schema.TABLES WHERE TABLE_TYPE = 'BASE TABLE' AND TABLE_SCHEMA = DATABASE() AND TABLE_NAME = 'participants' [] []
[2019-09-30 13:07:05] doctrine.DEBUG: SELECT COLUMN_NAME AS Field, COLUMN_TYPE AS Type, IS_NULLABLE AS `Null`, COLUMN_KEY AS `Key`, COLUMN_DEFAULT AS `Default`, EXTRA AS Extra, COLUMN_COMMENT AS Comment, CHARACTER_SET_NAME AS CharacterSet, COLLATION_NAME AS Collation FROM information_schema.COLUMNS WHERE TABLE_SCHEMA = 'projet_sortie' AND TABLE_NAME = 'sites' ORDER BY ORDINAL_POSITION ASC [] []
[2019-09-30 13:07:05] doctrine.DEBUG: SELECT DISTINCT k.`CONSTRAINT_NAME`, k.`COLUMN_NAME`, k.`REFERENCED_TABLE_NAME`, k.`REFERENCED_COLUMN_NAME` /*!50116 , c.update_rule, c.delete_rule */ FROM information_schema.key_column_usage k /*!50116 INNER JOIN information_schema.referential_constraints c ON   c.constraint_name = k.constraint_name AND   c.table_name = 'sites' */ WHERE k.table_name = 'sites' AND k.table_schema = 'projet_sortie' /*!50116 AND c.constraint_schema = 'projet_sortie' */ AND k.`REFERENCED_COLUMN_NAME` is not NULL [] []
[2019-09-30 13:07:05] doctrine.DEBUG: SELECT TABLE_NAME AS `Table`, NON_UNIQUE AS Non_Unique, INDEX_NAME AS Key_name, SEQ_IN_INDEX AS Seq_in_index, COLUMN_NAME AS Column_Name, COLLATION AS Collation, CARDINALITY AS Cardinality, SUB_PART AS Sub_Part, PACKED AS Packed, NULLABLE AS `Null`, INDEX_TYPE AS Index_Type, COMMENT AS Comment FROM information_schema.STATISTICS WHERE TABLE_NAME = 'sites' AND TABLE_SCHEMA = 'projet_sortie' ORDER BY SEQ_IN_INDEX ASC [] []
[2019-09-30 13:07:05] doctrine.DEBUG: SELECT ENGINE, AUTO_INCREMENT, TABLE_COLLATION, TABLE_COMMENT, CREATE_OPTIONS FROM information_schema.TABLES WHERE TABLE_TYPE = 'BASE TABLE' AND TABLE_SCHEMA = DATABASE() AND TABLE_NAME = 'sites' [] []
[2019-09-30 13:07:05] doctrine.DEBUG: SELECT COLUMN_NAME AS Field, COLUMN_TYPE AS Type, IS_NULLABLE AS `Null`, COLUMN_KEY AS `Key`, COLUMN_DEFAULT AS `Default`, EXTRA AS Extra, COLUMN_COMMENT AS Comment, CHARACTER_SET_NAME AS CharacterSet, COLLATION_NAME AS Collation FROM information_schema.COLUMNS WHERE TABLE_SCHEMA = 'projet_sortie' AND TABLE_NAME = 'sorties' ORDER BY ORDINAL_POSITION ASC [] []
[2019-09-30 13:07:05] doctrine.DEBUG: SELECT DISTINCT k.`CONSTRAINT_NAME`, k.`COLUMN_NAME`, k.`REFERENCED_TABLE_NAME`, k.`REFERENCED_COLUMN_NAME` /*!50116 , c.update_rule, c.delete_rule */ FROM information_schema.key_column_usage k /*!50116 INNER JOIN information_schema.referential_constraints c ON   c.constraint_name = k.constraint_name AND   c.table_name = 'sorties' */ WHERE k.table_name = 'sorties' AND k.table_schema = 'projet_sortie' /*!50116 AND c.constraint_schema = 'projet_sortie' */ AND k.`REFERENCED_COLUMN_NAME` is not NULL [] []
[2019-09-30 13:07:05] doctrine.DEBUG: SELECT TABLE_NAME AS `Table`, NON_UNIQUE AS Non_Unique, INDEX_NAME AS Key_name, SEQ_IN_INDEX AS Seq_in_index, COLUMN_NAME AS Column_Name, COLLATION AS Collation, CARDINALITY AS Cardinality, SUB_PART AS Sub_Part, PACKED AS Packed, NULLABLE AS `Null`, INDEX_TYPE AS Index_Type, COMMENT AS Comment FROM information_schema.STATISTICS WHERE TABLE_NAME = 'sorties' AND TABLE_SCHEMA = 'projet_sortie' ORDER BY SEQ_IN_INDEX ASC [] []
[2019-09-30 13:07:05] doctrine.DEBUG: SELECT ENGINE, AUTO_INCREMENT, TABLE_COLLATION, TABLE_COMMENT, CREATE_OPTIONS FROM information_schema.TABLES WHERE TABLE_TYPE = 'BASE TABLE' AND TABLE_SCHEMA = DATABASE() AND TABLE_NAME = 'sorties' [] []
[2019-09-30 13:07:05] doctrine.DEBUG: SELECT COLUMN_NAME AS Field, COLUMN_TYPE AS Type, IS_NULLABLE AS `Null`, COLUMN_KEY AS `Key`, COLUMN_DEFAULT AS `Default`, EXTRA AS Extra, COLUMN_COMMENT AS Comment, CHARACTER_SET_NAME AS CharacterSet, COLLATION_NAME AS Collation FROM information_schema.COLUMNS WHERE TABLE_SCHEMA = 'projet_sortie' AND TABLE_NAME = 'villes' ORDER BY ORDINAL_POSITION ASC [] []
[2019-09-30 13:07:05] doctrine.DEBUG: SELECT DISTINCT k.`CONSTRAINT_NAME`, k.`COLUMN_NAME`, k.`REFERENCED_TABLE_NAME`, k.`REFERENCED_COLUMN_NAME` /*!50116 , c.update_rule, c.delete_rule */ FROM information_schema.key_column_usage k /*!50116 INNER JOIN information_schema.referential_constraints c ON   c.constraint_name = k.constraint_name AND   c.table_name = 'villes' */ WHERE k.table_name = 'villes' AND k.table_schema = 'projet_sortie' /*!50116 AND c.constraint_schema = 'projet_sortie' */ AND k.`REFERENCED_COLUMN_NAME` is not NULL [] []
[2019-09-30 13:07:05] doctrine.DEBUG: SELECT TABLE_NAME AS `Table`, NON_UNIQUE AS Non_Unique, INDEX_NAME AS Key_name, SEQ_IN_INDEX AS Seq_in_index, COLUMN_NAME AS Column_Name, COLLATION AS Collation, CARDINALITY AS Cardinality, SUB_PART AS Sub_Part, PACKED AS Packed, NULLABLE AS `Null`, INDEX_TYPE AS Index_Type, COMMENT AS Comment FROM information_schema.STATISTICS WHERE TABLE_NAME = 'villes' AND TABLE_SCHEMA = 'projet_sortie' ORDER BY SEQ_IN_INDEX ASC [] []
[2019-09-30 13:07:05] doctrine.DEBUG: SELECT ENGINE, AUTO_INCREMENT, TABLE_COLLATION, TABLE_COMMENT, CREATE_OPTIONS FROM information_schema.TABLES WHERE TABLE_TYPE = 'BASE TABLE' AND TABLE_SCHEMA = DATABASE() AND TABLE_NAME = 'villes' [] []
[2019-09-30 13:07:05] doctrine.DEBUG: SHOW FULL TABLES WHERE Table_type = 'BASE TABLE' [] []
[2019-09-30 13:07:05] doctrine.DEBUG: SELECT COLUMN_NAME AS Field, COLUMN_TYPE AS Type, IS_NULLABLE AS `Null`, COLUMN_KEY AS `Key`, COLUMN_DEFAULT AS `Default`, EXTRA AS Extra, COLUMN_COMMENT AS Comment, CHARACTER_SET_NAME AS CharacterSet, COLLATION_NAME AS Collation FROM information_schema.COLUMNS WHERE TABLE_SCHEMA = 'projet_sortie' AND TABLE_NAME = 'etats' ORDER BY ORDINAL_POSITION ASC [] []
[2019-09-30 13:07:05] doctrine.DEBUG: SELECT DISTINCT k.`CONSTRAINT_NAME`, k.`COLUMN_NAME`, k.`REFERENCED_TABLE_NAME`, k.`REFERENCED_COLUMN_NAME` /*!50116 , c.update_rule, c.delete_rule */ FROM information_schema.key_column_usage k /*!50116 INNER JOIN information_schema.referential_constraints c ON   c.constraint_name = k.constraint_name AND   c.table_name = 'etats' */ WHERE k.table_name = 'etats' AND k.table_schema = 'projet_sortie' /*!50116 AND c.constraint_schema = 'projet_sortie' */ AND k.`REFERENCED_COLUMN_NAME` is not NULL [] []
[2019-09-30 13:07:05] doctrine.DEBUG: SELECT TABLE_NAME AS `Table`, NON_UNIQUE AS Non_Unique, INDEX_NAME AS Key_name, SEQ_IN_INDEX AS Seq_in_index, COLUMN_NAME AS Column_Name, COLLATION AS Collation, CARDINALITY AS Cardinality, SUB_PART AS Sub_Part, PACKED AS Packed, NULLABLE AS `Null`, INDEX_TYPE AS Index_Type, COMMENT AS Comment FROM information_schema.STATISTICS WHERE TABLE_NAME = 'etats' AND TABLE_SCHEMA = 'projet_sortie' ORDER BY SEQ_IN_INDEX ASC [] []
[2019-09-30 13:07:05] doctrine.DEBUG: SELECT ENGINE, AUTO_INCREMENT, TABLE_COLLATION, TABLE_COMMENT, CREATE_OPTIONS FROM information_schema.TABLES WHERE TABLE_TYPE = 'BASE TABLE' AND TABLE_SCHEMA = DATABASE() AND TABLE_NAME = 'etats' [] []
[2019-09-30 13:07:05] doctrine.DEBUG: SELECT COLUMN_NAME AS Field, COLUMN_TYPE AS Type, IS_NULLABLE AS `Null`, COLUMN_KEY AS `Key`, COLUMN_DEFAULT AS `Default`, EXTRA AS Extra, COLUMN_COMMENT AS Comment, CHARACTER_SET_NAME AS CharacterSet, COLLATION_NAME AS Collation FROM information_schema.COLUMNS WHERE TABLE_SCHEMA = 'projet_sortie' AND TABLE_NAME = 'inscriptions' ORDER BY ORDINAL_POSITION ASC [] []
[2019-09-30 13:07:05] doctrine.DEBUG: SELECT DISTINCT k.`CONSTRAINT_NAME`, k.`COLUMN_NAME`, k.`REFERENCED_TABLE_NAME`, k.`REFERENCED_COLUMN_NAME` /*!50116 , c.update_rule, c.delete_rule */ FROM information_schema.key_column_usage k /*!50116 INNER JOIN information_schema.referential_constraints c ON   c.constraint_name = k.constraint_name AND   c.table_name = 'inscriptions' */ WHERE k.table_name = 'inscriptions' AND k.table_schema = 'projet_sortie' /*!50116 AND c.constraint_schema = 'projet_sortie' */ AND k.`REFERENCED_COLUMN_NAME` is not NULL [] []
[2019-09-30 13:07:05] doctrine.DEBUG: SELECT TABLE_NAME AS `Table`, NON_UNIQUE AS Non_Unique, INDEX_NAME AS Key_name, SEQ_IN_INDEX AS Seq_in_index, COLUMN_NAME AS Column_Name, COLLATION AS Collation, CARDINALITY AS Cardinality, SUB_PART AS Sub_Part, PACKED AS Packed, NULLABLE AS `Null`, INDEX_TYPE AS Index_Type, COMMENT AS Comment FROM information_schema.STATISTICS WHERE TABLE_NAME = 'inscriptions' AND TABLE_SCHEMA = 'projet_sortie' ORDER BY SEQ_IN_INDEX ASC [] []
[2019-09-30 13:07:05] doctrine.DEBUG: SELECT ENGINE, AUTO_INCREMENT, TABLE_COLLATION, TABLE_COMMENT, CREATE_OPTIONS FROM information_schema.TABLES WHERE TABLE_TYPE = 'BASE TABLE' AND TABLE_SCHEMA = DATABASE() AND TABLE_NAME = 'inscriptions' [] []
[2019-09-30 13:07:05] doctrine.DEBUG: SELECT COLUMN_NAME AS Field, COLUMN_TYPE AS Type, IS_NULLABLE AS `Null`, COLUMN_KEY AS `Key`, COLUMN_DEFAULT AS `Default`, EXTRA AS Extra, COLUMN_COMMENT AS Comment, CHARACTER_SET_NAME AS CharacterSet, COLLATION_NAME AS Collation FROM information_schema.COLUMNS WHERE TABLE_SCHEMA = 'projet_sortie' AND TABLE_NAME = 'lieux' ORDER BY ORDINAL_POSITION ASC [] []
[2019-09-30 13:07:05] doctrine.DEBUG: SELECT DISTINCT k.`CONSTRAINT_NAME`, k.`COLUMN_NAME`, k.`REFERENCED_TABLE_NAME`, k.`REFERENCED_COLUMN_NAME` /*!50116 , c.update_rule, c.delete_rule */ FROM information_schema.key_column_usage k /*!50116 INNER JOIN information_schema.referential_constraints c ON   c.constraint_name = k.constraint_name AND   c.table_name = 'lieux' */ WHERE k.table_name = 'lieux' AND k.table_schema = 'projet_sortie' /*!50116 AND c.constraint_schema = 'projet_sortie' */ AND k.`REFERENCED_COLUMN_NAME` is not NULL [] []
[2019-09-30 13:07:05] doctrine.DEBUG: SELECT TABLE_NAME AS `Table`, NON_UNIQUE AS Non_Unique, INDEX_NAME AS Key_name, SEQ_IN_INDEX AS Seq_in_index, COLUMN_NAME AS Column_Name, COLLATION AS Collation, CARDINALITY AS Cardinality, SUB_PART AS Sub_Part, PACKED AS Packed, NULLABLE AS `Null`, INDEX_TYPE AS Index_Type, COMMENT AS Comment FROM information_schema.STATISTICS WHERE TABLE_NAME = 'lieux' AND TABLE_SCHEMA = 'projet_sortie' ORDER BY SEQ_IN_INDEX ASC [] []
[2019-09-30 13:07:05] doctrine.DEBUG: SELECT ENGINE, AUTO_INCREMENT, TABLE_COLLATION, TABLE_COMMENT, CREATE_OPTIONS FROM information_schema.TABLES WHERE TABLE_TYPE = 'BASE TABLE' AND TABLE_SCHEMA = DATABASE() AND TABLE_NAME = 'lieux' [] []
[2019-09-30 13:07:05] doctrine.DEBUG: SELECT COLUMN_NAME AS Field, COLUMN_TYPE AS Type, IS_NULLABLE AS `Null`, COLUMN_KEY AS `Key`, COLUMN_DEFAULT AS `Default`, EXTRA AS Extra, COLUMN_COMMENT AS Comment, CHARACTER_SET_NAME AS CharacterSet, COLLATION_NAME AS Collation FROM information_schema.COLUMNS WHERE TABLE_SCHEMA = 'projet_sortie' AND TABLE_NAME = 'participants' ORDER BY ORDINAL_POSITION ASC [] []
[2019-09-30 13:07:05] doctrine.DEBUG: SELECT DISTINCT k.`CONSTRAINT_NAME`, k.`COLUMN_NAME`, k.`REFERENCED_TABLE_NAME`, k.`REFERENCED_COLUMN_NAME` /*!50116 , c.update_rule, c.delete_rule */ FROM information_schema.key_column_usage k /*!50116 INNER JOIN information_schema.referential_constraints c ON   c.constraint_name = k.constraint_name AND   c.table_name = 'participants' */ WHERE k.table_name = 'participants' AND k.table_schema = 'projet_sortie' /*!50116 AND c.constraint_schema = 'projet_sortie' */ AND k.`REFERENCED_COLUMN_NAME` is not NULL [] []
[2019-09-30 13:07:05] doctrine.DEBUG: SELECT TABLE_NAME AS `Table`, NON_UNIQUE AS Non_Unique, INDEX_NAME AS Key_name, SEQ_IN_INDEX AS Seq_in_index, COLUMN_NAME AS Column_Name, COLLATION AS Collation, CARDINALITY AS Cardinality, SUB_PART AS Sub_Part, PACKED AS Packed, NULLABLE AS `Null`, INDEX_TYPE AS Index_Type, COMMENT AS Comment FROM information_schema.STATISTICS WHERE TABLE_NAME = 'participants' AND TABLE_SCHEMA = 'projet_sortie' ORDER BY SEQ_IN_INDEX ASC [] []
[2019-09-30 13:07:05] doctrine.DEBUG: SELECT ENGINE, AUTO_INCREMENT, TABLE_COLLATION, TABLE_COMMENT, CREATE_OPTIONS FROM information_schema.TABLES WHERE TABLE_TYPE = 'BASE TABLE' AND TABLE_SCHEMA = DATABASE() AND TABLE_NAME = 'participants' [] []
[2019-09-30 13:07:05] doctrine.DEBUG: SELECT COLUMN_NAME AS Field, COLUMN_TYPE AS Type, IS_NULLABLE AS `Null`, COLUMN_KEY AS `Key`, COLUMN_DEFAULT AS `Default`, EXTRA AS Extra, COLUMN_COMMENT AS Comment, CHARACTER_SET_NAME AS CharacterSet, COLLATION_NAME AS Collation FROM information_schema.COLUMNS WHERE TABLE_SCHEMA = 'projet_sortie' AND TABLE_NAME = 'sites' ORDER BY ORDINAL_POSITION ASC [] []
[2019-09-30 13:07:05] doctrine.DEBUG: SELECT DISTINCT k.`CONSTRAINT_NAME`, k.`COLUMN_NAME`, k.`REFERENCED_TABLE_NAME`, k.`REFERENCED_COLUMN_NAME` /*!50116 , c.update_rule, c.delete_rule */ FROM information_schema.key_column_usage k /*!50116 INNER JOIN information_schema.referential_constraints c ON   c.constraint_name = k.constraint_name AND   c.table_name = 'sites' */ WHERE k.table_name = 'sites' AND k.table_schema = 'projet_sortie' /*!50116 AND c.constraint_schema = 'projet_sortie' */ AND k.`REFERENCED_COLUMN_NAME` is not NULL [] []
[2019-09-30 13:07:05] doctrine.DEBUG: SELECT TABLE_NAME AS `Table`, NON_UNIQUE AS Non_Unique, INDEX_NAME AS Key_name, SEQ_IN_INDEX AS Seq_in_index, COLUMN_NAME AS Column_Name, COLLATION AS Collation, CARDINALITY AS Cardinality, SUB_PART AS Sub_Part, PACKED AS Packed, NULLABLE AS `Null`, INDEX_TYPE AS Index_Type, COMMENT AS Comment FROM information_schema.STATISTICS WHERE TABLE_NAME = 'sites' AND TABLE_SCHEMA = 'projet_sortie' ORDER BY SEQ_IN_INDEX ASC [] []
[2019-09-30 13:07:05] doctrine.DEBUG: SELECT ENGINE, AUTO_INCREMENT, TABLE_COLLATION, TABLE_COMMENT, CREATE_OPTIONS FROM information_schema.TABLES WHERE TABLE_TYPE = 'BASE TABLE' AND TABLE_SCHEMA = DATABASE() AND TABLE_NAME = 'sites' [] []
[2019-09-30 13:07:05] doctrine.DEBUG: SELECT COLUMN_NAME AS Field, COLUMN_TYPE AS Type, IS_NULLABLE AS `Null`, COLUMN_KEY AS `Key`, COLUMN_DEFAULT AS `Default`, EXTRA AS Extra, COLUMN_COMMENT AS Comment, CHARACTER_SET_NAME AS CharacterSet, COLLATION_NAME AS Collation FROM information_schema.COLUMNS WHERE TABLE_SCHEMA = 'projet_sortie' AND TABLE_NAME = 'sorties' ORDER BY ORDINAL_POSITION ASC [] []
[2019-09-30 13:07:05] doctrine.DEBUG: SELECT DISTINCT k.`CONSTRAINT_NAME`, k.`COLUMN_NAME`, k.`REFERENCED_TABLE_NAME`, k.`REFERENCED_COLUMN_NAME` /*!50116 , c.update_rule, c.delete_rule */ FROM information_schema.key_column_usage k /*!50116 INNER JOIN information_schema.referential_constraints c ON   c.constraint_name = k.constraint_name AND   c.table_name = 'sorties' */ WHERE k.table_name = 'sorties' AND k.table_schema = 'projet_sortie' /*!50116 AND c.constraint_schema = 'projet_sortie' */ AND k.`REFERENCED_COLUMN_NAME` is not NULL [] []
[2019-09-30 13:07:05] doctrine.DEBUG: SELECT TABLE_NAME AS `Table`, NON_UNIQUE AS Non_Unique, INDEX_NAME AS Key_name, SEQ_IN_INDEX AS Seq_in_index, COLUMN_NAME AS Column_Name, COLLATION AS Collation, CARDINALITY AS Cardinality, SUB_PART AS Sub_Part, PACKED AS Packed, NULLABLE AS `Null`, INDEX_TYPE AS Index_Type, COMMENT AS Comment FROM information_schema.STATISTICS WHERE TABLE_NAME = 'sorties' AND TABLE_SCHEMA = 'projet_sortie' ORDER BY SEQ_IN_INDEX ASC [] []
[2019-09-30 13:07:05] doctrine.DEBUG: SELECT ENGINE, AUTO_INCREMENT, TABLE_COLLATION, TABLE_COMMENT, CREATE_OPTIONS FROM information_schema.TABLES WHERE TABLE_TYPE = 'BASE TABLE' AND TABLE_SCHEMA = DATABASE() AND TABLE_NAME = 'sorties' [] []
[2019-09-30 13:07:05] doctrine.DEBUG: SELECT COLUMN_NAME AS Field, COLUMN_TYPE AS Type, IS_NULLABLE AS `Null`, COLUMN_KEY AS `Key`, COLUMN_DEFAULT AS `Default`, EXTRA AS Extra, COLUMN_COMMENT AS Comment, CHARACTER_SET_NAME AS CharacterSet, COLLATION_NAME AS Collation FROM information_schema.COLUMNS WHERE TABLE_SCHEMA = 'projet_sortie' AND TABLE_NAME = 'villes' ORDER BY ORDINAL_POSITION ASC [] []
[2019-09-30 13:07:05] doctrine.DEBUG: SELECT DISTINCT k.`CONSTRAINT_NAME`, k.`COLUMN_NAME`, k.`REFERENCED_TABLE_NAME`, k.`REFERENCED_COLUMN_NAME` /*!50116 , c.update_rule, c.delete_rule */ FROM information_schema.key_column_usage k /*!50116 INNER JOIN information_schema.referential_constraints c ON   c.constraint_name = k.constraint_name AND   c.table_name = 'villes' */ WHERE k.table_name = 'villes' AND k.table_schema = 'projet_sortie' /*!50116 AND c.constraint_schema = 'projet_sortie' */ AND k.`REFERENCED_COLUMN_NAME` is not NULL [] []
[2019-09-30 13:07:05] doctrine.DEBUG: SELECT TABLE_NAME AS `Table`, NON_UNIQUE AS Non_Unique, INDEX_NAME AS Key_name, SEQ_IN_INDEX AS Seq_in_index, COLUMN_NAME AS Column_Name, COLLATION AS Collation, CARDINALITY AS Cardinality, SUB_PART AS Sub_Part, PACKED AS Packed, NULLABLE AS `Null`, INDEX_TYPE AS Index_Type, COMMENT AS Comment FROM information_schema.STATISTICS WHERE TABLE_NAME = 'villes' AND TABLE_SCHEMA = 'projet_sortie' ORDER BY SEQ_IN_INDEX ASC [] []
[2019-09-30 13:07:05] doctrine.DEBUG: SELECT ENGINE, AUTO_INCREMENT, TABLE_COLLATION, TABLE_COMMENT, CREATE_OPTIONS FROM information_schema.TABLES WHERE TABLE_TYPE = 'BASE TABLE' AND TABLE_SCHEMA = DATABASE() AND TABLE_NAME = 'villes' [] []
[2019-09-30 13:07:05] doctrine.DEBUG: ALTER TABLE etats CHANGE no_etat no_etat INT AUTO_INCREMENT NOT NULL [] []
[2019-09-30 13:07:05] doctrine.DEBUG: ALTER TABLE lieux CHANGE no_lieu no_lieu INT AUTO_INCREMENT NOT NULL [] []
[2019-09-30 13:07:05] doctrine.DEBUG: ALTER TABLE participants CHANGE no_participant no_participant INT AUTO_INCREMENT NOT NULL [] []
[2019-09-30 13:07:05] doctrine.DEBUG: ALTER TABLE sites CHANGE no_site no_site INT AUTO_INCREMENT NOT NULL [] []
[2019-09-30 13:07:05] doctrine.DEBUG: ALTER TABLE sorties CHANGE no_sortie no_sortie INT AUTO_INCREMENT NOT NULL [] []
[2019-09-30 13:07:05] doctrine.DEBUG: ALTER TABLE villes CHANGE no_ville no_ville INT AUTO_INCREMENT NOT NULL [] []
[2019-09-30 13:07:12] doctrine.DEBUG: SHOW FULL TABLES WHERE Table_type = 'BASE TABLE' [] []
[2019-09-30 13:07:12] doctrine.DEBUG: SELECT COLUMN_NAME AS Field, COLUMN_TYPE AS Type, IS_NULLABLE AS `Null`, COLUMN_KEY AS `Key`, COLUMN_DEFAULT AS `Default`, EXTRA AS Extra, COLUMN_COMMENT AS Comment, CHARACTER_SET_NAME AS CharacterSet, COLLATION_NAME AS Collation FROM information_schema.COLUMNS WHERE TABLE_SCHEMA = 'projet_sortie' AND TABLE_NAME = 'etats' ORDER BY ORDINAL_POSITION ASC [] []
[2019-09-30 13:07:12] doctrine.DEBUG: SELECT DISTINCT k.`CONSTRAINT_NAME`, k.`COLUMN_NAME`, k.`REFERENCED_TABLE_NAME`, k.`REFERENCED_COLUMN_NAME` /*!50116 , c.update_rule, c.delete_rule */ FROM information_schema.key_column_usage k /*!50116 INNER JOIN information_schema.referential_constraints c ON   c.constraint_name = k.constraint_name AND   c.table_name = 'etats' */ WHERE k.table_name = 'etats' AND k.table_schema = 'projet_sortie' /*!50116 AND c.constraint_schema = 'projet_sortie' */ AND k.`REFERENCED_COLUMN_NAME` is not NULL [] []
[2019-09-30 13:07:12] doctrine.DEBUG: SELECT TABLE_NAME AS `Table`, NON_UNIQUE AS Non_Unique, INDEX_NAME AS Key_name, SEQ_IN_INDEX AS Seq_in_index, COLUMN_NAME AS Column_Name, COLLATION AS Collation, CARDINALITY AS Cardinality, SUB_PART AS Sub_Part, PACKED AS Packed, NULLABLE AS `Null`, INDEX_TYPE AS Index_Type, COMMENT AS Comment FROM information_schema.STATISTICS WHERE TABLE_NAME = 'etats' AND TABLE_SCHEMA = 'projet_sortie' ORDER BY SEQ_IN_INDEX ASC [] []
[2019-09-30 13:07:12] doctrine.DEBUG: SELECT ENGINE, AUTO_INCREMENT, TABLE_COLLATION, TABLE_COMMENT, CREATE_OPTIONS FROM information_schema.TABLES WHERE TABLE_TYPE = 'BASE TABLE' AND TABLE_SCHEMA = DATABASE() AND TABLE_NAME = 'etats' [] []
[2019-09-30 13:07:12] doctrine.DEBUG: SELECT COLUMN_NAME AS Field, COLUMN_TYPE AS Type, IS_NULLABLE AS `Null`, COLUMN_KEY AS `Key`, COLUMN_DEFAULT AS `Default`, EXTRA AS Extra, COLUMN_COMMENT AS Comment, CHARACTER_SET_NAME AS CharacterSet, COLLATION_NAME AS Collation FROM information_schema.COLUMNS WHERE TABLE_SCHEMA = 'projet_sortie' AND TABLE_NAME = 'inscriptions' ORDER BY ORDINAL_POSITION ASC [] []
[2019-09-30 13:07:12] doctrine.DEBUG: SELECT DISTINCT k.`CONSTRAINT_NAME`, k.`COLUMN_NAME`, k.`REFERENCED_TABLE_NAME`, k.`REFERENCED_COLUMN_NAME` /*!50116 , c.update_rule, c.delete_rule */ FROM information_schema.key_column_usage k /*!50116 INNER JOIN information_schema.referential_constraints c ON   c.constraint_name = k.constraint_name AND   c.table_name = 'inscriptions' */ WHERE k.table_name = 'inscriptions' AND k.table_schema = 'projet_sortie' /*!50116 AND c.constraint_schema = 'projet_sortie' */ AND k.`REFERENCED_COLUMN_NAME` is not NULL [] []
[2019-09-30 13:07:12] doctrine.DEBUG: SELECT TABLE_NAME AS `Table`, NON_UNIQUE AS Non_Unique, INDEX_NAME AS Key_name, SEQ_IN_INDEX AS Seq_in_index, COLUMN_NAME AS Column_Name, COLLATION AS Collation, CARDINALITY AS Cardinality, SUB_PART AS Sub_Part, PACKED AS Packed, NULLABLE AS `Null`, INDEX_TYPE AS Index_Type, COMMENT AS Comment FROM information_schema.STATISTICS WHERE TABLE_NAME = 'inscriptions' AND TABLE_SCHEMA = 'projet_sortie' ORDER BY SEQ_IN_INDEX ASC [] []
[2019-09-30 13:07:12] doctrine.DEBUG: SELECT ENGINE, AUTO_INCREMENT, TABLE_COLLATION, TABLE_COMMENT, CREATE_OPTIONS FROM information_schema.TABLES WHERE TABLE_TYPE = 'BASE TABLE' AND TABLE_SCHEMA = DATABASE() AND TABLE_NAME = 'inscriptions' [] []
[2019-09-30 13:07:12] doctrine.DEBUG: SELECT COLUMN_NAME AS Field, COLUMN_TYPE AS Type, IS_NULLABLE AS `Null`, COLUMN_KEY AS `Key`, COLUMN_DEFAULT AS `Default`, EXTRA AS Extra, COLUMN_COMMENT AS Comment, CHARACTER_SET_NAME AS CharacterSet, COLLATION_NAME AS Collation FROM information_schema.COLUMNS WHERE TABLE_SCHEMA = 'projet_sortie' AND TABLE_NAME = 'lieux' ORDER BY ORDINAL_POSITION ASC [] []
[2019-09-30 13:07:12] doctrine.DEBUG: SELECT DISTINCT k.`CONSTRAINT_NAME`, k.`COLUMN_NAME`, k.`REFERENCED_TABLE_NAME`, k.`REFERENCED_COLUMN_NAME` /*!50116 , c.update_rule, c.delete_rule */ FROM information_schema.key_column_usage k /*!50116 INNER JOIN information_schema.referential_constraints c ON   c.constraint_name = k.constraint_name AND   c.table_name = 'lieux' */ WHERE k.table_name = 'lieux' AND k.table_schema = 'projet_sortie' /*!50116 AND c.constraint_schema = 'projet_sortie' */ AND k.`REFERENCED_COLUMN_NAME` is not NULL [] []
[2019-09-30 13:07:12] doctrine.DEBUG: SELECT TABLE_NAME AS `Table`, NON_UNIQUE AS Non_Unique, INDEX_NAME AS Key_name, SEQ_IN_INDEX AS Seq_in_index, COLUMN_NAME AS Column_Name, COLLATION AS Collation, CARDINALITY AS Cardinality, SUB_PART AS Sub_Part, PACKED AS Packed, NULLABLE AS `Null`, INDEX_TYPE AS Index_Type, COMMENT AS Comment FROM information_schema.STATISTICS WHERE TABLE_NAME = 'lieux' AND TABLE_SCHEMA = 'projet_sortie' ORDER BY SEQ_IN_INDEX ASC [] []
[2019-09-30 13:07:12] doctrine.DEBUG: SELECT ENGINE, AUTO_INCREMENT, TABLE_COLLATION, TABLE_COMMENT, CREATE_OPTIONS FROM information_schema.TABLES WHERE TABLE_TYPE = 'BASE TABLE' AND TABLE_SCHEMA = DATABASE() AND TABLE_NAME = 'lieux' [] []
[2019-09-30 13:07:12] doctrine.DEBUG: SELECT COLUMN_NAME AS Field, COLUMN_TYPE AS Type, IS_NULLABLE AS `Null`, COLUMN_KEY AS `Key`, COLUMN_DEFAULT AS `Default`, EXTRA AS Extra, COLUMN_COMMENT AS Comment, CHARACTER_SET_NAME AS CharacterSet, COLLATION_NAME AS Collation FROM information_schema.COLUMNS WHERE TABLE_SCHEMA = 'projet_sortie' AND TABLE_NAME = 'participants' ORDER BY ORDINAL_POSITION ASC [] []
[2019-09-30 13:07:12] doctrine.DEBUG: SELECT DISTINCT k.`CONSTRAINT_NAME`, k.`COLUMN_NAME`, k.`REFERENCED_TABLE_NAME`, k.`REFERENCED_COLUMN_NAME` /*!50116 , c.update_rule, c.delete_rule */ FROM information_schema.key_column_usage k /*!50116 INNER JOIN information_schema.referential_constraints c ON   c.constraint_name = k.constraint_name AND   c.table_name = 'participants' */ WHERE k.table_name = 'participants' AND k.table_schema = 'projet_sortie' /*!50116 AND c.constraint_schema = 'projet_sortie' */ AND k.`REFERENCED_COLUMN_NAME` is not NULL [] []
[2019-09-30 13:07:12] doctrine.DEBUG: SELECT TABLE_NAME AS `Table`, NON_UNIQUE AS Non_Unique, INDEX_NAME AS Key_name, SEQ_IN_INDEX AS Seq_in_index, COLUMN_NAME AS Column_Name, COLLATION AS Collation, CARDINALITY AS Cardinality, SUB_PART AS Sub_Part, PACKED AS Packed, NULLABLE AS `Null`, INDEX_TYPE AS Index_Type, COMMENT AS Comment FROM information_schema.STATISTICS WHERE TABLE_NAME = 'participants' AND TABLE_SCHEMA = 'projet_sortie' ORDER BY SEQ_IN_INDEX ASC [] []
[2019-09-30 13:07:12] doctrine.DEBUG: SELECT ENGINE, AUTO_INCREMENT, TABLE_COLLATION, TABLE_COMMENT, CREATE_OPTIONS FROM information_schema.TABLES WHERE TABLE_TYPE = 'BASE TABLE' AND TABLE_SCHEMA = DATABASE() AND TABLE_NAME = 'participants' [] []
[2019-09-30 13:07:12] doctrine.DEBUG: SELECT COLUMN_NAME AS Field, COLUMN_TYPE AS Type, IS_NULLABLE AS `Null`, COLUMN_KEY AS `Key`, COLUMN_DEFAULT AS `Default`, EXTRA AS Extra, COLUMN_COMMENT AS Comment, CHARACTER_SET_NAME AS CharacterSet, COLLATION_NAME AS Collation FROM information_schema.COLUMNS WHERE TABLE_SCHEMA = 'projet_sortie' AND TABLE_NAME = 'sites' ORDER BY ORDINAL_POSITION ASC [] []
[2019-09-30 13:07:12] doctrine.DEBUG: SELECT DISTINCT k.`CONSTRAINT_NAME`, k.`COLUMN_NAME`, k.`REFERENCED_TABLE_NAME`, k.`REFERENCED_COLUMN_NAME` /*!50116 , c.update_rule, c.delete_rule */ FROM information_schema.key_column_usage k /*!50116 INNER JOIN information_schema.referential_constraints c ON   c.constraint_name = k.constraint_name AND   c.table_name = 'sites' */ WHERE k.table_name = 'sites' AND k.table_schema = 'projet_sortie' /*!50116 AND c.constraint_schema = 'projet_sortie' */ AND k.`REFERENCED_COLUMN_NAME` is not NULL [] []
[2019-09-30 13:07:12] doctrine.DEBUG: SELECT TABLE_NAME AS `Table`, NON_UNIQUE AS Non_Unique, INDEX_NAME AS Key_name, SEQ_IN_INDEX AS Seq_in_index, COLUMN_NAME AS Column_Name, COLLATION AS Collation, CARDINALITY AS Cardinality, SUB_PART AS Sub_Part, PACKED AS Packed, NULLABLE AS `Null`, INDEX_TYPE AS Index_Type, COMMENT AS Comment FROM information_schema.STATISTICS WHERE TABLE_NAME = 'sites' AND TABLE_SCHEMA = 'projet_sortie' ORDER BY SEQ_IN_INDEX ASC [] []
[2019-09-30 13:07:12] doctrine.DEBUG: SELECT ENGINE, AUTO_INCREMENT, TABLE_COLLATION, TABLE_COMMENT, CREATE_OPTIONS FROM information_schema.TABLES WHERE TABLE_TYPE = 'BASE TABLE' AND TABLE_SCHEMA = DATABASE() AND TABLE_NAME = 'sites' [] []
[2019-09-30 13:07:12] doctrine.DEBUG: SELECT COLUMN_NAME AS Field, COLUMN_TYPE AS Type, IS_NULLABLE AS `Null`, COLUMN_KEY AS `Key`, COLUMN_DEFAULT AS `Default`, EXTRA AS Extra, COLUMN_COMMENT AS Comment, CHARACTER_SET_NAME AS CharacterSet, COLLATION_NAME AS Collation FROM information_schema.COLUMNS WHERE TABLE_SCHEMA = 'projet_sortie' AND TABLE_NAME = 'sorties' ORDER BY ORDINAL_POSITION ASC [] []
[2019-09-30 13:07:12] doctrine.DEBUG: SELECT DISTINCT k.`CONSTRAINT_NAME`, k.`COLUMN_NAME`, k.`REFERENCED_TABLE_NAME`, k.`REFERENCED_COLUMN_NAME` /*!50116 , c.update_rule, c.delete_rule */ FROM information_schema.key_column_usage k /*!50116 INNER JOIN information_schema.referential_constraints c ON   c.constraint_name = k.constraint_name AND   c.table_name = 'sorties' */ WHERE k.table_name = 'sorties' AND k.table_schema = 'projet_sortie' /*!50116 AND c.constraint_schema = 'projet_sortie' */ AND k.`REFERENCED_COLUMN_NAME` is not NULL [] []
[2019-09-30 13:07:12] doctrine.DEBUG: SELECT TABLE_NAME AS `Table`, NON_UNIQUE AS Non_Unique, INDEX_NAME AS Key_name, SEQ_IN_INDEX AS Seq_in_index, COLUMN_NAME AS Column_Name, COLLATION AS Collation, CARDINALITY AS Cardinality, SUB_PART AS Sub_Part, PACKED AS Packed, NULLABLE AS `Null`, INDEX_TYPE AS Index_Type, COMMENT AS Comment FROM information_schema.STATISTICS WHERE TABLE_NAME = 'sorties' AND TABLE_SCHEMA = 'projet_sortie' ORDER BY SEQ_IN_INDEX ASC [] []
[2019-09-30 13:07:12] doctrine.DEBUG: SELECT ENGINE, AUTO_INCREMENT, TABLE_COLLATION, TABLE_COMMENT, CREATE_OPTIONS FROM information_schema.TABLES WHERE TABLE_TYPE = 'BASE TABLE' AND TABLE_SCHEMA = DATABASE() AND TABLE_NAME = 'sorties' [] []
[2019-09-30 13:07:12] doctrine.DEBUG: SELECT COLUMN_NAME AS Field, COLUMN_TYPE AS Type, IS_NULLABLE AS `Null`, COLUMN_KEY AS `Key`, COLUMN_DEFAULT AS `Default`, EXTRA AS Extra, COLUMN_COMMENT AS Comment, CHARACTER_SET_NAME AS CharacterSet, COLLATION_NAME AS Collation FROM information_schema.COLUMNS WHERE TABLE_SCHEMA = 'projet_sortie' AND TABLE_NAME = 'villes' ORDER BY ORDINAL_POSITION ASC [] []
[2019-09-30 13:07:12] doctrine.DEBUG: SELECT DISTINCT k.`CONSTRAINT_NAME`, k.`COLUMN_NAME`, k.`REFERENCED_TABLE_NAME`, k.`REFERENCED_COLUMN_NAME` /*!50116 , c.update_rule, c.delete_rule */ FROM information_schema.key_column_usage k /*!50116 INNER JOIN information_schema.referential_constraints c ON   c.constraint_name = k.constraint_name AND   c.table_name = 'villes' */ WHERE k.table_name = 'villes' AND k.table_schema = 'projet_sortie' /*!50116 AND c.constraint_schema = 'projet_sortie' */ AND k.`REFERENCED_COLUMN_NAME` is not NULL [] []
[2019-09-30 13:07:12] doctrine.DEBUG: SELECT TABLE_NAME AS `Table`, NON_UNIQUE AS Non_Unique, INDEX_NAME AS Key_name, SEQ_IN_INDEX AS Seq_in_index, COLUMN_NAME AS Column_Name, COLLATION AS Collation, CARDINALITY AS Cardinality, SUB_PART AS Sub_Part, PACKED AS Packed, NULLABLE AS `Null`, INDEX_TYPE AS Index_Type, COMMENT AS Comment FROM information_schema.STATISTICS WHERE TABLE_NAME = 'villes' AND TABLE_SCHEMA = 'projet_sortie' ORDER BY SEQ_IN_INDEX ASC [] []
[2019-09-30 13:07:12] doctrine.DEBUG: SELECT ENGINE, AUTO_INCREMENT, TABLE_COLLATION, TABLE_COMMENT, CREATE_OPTIONS FROM information_schema.TABLES WHERE TABLE_TYPE = 'BASE TABLE' AND TABLE_SCHEMA = DATABASE() AND TABLE_NAME = 'villes' [] []
[2019-09-30 13:08:24] doctrine.DEBUG: SHOW FULL TABLES WHERE Table_type = 'BASE TABLE' [] []
[2019-09-30 13:08:24] doctrine.DEBUG: SELECT COLUMN_NAME AS Field, COLUMN_TYPE AS Type, IS_NULLABLE AS `Null`, COLUMN_KEY AS `Key`, COLUMN_DEFAULT AS `Default`, EXTRA AS Extra, COLUMN_COMMENT AS Comment, CHARACTER_SET_NAME AS CharacterSet, COLLATION_NAME AS Collation FROM information_schema.COLUMNS WHERE TABLE_SCHEMA = 'projet_sortie' AND TABLE_NAME = 'etats' ORDER BY ORDINAL_POSITION ASC [] []
[2019-09-30 13:08:24] doctrine.DEBUG: SELECT DISTINCT k.`CONSTRAINT_NAME`, k.`COLUMN_NAME`, k.`REFERENCED_TABLE_NAME`, k.`REFERENCED_COLUMN_NAME` /*!50116 , c.update_rule, c.delete_rule */ FROM information_schema.key_column_usage k /*!50116 INNER JOIN information_schema.referential_constraints c ON   c.constraint_name = k.constraint_name AND   c.table_name = 'etats' */ WHERE k.table_name = 'etats' AND k.table_schema = 'projet_sortie' /*!50116 AND c.constraint_schema = 'projet_sortie' */ AND k.`REFERENCED_COLUMN_NAME` is not NULL [] []
[2019-09-30 13:08:24] doctrine.DEBUG: SELECT TABLE_NAME AS `Table`, NON_UNIQUE AS Non_Unique, INDEX_NAME AS Key_name, SEQ_IN_INDEX AS Seq_in_index, COLUMN_NAME AS Column_Name, COLLATION AS Collation, CARDINALITY AS Cardinality, SUB_PART AS Sub_Part, PACKED AS Packed, NULLABLE AS `Null`, INDEX_TYPE AS Index_Type, COMMENT AS Comment FROM information_schema.STATISTICS WHERE TABLE_NAME = 'etats' AND TABLE_SCHEMA = 'projet_sortie' ORDER BY SEQ_IN_INDEX ASC [] []
[2019-09-30 13:08:24] doctrine.DEBUG: SELECT ENGINE, AUTO_INCREMENT, TABLE_COLLATION, TABLE_COMMENT, CREATE_OPTIONS FROM information_schema.TABLES WHERE TABLE_TYPE = 'BASE TABLE' AND TABLE_SCHEMA = DATABASE() AND TABLE_NAME = 'etats' [] []
[2019-09-30 13:08:24] doctrine.DEBUG: SELECT COLUMN_NAME AS Field, COLUMN_TYPE AS Type, IS_NULLABLE AS `Null`, COLUMN_KEY AS `Key`, COLUMN_DEFAULT AS `Default`, EXTRA AS Extra, COLUMN_COMMENT AS Comment, CHARACTER_SET_NAME AS CharacterSet, COLLATION_NAME AS Collation FROM information_schema.COLUMNS WHERE TABLE_SCHEMA = 'projet_sortie' AND TABLE_NAME = 'inscriptions' ORDER BY ORDINAL_POSITION ASC [] []
[2019-09-30 13:08:24] doctrine.DEBUG: SELECT DISTINCT k.`CONSTRAINT_NAME`, k.`COLUMN_NAME`, k.`REFERENCED_TABLE_NAME`, k.`REFERENCED_COLUMN_NAME` /*!50116 , c.update_rule, c.delete_rule */ FROM information_schema.key_column_usage k /*!50116 INNER JOIN information_schema.referential_constraints c ON   c.constraint_name = k.constraint_name AND   c.table_name = 'inscriptions' */ WHERE k.table_name = 'inscriptions' AND k.table_schema = 'projet_sortie' /*!50116 AND c.constraint_schema = 'projet_sortie' */ AND k.`REFERENCED_COLUMN_NAME` is not NULL [] []
[2019-09-30 13:08:24] doctrine.DEBUG: SELECT TABLE_NAME AS `Table`, NON_UNIQUE AS Non_Unique, INDEX_NAME AS Key_name, SEQ_IN_INDEX AS Seq_in_index, COLUMN_NAME AS Column_Name, COLLATION AS Collation, CARDINALITY AS Cardinality, SUB_PART AS Sub_Part, PACKED AS Packed, NULLABLE AS `Null`, INDEX_TYPE AS Index_Type, COMMENT AS Comment FROM information_schema.STATISTICS WHERE TABLE_NAME = 'inscriptions' AND TABLE_SCHEMA = 'projet_sortie' ORDER BY SEQ_IN_INDEX ASC [] []
[2019-09-30 13:08:24] doctrine.DEBUG: SELECT ENGINE, AUTO_INCREMENT, TABLE_COLLATION, TABLE_COMMENT, CREATE_OPTIONS FROM information_schema.TABLES WHERE TABLE_TYPE = 'BASE TABLE' AND TABLE_SCHEMA = DATABASE() AND TABLE_NAME = 'inscriptions' [] []
[2019-09-30 13:08:24] doctrine.DEBUG: SELECT COLUMN_NAME AS Field, COLUMN_TYPE AS Type, IS_NULLABLE AS `Null`, COLUMN_KEY AS `Key`, COLUMN_DEFAULT AS `Default`, EXTRA AS Extra, COLUMN_COMMENT AS Comment, CHARACTER_SET_NAME AS CharacterSet, COLLATION_NAME AS Collation FROM information_schema.COLUMNS WHERE TABLE_SCHEMA = 'projet_sortie' AND TABLE_NAME = 'lieux' ORDER BY ORDINAL_POSITION ASC [] []
[2019-09-30 13:08:24] doctrine.DEBUG: SELECT DISTINCT k.`CONSTRAINT_NAME`, k.`COLUMN_NAME`, k.`REFERENCED_TABLE_NAME`, k.`REFERENCED_COLUMN_NAME` /*!50116 , c.update_rule, c.delete_rule */ FROM information_schema.key_column_usage k /*!50116 INNER JOIN information_schema.referential_constraints c ON   c.constraint_name = k.constraint_name AND   c.table_name = 'lieux' */ WHERE k.table_name = 'lieux' AND k.table_schema = 'projet_sortie' /*!50116 AND c.constraint_schema = 'projet_sortie' */ AND k.`REFERENCED_COLUMN_NAME` is not NULL [] []
[2019-09-30 13:08:24] doctrine.DEBUG: SELECT TABLE_NAME AS `Table`, NON_UNIQUE AS Non_Unique, INDEX_NAME AS Key_name, SEQ_IN_INDEX AS Seq_in_index, COLUMN_NAME AS Column_Name, COLLATION AS Collation, CARDINALITY AS Cardinality, SUB_PART AS Sub_Part, PACKED AS Packed, NULLABLE AS `Null`, INDEX_TYPE AS Index_Type, COMMENT AS Comment FROM information_schema.STATISTICS WHERE TABLE_NAME = 'lieux' AND TABLE_SCHEMA = 'projet_sortie' ORDER BY SEQ_IN_INDEX ASC [] []
[2019-09-30 13:08:24] doctrine.DEBUG: SELECT ENGINE, AUTO_INCREMENT, TABLE_COLLATION, TABLE_COMMENT, CREATE_OPTIONS FROM information_schema.TABLES WHERE TABLE_TYPE = 'BASE TABLE' AND TABLE_SCHEMA = DATABASE() AND TABLE_NAME = 'lieux' [] []
[2019-09-30 13:08:24] doctrine.DEBUG: SELECT COLUMN_NAME AS Field, COLUMN_TYPE AS Type, IS_NULLABLE AS `Null`, COLUMN_KEY AS `Key`, COLUMN_DEFAULT AS `Default`, EXTRA AS Extra, COLUMN_COMMENT AS Comment, CHARACTER_SET_NAME AS CharacterSet, COLLATION_NAME AS Collation FROM information_schema.COLUMNS WHERE TABLE_SCHEMA = 'projet_sortie' AND TABLE_NAME = 'participants' ORDER BY ORDINAL_POSITION ASC [] []
[2019-09-30 13:08:24] doctrine.DEBUG: SELECT DISTINCT k.`CONSTRAINT_NAME`, k.`COLUMN_NAME`, k.`REFERENCED_TABLE_NAME`, k.`REFERENCED_COLUMN_NAME` /*!50116 , c.update_rule, c.delete_rule */ FROM information_schema.key_column_usage k /*!50116 INNER JOIN information_schema.referential_constraints c ON   c.constraint_name = k.constraint_name AND   c.table_name = 'participants' */ WHERE k.table_name = 'participants' AND k.table_schema = 'projet_sortie' /*!50116 AND c.constraint_schema = 'projet_sortie' */ AND k.`REFERENCED_COLUMN_NAME` is not NULL [] []
[2019-09-30 13:08:24] doctrine.DEBUG: SELECT TABLE_NAME AS `Table`, NON_UNIQUE AS Non_Unique, INDEX_NAME AS Key_name, SEQ_IN_INDEX AS Seq_in_index, COLUMN_NAME AS Column_Name, COLLATION AS Collation, CARDINALITY AS Cardinality, SUB_PART AS Sub_Part, PACKED AS Packed, NULLABLE AS `Null`, INDEX_TYPE AS Index_Type, COMMENT AS Comment FROM information_schema.STATISTICS WHERE TABLE_NAME = 'participants' AND TABLE_SCHEMA = 'projet_sortie' ORDER BY SEQ_IN_INDEX ASC [] []
[2019-09-30 13:08:24] doctrine.DEBUG: SELECT ENGINE, AUTO_INCREMENT, TABLE_COLLATION, TABLE_COMMENT, CREATE_OPTIONS FROM information_schema.TABLES WHERE TABLE_TYPE = 'BASE TABLE' AND TABLE_SCHEMA = DATABASE() AND TABLE_NAME = 'participants' [] []
[2019-09-30 13:08:24] doctrine.DEBUG: SELECT COLUMN_NAME AS Field, COLUMN_TYPE AS Type, IS_NULLABLE AS `Null`, COLUMN_KEY AS `Key`, COLUMN_DEFAULT AS `Default`, EXTRA AS Extra, COLUMN_COMMENT AS Comment, CHARACTER_SET_NAME AS CharacterSet, COLLATION_NAME AS Collation FROM information_schema.COLUMNS WHERE TABLE_SCHEMA = 'projet_sortie' AND TABLE_NAME = 'sites' ORDER BY ORDINAL_POSITION ASC [] []
[2019-09-30 13:08:24] doctrine.DEBUG: SELECT DISTINCT k.`CONSTRAINT_NAME`, k.`COLUMN_NAME`, k.`REFERENCED_TABLE_NAME`, k.`REFERENCED_COLUMN_NAME` /*!50116 , c.update_rule, c.delete_rule */ FROM information_schema.key_column_usage k /*!50116 INNER JOIN information_schema.referential_constraints c ON   c.constraint_name = k.constraint_name AND   c.table_name = 'sites' */ WHERE k.table_name = 'sites' AND k.table_schema = 'projet_sortie' /*!50116 AND c.constraint_schema = 'projet_sortie' */ AND k.`REFERENCED_COLUMN_NAME` is not NULL [] []
[2019-09-30 13:08:24] doctrine.DEBUG: SELECT TABLE_NAME AS `Table`, NON_UNIQUE AS Non_Unique, INDEX_NAME AS Key_name, SEQ_IN_INDEX AS Seq_in_index, COLUMN_NAME AS Column_Name, COLLATION AS Collation, CARDINALITY AS Cardinality, SUB_PART AS Sub_Part, PACKED AS Packed, NULLABLE AS `Null`, INDEX_TYPE AS Index_Type, COMMENT AS Comment FROM information_schema.STATISTICS WHERE TABLE_NAME = 'sites' AND TABLE_SCHEMA = 'projet_sortie' ORDER BY SEQ_IN_INDEX ASC [] []
[2019-09-30 13:08:24] doctrine.DEBUG: SELECT ENGINE, AUTO_INCREMENT, TABLE_COLLATION, TABLE_COMMENT, CREATE_OPTIONS FROM information_schema.TABLES WHERE TABLE_TYPE = 'BASE TABLE' AND TABLE_SCHEMA = DATABASE() AND TABLE_NAME = 'sites' [] []
[2019-09-30 13:08:24] doctrine.DEBUG: SELECT COLUMN_NAME AS Field, COLUMN_TYPE AS Type, IS_NULLABLE AS `Null`, COLUMN_KEY AS `Key`, COLUMN_DEFAULT AS `Default`, EXTRA AS Extra, COLUMN_COMMENT AS Comment, CHARACTER_SET_NAME AS CharacterSet, COLLATION_NAME AS Collation FROM information_schema.COLUMNS WHERE TABLE_SCHEMA = 'projet_sortie' AND TABLE_NAME = 'sorties' ORDER BY ORDINAL_POSITION ASC [] []
[2019-09-30 13:08:24] doctrine.DEBUG: SELECT DISTINCT k.`CONSTRAINT_NAME`, k.`COLUMN_NAME`, k.`REFERENCED_TABLE_NAME`, k.`REFERENCED_COLUMN_NAME` /*!50116 , c.update_rule, c.delete_rule */ FROM information_schema.key_column_usage k /*!50116 INNER JOIN information_schema.referential_constraints c ON   c.constraint_name = k.constraint_name AND   c.table_name = 'sorties' */ WHERE k.table_name = 'sorties' AND k.table_schema = 'projet_sortie' /*!50116 AND c.constraint_schema = 'projet_sortie' */ AND k.`REFERENCED_COLUMN_NAME` is not NULL [] []
[2019-09-30 13:08:24] doctrine.DEBUG: SELECT TABLE_NAME AS `Table`, NON_UNIQUE AS Non_Unique, INDEX_NAME AS Key_name, SEQ_IN_INDEX AS Seq_in_index, COLUMN_NAME AS Column_Name, COLLATION AS Collation, CARDINALITY AS Cardinality, SUB_PART AS Sub_Part, PACKED AS Packed, NULLABLE AS `Null`, INDEX_TYPE AS Index_Type, COMMENT AS Comment FROM information_schema.STATISTICS WHERE TABLE_NAME = 'sorties' AND TABLE_SCHEMA = 'projet_sortie' ORDER BY SEQ_IN_INDEX ASC [] []
[2019-09-30 13:08:24] doctrine.DEBUG: SELECT ENGINE, AUTO_INCREMENT, TABLE_COLLATION, TABLE_COMMENT, CREATE_OPTIONS FROM information_schema.TABLES WHERE TABLE_TYPE = 'BASE TABLE' AND TABLE_SCHEMA = DATABASE() AND TABLE_NAME = 'sorties' [] []
[2019-09-30 13:08:24] doctrine.DEBUG: SELECT COLUMN_NAME AS Field, COLUMN_TYPE AS Type, IS_NULLABLE AS `Null`, COLUMN_KEY AS `Key`, COLUMN_DEFAULT AS `Default`, EXTRA AS Extra, COLUMN_COMMENT AS Comment, CHARACTER_SET_NAME AS CharacterSet, COLLATION_NAME AS Collation FROM information_schema.COLUMNS WHERE TABLE_SCHEMA = 'projet_sortie' AND TABLE_NAME = 'villes' ORDER BY ORDINAL_POSITION ASC [] []
[2019-09-30 13:08:24] doctrine.DEBUG: SELECT DISTINCT k.`CONSTRAINT_NAME`, k.`COLUMN_NAME`, k.`REFERENCED_TABLE_NAME`, k.`REFERENCED_COLUMN_NAME` /*!50116 , c.update_rule, c.delete_rule */ FROM information_schema.key_column_usage k /*!50116 INNER JOIN information_schema.referential_constraints c ON   c.constraint_name = k.constraint_name AND   c.table_name = 'villes' */ WHERE k.table_name = 'villes' AND k.table_schema = 'projet_sortie' /*!50116 AND c.constraint_schema = 'projet_sortie' */ AND k.`REFERENCED_COLUMN_NAME` is not NULL [] []
[2019-09-30 13:08:24] doctrine.DEBUG: SELECT TABLE_NAME AS `Table`, NON_UNIQUE AS Non_Unique, INDEX_NAME AS Key_name, SEQ_IN_INDEX AS Seq_in_index, COLUMN_NAME AS Column_Name, COLLATION AS Collation, CARDINALITY AS Cardinality, SUB_PART AS Sub_Part, PACKED AS Packed, NULLABLE AS `Null`, INDEX_TYPE AS Index_Type, COMMENT AS Comment FROM information_schema.STATISTICS WHERE TABLE_NAME = 'villes' AND TABLE_SCHEMA = 'projet_sortie' ORDER BY SEQ_IN_INDEX ASC [] []
[2019-09-30 13:08:24] doctrine.DEBUG: SELECT ENGINE, AUTO_INCREMENT, TABLE_COLLATION, TABLE_COMMENT, CREATE_OPTIONS FROM information_schema.TABLES WHERE TABLE_TYPE = 'BASE TABLE' AND TABLE_SCHEMA = DATABASE() AND TABLE_NAME = 'villes' [] []
[2019-09-30 14:17:07] php.DEBUG: Warning: filemtime(): stat failed for /Users/ychocteau/projet-eni/config/routes/dev/twig.yaml {"exception":"[object] (Symfony\\Component\\Debug\\Exception\\SilencedErrorContext: {\"severity\":2,\"file\":\"C:\\\\wamp\\\\www\\\\ENI-Projet_symfony\\\\vendor\\\\symfony\\\\config\\\\Resource\\\\FileResource.php\",\"line\":63,\"trace\":[{\"file\":\"C:\\\\wamp\\\\www\\\\ENI-Projet_symfony\\\\vendor\\\\symfony\\\\config\\\\Resource\\\\SelfCheckingResourceChecker.php\",\"line\":34,\"function\":\"isFresh\",\"class\":\"Symfony\\\\Component\\\\Config\\\\Resource\\\\FileResource\",\"type\":\"->\"}],\"count\":1})"} []
[2019-09-30 14:51:51] request.CRITICAL: Uncaught PHP Exception Symfony\Component\Config\Exception\FileLoaderLoadException: "[Semantical Error] The annotation "@Route" in method App\Controller\SortieController::afficherListe() was never imported. Did you maybe forget to add a "use" statement for this annotation? in C:\wamp\www\ENI-Projet_symfony\config/routes\../../src/Controller/ (which is being imported from "C:\wamp\www\ENI-Projet_symfony\config/routes/annotations.yaml"). Make sure annotations are installed and enabled." at C:\wamp\www\ENI-Projet_symfony\vendor\symfony\config\Loader\FileLoader.php line 168 {"exception":"[object] (Symfony\\Component\\Config\\Exception\\FileLoaderLoadException(code: 0): [Semantical Error] The annotation \"@Route\" in method App\\Controller\\SortieController::afficherListe() was never imported. Did you maybe forget to add a \"use\" statement for this annotation? in C:\\wamp\\www\\ENI-Projet_symfony\\config/routes\\../../src/Controller/ (which is being imported from \"C:\\wamp\\www\\ENI-Projet_symfony\\config/routes/annotations.yaml\"). Make sure annotations are installed and enabled. at C:\\wamp\\www\\ENI-Projet_symfony\\vendor\\symfony\\config\\Loader\\FileLoader.php:168, Doctrine\\Common\\Annotations\\AnnotationException(code: 0): [Semantical Error] The annotation \"@Route\" in method App\\Controller\\SortieController::afficherListe() was never imported. Did you maybe forget to add a \"use\" statement for this annotation? at C:\\wamp\\www\\ENI-Projet_symfony\\vendor\\doctrine\\annotations\\lib\\Doctrine\\Common\\Annotations\\AnnotationException.php:54)"} []
[2019-09-30 14:51:51] request.CRITICAL: Exception thrown when handling an exception (Twig\Error\RuntimeError: An exception has been thrown during the rendering of a template ("[Semantical Error] The annotation "@Route" in method App\Controller\SortieController::afficherListe() was never imported. Did you maybe forget to add a "use" statement for this annotation? in C:\wamp\www\ENI-Projet_symfony\config/routes\../../src/Controller/ (which is being imported from "C:\wamp\www\ENI-Projet_symfony\config/routes/annotations.yaml"). Make sure annotations are installed and enabled."). at C:\wamp\www\ENI-Projet_symfony\vendor\symfony\twig-bundle\Resources\views\Exception\trace.html.twig line 13) {"exception":"[object] (Twig\\Error\\RuntimeError(code: 0): An exception has been thrown during the rendering of a template (\"[Semantical Error] The annotation \"@Route\" in method App\\Controller\\SortieController::afficherListe() was never imported. Did you maybe forget to add a \"use\" statement for this annotation? in C:\\wamp\\www\\ENI-Projet_symfony\\config/routes\\../../src/Controller/ (which is being imported from \"C:\\wamp\\www\\ENI-Projet_symfony\\config/routes/annotations.yaml\"). Make sure annotations are installed and enabled.\"). at C:\\wamp\\www\\ENI-Projet_symfony\\vendor\\symfony\\twig-bundle\\Resources\\views\\Exception\\trace.html.twig:13, Symfony\\Component\\Config\\Exception\\FileLoaderLoadException(code: 0): [Semantical Error] The annotation \"@Route\" in method App\\Controller\\SortieController::afficherListe() was never imported. Did you maybe forget to add a \"use\" statement for this annotation? in C:\\wamp\\www\\ENI-Projet_symfony\\config/routes\\../../src/Controller/ (which is being imported from \"C:\\wamp\\www\\ENI-Projet_symfony\\config/routes/annotations.yaml\"). Make sure annotations are installed and enabled. at C:\\wamp\\www\\ENI-Projet_symfony\\vendor\\symfony\\config\\Loader\\FileLoader.php:168, Doctrine\\Common\\Annotations\\AnnotationException(code: 0): [Semantical Error] The annotation \"@Route\" in method App\\Controller\\SortieController::afficherListe() was never imported. Did you maybe forget to add a \"use\" statement for this annotation? at C:\\wamp\\www\\ENI-Projet_symfony\\vendor\\doctrine\\annotations\\lib\\Doctrine\\Common\\Annotations\\AnnotationException.php:54)"} []
[2019-09-30 14:51:51] php.CRITICAL: Uncaught Exception: An exception has been thrown during the rendering of a template ("[Semantical Error] The annotation "@Route" in method App\Controller\SortieController::afficherListe() was never imported. Did you maybe forget to add a "use" statement for this annotation? in C:\wamp\www\ENI-Projet_symfony\config/routes\../../src/Controller/ (which is being imported from "C:\wamp\www\ENI-Projet_symfony\config/routes/annotations.yaml"). Make sure annotations are installed and enabled."). {"exception":"[object] (Twig\\Error\\RuntimeError(code: 0): An exception has been thrown during the rendering of a template (\"[Semantical Error] The annotation \"@Route\" in method App\\Controller\\SortieController::afficherListe() was never imported. Did you maybe forget to add a \"use\" statement for this annotation? in C:\\wamp\\www\\ENI-Projet_symfony\\config/routes\\../../src/Controller/ (which is being imported from \"C:\\wamp\\www\\ENI-Projet_symfony\\config/routes/annotations.yaml\"). Make sure annotations are installed and enabled.\"). at C:\\wamp\\www\\ENI-Projet_symfony\\vendor\\symfony\\twig-bundle\\Resources\\views\\Exception\\trace.html.twig:13, Symfony\\Component\\Config\\Exception\\FileLoaderLoadException(code: 0): [Semantical Error] The annotation \"@Route\" in method App\\Controller\\SortieController::afficherListe() was never imported. Did you maybe forget to add a \"use\" statement for this annotation? in C:\\wamp\\www\\ENI-Projet_symfony\\config/routes\\../../src/Controller/ (which is being imported from \"C:\\wamp\\www\\ENI-Projet_symfony\\config/routes/annotations.yaml\"). Make sure annotations are installed and enabled. at C:\\wamp\\www\\ENI-Projet_symfony\\vendor\\symfony\\config\\Loader\\FileLoader.php:168, Doctrine\\Common\\Annotations\\AnnotationException(code: 0): [Semantical Error] The annotation \"@Route\" in method App\\Controller\\SortieController::afficherListe() was never imported. Did you maybe forget to add a \"use\" statement for this annotation? at C:\\wamp\\www\\ENI-Projet_symfony\\vendor\\doctrine\\annotations\\lib\\Doctrine\\Common\\Annotations\\AnnotationException.php:54, Symfony\\Component\\Config\\Exception\\FileLoaderLoadException(code: 0): [Semantical Error] The annotation \"@Route\" in method App\\Controller\\SortieController::afficherListe() was never imported. Did you maybe forget to add a \"use\" statement for this annotation? in C:\\wamp\\www\\ENI-Projet_symfony\\config/routes\\../../src/Controller/ (which is being imported from \"C:\\wamp\\www\\ENI-Projet_symfony\\config/routes/annotations.yaml\"). Make sure annotations are installed and enabled. at C:\\wamp\\www\\ENI-Projet_symfony\\vendor\\symfony\\config\\Loader\\FileLoader.php:168, Doctrine\\Common\\Annotations\\AnnotationException(code: 0): [Semantical Error] The annotation \"@Route\" in method App\\Controller\\SortieController::afficherListe() was never imported. Did you maybe forget to add a \"use\" statement for this annotation? at C:\\wamp\\www\\ENI-Projet_symfony\\vendor\\doctrine\\annotations\\lib\\Doctrine\\Common\\Annotations\\AnnotationException.php:54)"} []
[2019-09-30 14:51:58] request.CRITICAL: Uncaught PHP Exception Twig\Error\RuntimeError: "An exception has been thrown during the rendering of a template ("[Semantical Error] The annotation "@Route" in method App\Controller\SortieController::afficherListe() was never imported. Did you maybe forget to add a "use" statement for this annotation? in C:\wamp\www\ENI-Projet_symfony\config/routes\../../src/Controller/ (which is being imported from "C:\wamp\www\ENI-Projet_symfony\config/routes/annotations.yaml"). Make sure annotations are installed and enabled.")." at C:\wamp\www\ENI-Projet_symfony\vendor\symfony\twig-bundle\Resources\views\Exception\trace.html.twig line 13 {"exception":"[object] (Twig\\Error\\RuntimeError(code: 0): An exception has been thrown during the rendering of a template (\"[Semantical Error] The annotation \"@Route\" in method App\\Controller\\SortieController::afficherListe() was never imported. Did you maybe forget to add a \"use\" statement for this annotation? in C:\\wamp\\www\\ENI-Projet_symfony\\config/routes\\../../src/Controller/ (which is being imported from \"C:\\wamp\\www\\ENI-Projet_symfony\\config/routes/annotations.yaml\"). Make sure annotations are installed and enabled.\"). at C:\\wamp\\www\\ENI-Projet_symfony\\vendor\\symfony\\twig-bundle\\Resources\\views\\Exception\\trace.html.twig:13, Symfony\\Component\\Config\\Exception\\FileLoaderLoadException(code: 0): [Semantical Error] The annotation \"@Route\" in method App\\Controller\\SortieController::afficherListe() was never imported. Did you maybe forget to add a \"use\" statement for this annotation? in C:\\wamp\\www\\ENI-Projet_symfony\\config/routes\\../../src/Controller/ (which is being imported from \"C:\\wamp\\www\\ENI-Projet_symfony\\config/routes/annotations.yaml\"). Make sure annotations are installed and enabled. at C:\\wamp\\www\\ENI-Projet_symfony\\vendor\\symfony\\config\\Loader\\FileLoader.php:168, Doctrine\\Common\\Annotations\\AnnotationException(code: 0): [Semantical Error] The annotation \"@Route\" in method App\\Controller\\SortieController::afficherListe() was never imported. Did you maybe forget to add a \"use\" statement for this annotation? at C:\\wamp\\www\\ENI-Projet_symfony\\vendor\\doctrine\\annotations\\lib\\Doctrine\\Common\\Annotations\\AnnotationException.php:54, Symfony\\Component\\Config\\Exception\\FileLoaderLoadException(code: 0): [Semantical Error] The annotation \"@Route\" in method App\\Controller\\SortieController::afficherListe() was never imported. Did you maybe forget to add a \"use\" statement for this annotation? in C:\\wamp\\www\\ENI-Projet_symfony\\config/routes\\../../src/Controller/ (which is being imported from \"C:\\wamp\\www\\ENI-Projet_symfony\\config/routes/annotations.yaml\"). Make sure annotations are installed and enabled. at C:\\wamp\\www\\ENI-Projet_symfony\\vendor\\symfony\\config\\Loader\\FileLoader.php:168, Doctrine\\Common\\Annotations\\AnnotationException(code: 0): [Semantical Error] The annotation \"@Route\" in method App\\Controller\\SortieController::afficherListe() was never imported. Did you maybe forget to add a \"use\" statement for this annotation? at C:\\wamp\\www\\ENI-Projet_symfony\\vendor\\doctrine\\annotations\\lib\\Doctrine\\Common\\Annotations\\AnnotationException.php:54)"} []
[2019-09-30 14:51:58] request.CRITICAL: Exception thrown when handling an exception (Twig\Error\RuntimeError: An exception has been thrown during the rendering of a template ("[Semantical Error] The annotation "@Route" in method App\Controller\SortieController::afficherListe() was never imported. Did you maybe forget to add a "use" statement for this annotation? in C:\wamp\www\ENI-Projet_symfony\config/routes\../../src/Controller/ (which is being imported from "C:\wamp\www\ENI-Projet_symfony\config/routes/annotations.yaml"). Make sure annotations are installed and enabled."). at C:\wamp\www\ENI-Projet_symfony\vendor\symfony\twig-bundle\Resources\views\Exception\trace.html.twig line 13) {"exception":"[object] (Twig\\Error\\RuntimeError(code: 0): An exception has been thrown during the rendering of a template (\"[Semantical Error] The annotation \"@Route\" in method App\\Controller\\SortieController::afficherListe() was never imported. Did you maybe forget to add a \"use\" statement for this annotation? in C:\\wamp\\www\\ENI-Projet_symfony\\config/routes\\../../src/Controller/ (which is being imported from \"C:\\wamp\\www\\ENI-Projet_symfony\\config/routes/annotations.yaml\"). Make sure annotations are installed and enabled.\"). at C:\\wamp\\www\\ENI-Projet_symfony\\vendor\\symfony\\twig-bundle\\Resources\\views\\Exception\\trace.html.twig:13, Symfony\\Component\\Config\\Exception\\FileLoaderLoadException(code: 0): [Semantical Error] The annotation \"@Route\" in method App\\Controller\\SortieController::afficherListe() was never imported. Did you maybe forget to add a \"use\" statement for this annotation? in C:\\wamp\\www\\ENI-Projet_symfony\\config/routes\\../../src/Controller/ (which is being imported from \"C:\\wamp\\www\\ENI-Projet_symfony\\config/routes/annotations.yaml\"). Make sure annotations are installed and enabled. at C:\\wamp\\www\\ENI-Projet_symfony\\vendor\\symfony\\config\\Loader\\FileLoader.php:168, Doctrine\\Common\\Annotations\\AnnotationException(code: 0): [Semantical Error] The annotation \"@Route\" in method App\\Controller\\SortieController::afficherListe() was never imported. Did you maybe forget to add a \"use\" statement for this annotation? at C:\\wamp\\www\\ENI-Projet_symfony\\vendor\\doctrine\\annotations\\lib\\Doctrine\\Common\\Annotations\\AnnotationException.php:54)"} []
[2019-09-30 14:52:51] console.ERROR: Error thrown while running command ""debug:route"". Message: "[Semantical Error] The annotation "@Route" in method App\Controller\SortieController::afficherListe() was never imported. Did you maybe forget to add a "use" statement for this annotation? in C:\wamp\www\ENI-Projet_symfony\config/routes\../../src/Controller/ (which is being imported from "C:\wamp\www\ENI-Projet_symfony\config/routes/annotations.yaml"). Make sure annotations are installed and enabled." {"exception":"[object] (Symfony\\Component\\Config\\Exception\\FileLoaderLoadException(code: 0): [Semantical Error] The annotation \"@Route\" in method App\\Controller\\SortieController::afficherListe() was never imported. Did you maybe forget to add a \"use\" statement for this annotation? in C:\\wamp\\www\\ENI-Projet_symfony\\config/routes\\../../src/Controller/ (which is being imported from \"C:\\wamp\\www\\ENI-Projet_symfony\\config/routes/annotations.yaml\"). Make sure annotations are installed and enabled. at C:\\wamp\\www\\ENI-Projet_symfony\\vendor\\symfony\\config\\Loader\\FileLoader.php:168, Doctrine\\Common\\Annotations\\AnnotationException(code: 0): [Semantical Error] The annotation \"@Route\" in method App\\Controller\\SortieController::afficherListe() was never imported. Did you maybe forget to add a \"use\" statement for this annotation? at C:\\wamp\\www\\ENI-Projet_symfony\\vendor\\doctrine\\annotations\\lib\\Doctrine\\Common\\Annotations\\AnnotationException.php:54)","command":"\"debug:route\"","message":"[Semantical Error] The annotation \"@Route\" in method App\\Controller\\SortieController::afficherListe() was never imported. Did you maybe forget to add a \"use\" statement for this annotation? in C:\\wamp\\www\\ENI-Projet_symfony\\config/routes\\../../src/Controller/ (which is being imported from \"C:\\wamp\\www\\ENI-Projet_symfony\\config/routes/annotations.yaml\"). Make sure annotations are installed and enabled."} []
[2019-09-30 14:52:51] console.DEBUG: Command ""debug:route"" exited with code "1" {"command":"\"debug:route\"","code":1} []
[2019-09-30 15:02:50] request.CRITICAL: Uncaught PHP Exception Symfony\Component\Config\Exception\FileLoaderLoadException: "[Semantical Error] The annotation "@Route" in method App\Controller\SortieController::afficherListe() was never imported. Did you maybe forget to add a "use" statement for this annotation? in C:\wamp\www\ENI-Projet_symfony\config/routes\../../src/Controller/ (which is being imported from "C:\wamp\www\ENI-Projet_symfony\config/routes/annotations.yaml"). Make sure annotations are installed and enabled." at C:\wamp\www\ENI-Projet_symfony\vendor\symfony\config\Loader\FileLoader.php line 168 {"exception":"[object] (Symfony\\Component\\Config\\Exception\\FileLoaderLoadException(code: 0): [Semantical Error] The annotation \"@Route\" in method App\\Controller\\SortieController::afficherListe() was never imported. Did you maybe forget to add a \"use\" statement for this annotation? in C:\\wamp\\www\\ENI-Projet_symfony\\config/routes\\../../src/Controller/ (which is being imported from \"C:\\wamp\\www\\ENI-Projet_symfony\\config/routes/annotations.yaml\"). Make sure annotations are installed and enabled. at C:\\wamp\\www\\ENI-Projet_symfony\\vendor\\symfony\\config\\Loader\\FileLoader.php:168, Doctrine\\Common\\Annotations\\AnnotationException(code: 0): [Semantical Error] The annotation \"@Route\" in method App\\Controller\\SortieController::afficherListe() was never imported. Did you maybe forget to add a \"use\" statement for this annotation? at C:\\wamp\\www\\ENI-Projet_symfony\\vendor\\doctrine\\annotations\\lib\\Doctrine\\Common\\Annotations\\AnnotationException.php:54)"} []
[2019-09-30 15:02:50] request.CRITICAL: Exception thrown when handling an exception (Twig\Error\RuntimeError: An exception has been thrown during the rendering of a template ("[Semantical Error] The annotation "@Route" in method App\Controller\SortieController::afficherListe() was never imported. Did you maybe forget to add a "use" statement for this annotation? in C:\wamp\www\ENI-Projet_symfony\config/routes\../../src/Controller/ (which is being imported from "C:\wamp\www\ENI-Projet_symfony\config/routes/annotations.yaml"). Make sure annotations are installed and enabled."). at C:\wamp\www\ENI-Projet_symfony\vendor\symfony\twig-bundle\Resources\views\Exception\trace.html.twig line 13) {"exception":"[object] (Twig\\Error\\RuntimeError(code: 0): An exception has been thrown during the rendering of a template (\"[Semantical Error] The annotation \"@Route\" in method App\\Controller\\SortieController::afficherListe() was never imported. Did you maybe forget to add a \"use\" statement for this annotation? in C:\\wamp\\www\\ENI-Projet_symfony\\config/routes\\../../src/Controller/ (which is being imported from \"C:\\wamp\\www\\ENI-Projet_symfony\\config/routes/annotations.yaml\"). Make sure annotations are installed and enabled.\"). at C:\\wamp\\www\\ENI-Projet_symfony\\vendor\\symfony\\twig-bundle\\Resources\\views\\Exception\\trace.html.twig:13, Symfony\\Component\\Config\\Exception\\FileLoaderLoadException(code: 0): [Semantical Error] The annotation \"@Route\" in method App\\Controller\\SortieController::afficherListe() was never imported. Did you maybe forget to add a \"use\" statement for this annotation? in C:\\wamp\\www\\ENI-Projet_symfony\\config/routes\\../../src/Controller/ (which is being imported from \"C:\\wamp\\www\\ENI-Projet_symfony\\config/routes/annotations.yaml\"). Make sure annotations are installed and enabled. at C:\\wamp\\www\\ENI-Projet_symfony\\vendor\\symfony\\config\\Loader\\FileLoader.php:168, Doctrine\\Common\\Annotations\\AnnotationException(code: 0): [Semantical Error] The annotation \"@Route\" in method App\\Controller\\SortieController::afficherListe() was never imported. Did you maybe forget to add a \"use\" statement for this annotation? at C:\\wamp\\www\\ENI-Projet_symfony\\vendor\\doctrine\\annotations\\lib\\Doctrine\\Common\\Annotations\\AnnotationException.php:54)"} []
[2019-09-30 15:02:50] php.CRITICAL: Uncaught Exception: An exception has been thrown during the rendering of a template ("[Semantical Error] The annotation "@Route" in method App\Controller\SortieController::afficherListe() was never imported. Did you maybe forget to add a "use" statement for this annotation? in C:\wamp\www\ENI-Projet_symfony\config/routes\../../src/Controller/ (which is being imported from "C:\wamp\www\ENI-Projet_symfony\config/routes/annotations.yaml"). Make sure annotations are installed and enabled."). {"exception":"[object] (Twig\\Error\\RuntimeError(code: 0): An exception has been thrown during the rendering of a template (\"[Semantical Error] The annotation \"@Route\" in method App\\Controller\\SortieController::afficherListe() was never imported. Did you maybe forget to add a \"use\" statement for this annotation? in C:\\wamp\\www\\ENI-Projet_symfony\\config/routes\\../../src/Controller/ (which is being imported from \"C:\\wamp\\www\\ENI-Projet_symfony\\config/routes/annotations.yaml\"). Make sure annotations are installed and enabled.\"). at C:\\wamp\\www\\ENI-Projet_symfony\\vendor\\symfony\\twig-bundle\\Resources\\views\\Exception\\trace.html.twig:13, Symfony\\Component\\Config\\Exception\\FileLoaderLoadException(code: 0): [Semantical Error] The annotation \"@Route\" in method App\\Controller\\SortieController::afficherListe() was never imported. Did you maybe forget to add a \"use\" statement for this annotation? in C:\\wamp\\www\\ENI-Projet_symfony\\config/routes\\../../src/Controller/ (which is being imported from \"C:\\wamp\\www\\ENI-Projet_symfony\\config/routes/annotations.yaml\"). Make sure annotations are installed and enabled. at C:\\wamp\\www\\ENI-Projet_symfony\\vendor\\symfony\\config\\Loader\\FileLoader.php:168, Doctrine\\Common\\Annotations\\AnnotationException(code: 0): [Semantical Error] The annotation \"@Route\" in method App\\Controller\\SortieController::afficherListe() was never imported. Did you maybe forget to add a \"use\" statement for this annotation? at C:\\wamp\\www\\ENI-Projet_symfony\\vendor\\doctrine\\annotations\\lib\\Doctrine\\Common\\Annotations\\AnnotationException.php:54, Symfony\\Component\\Config\\Exception\\FileLoaderLoadException(code: 0): [Semantical Error] The annotation \"@Route\" in method App\\Controller\\SortieController::afficherListe() was never imported. Did you maybe forget to add a \"use\" statement for this annotation? in C:\\wamp\\www\\ENI-Projet_symfony\\config/routes\\../../src/Controller/ (which is being imported from \"C:\\wamp\\www\\ENI-Projet_symfony\\config/routes/annotations.yaml\"). Make sure annotations are installed and enabled. at C:\\wamp\\www\\ENI-Projet_symfony\\vendor\\symfony\\config\\Loader\\FileLoader.php:168, Doctrine\\Common\\Annotations\\AnnotationException(code: 0): [Semantical Error] The annotation \"@Route\" in method App\\Controller\\SortieController::afficherListe() was never imported. Did you maybe forget to add a \"use\" statement for this annotation? at C:\\wamp\\www\\ENI-Projet_symfony\\vendor\\doctrine\\annotations\\lib\\Doctrine\\Common\\Annotations\\AnnotationException.php:54)"} []
[2019-09-30 15:02:56] request.CRITICAL: Uncaught PHP Exception Twig\Error\RuntimeError: "An exception has been thrown during the rendering of a template ("[Semantical Error] The annotation "@Route" in method App\Controller\SortieController::afficherListe() was never imported. Did you maybe forget to add a "use" statement for this annotation? in C:\wamp\www\ENI-Projet_symfony\config/routes\../../src/Controller/ (which is being imported from "C:\wamp\www\ENI-Projet_symfony\config/routes/annotations.yaml"). Make sure annotations are installed and enabled.")." at C:\wamp\www\ENI-Projet_symfony\vendor\symfony\twig-bundle\Resources\views\Exception\trace.html.twig line 13 {"exception":"[object] (Twig\\Error\\RuntimeError(code: 0): An exception has been thrown during the rendering of a template (\"[Semantical Error] The annotation \"@Route\" in method App\\Controller\\SortieController::afficherListe() was never imported. Did you maybe forget to add a \"use\" statement for this annotation? in C:\\wamp\\www\\ENI-Projet_symfony\\config/routes\\../../src/Controller/ (which is being imported from \"C:\\wamp\\www\\ENI-Projet_symfony\\config/routes/annotations.yaml\"). Make sure annotations are installed and enabled.\"). at C:\\wamp\\www\\ENI-Projet_symfony\\vendor\\symfony\\twig-bundle\\Resources\\views\\Exception\\trace.html.twig:13, Symfony\\Component\\Config\\Exception\\FileLoaderLoadException(code: 0): [Semantical Error] The annotation \"@Route\" in method App\\Controller\\SortieController::afficherListe() was never imported. Did you maybe forget to add a \"use\" statement for this annotation? in C:\\wamp\\www\\ENI-Projet_symfony\\config/routes\\../../src/Controller/ (which is being imported from \"C:\\wamp\\www\\ENI-Projet_symfony\\config/routes/annotations.yaml\"). Make sure annotations are installed and enabled. at C:\\wamp\\www\\ENI-Projet_symfony\\vendor\\symfony\\config\\Loader\\FileLoader.php:168, Doctrine\\Common\\Annotations\\AnnotationException(code: 0): [Semantical Error] The annotation \"@Route\" in method App\\Controller\\SortieController::afficherListe() was never imported. Did you maybe forget to add a \"use\" statement for this annotation? at C:\\wamp\\www\\ENI-Projet_symfony\\vendor\\doctrine\\annotations\\lib\\Doctrine\\Common\\Annotations\\AnnotationException.php:54, Symfony\\Component\\Config\\Exception\\FileLoaderLoadException(code: 0): [Semantical Error] The annotation \"@Route\" in method App\\Controller\\SortieController::afficherListe() was never imported. Did you maybe forget to add a \"use\" statement for this annotation? in C:\\wamp\\www\\ENI-Projet_symfony\\config/routes\\../../src/Controller/ (which is being imported from \"C:\\wamp\\www\\ENI-Projet_symfony\\config/routes/annotations.yaml\"). Make sure annotations are installed and enabled. at C:\\wamp\\www\\ENI-Projet_symfony\\vendor\\symfony\\config\\Loader\\FileLoader.php:168, Doctrine\\Common\\Annotations\\AnnotationException(code: 0): [Semantical Error] The annotation \"@Route\" in method App\\Controller\\SortieController::afficherListe() was never imported. Did you maybe forget to add a \"use\" statement for this annotation? at C:\\wamp\\www\\ENI-Projet_symfony\\vendor\\doctrine\\annotations\\lib\\Doctrine\\Common\\Annotations\\AnnotationException.php:54)"} []
[2019-09-30 15:02:56] request.CRITICAL: Exception thrown when handling an exception (Twig\Error\RuntimeError: An exception has been thrown during the rendering of a template ("[Semantical Error] The annotation "@Route" in method App\Controller\SortieController::afficherListe() was never imported. Did you maybe forget to add a "use" statement for this annotation? in C:\wamp\www\ENI-Projet_symfony\config/routes\../../src/Controller/ (which is being imported from "C:\wamp\www\ENI-Projet_symfony\config/routes/annotations.yaml"). Make sure annotations are installed and enabled."). at C:\wamp\www\ENI-Projet_symfony\vendor\symfony\twig-bundle\Resources\views\Exception\trace.html.twig line 13) {"exception":"[object] (Twig\\Error\\RuntimeError(code: 0): An exception has been thrown during the rendering of a template (\"[Semantical Error] The annotation \"@Route\" in method App\\Controller\\SortieController::afficherListe() was never imported. Did you maybe forget to add a \"use\" statement for this annotation? in C:\\wamp\\www\\ENI-Projet_symfony\\config/routes\\../../src/Controller/ (which is being imported from \"C:\\wamp\\www\\ENI-Projet_symfony\\config/routes/annotations.yaml\"). Make sure annotations are installed and enabled.\"). at C:\\wamp\\www\\ENI-Projet_symfony\\vendor\\symfony\\twig-bundle\\Resources\\views\\Exception\\trace.html.twig:13, Symfony\\Component\\Config\\Exception\\FileLoaderLoadException(code: 0): [Semantical Error] The annotation \"@Route\" in method App\\Controller\\SortieController::afficherListe() was never imported. Did you maybe forget to add a \"use\" statement for this annotation? in C:\\wamp\\www\\ENI-Projet_symfony\\config/routes\\../../src/Controller/ (which is being imported from \"C:\\wamp\\www\\ENI-Projet_symfony\\config/routes/annotations.yaml\"). Make sure annotations are installed and enabled. at C:\\wamp\\www\\ENI-Projet_symfony\\vendor\\symfony\\config\\Loader\\FileLoader.php:168, Doctrine\\Common\\Annotations\\AnnotationException(code: 0): [Semantical Error] The annotation \"@Route\" in method App\\Controller\\SortieController::afficherListe() was never imported. Did you maybe forget to add a \"use\" statement for this annotation? at C:\\wamp\\www\\ENI-Projet_symfony\\vendor\\doctrine\\annotations\\lib\\Doctrine\\Common\\Annotations\\AnnotationException.php:54)"} []
[2019-09-30 15:04:02] request.INFO: Matched route "register". {"route":"register","route_parameters":{"_controller":"App\\Controller\\ParticipantsController::register","_route":"register"},"request_uri":"http://localhost/ENI-Projet_symfony/public/register","method":"GET"} []
[2019-09-30 15:04:02] security.INFO: Populated the TokenStorage with an anonymous Token. [] []
[2019-09-30 15:04:02] request.CRITICAL: Uncaught PHP Exception Symfony\Component\Form\Exception\InvalidArgumentException: "Could not load type "App\Controller\RegistrationType": class does not exist." at C:\wamp\www\ENI-Projet_symfony\vendor\symfony\form\FormRegistry.php line 86 {"exception":"[object] (Symfony\\Component\\Form\\Exception\\InvalidArgumentException(code: 0): Could not load type \"App\\Controller\\RegistrationType\": class does not exist. at C:\\wamp\\www\\ENI-Projet_symfony\\vendor\\symfony\\form\\FormRegistry.php:86)"} []
[2019-09-30 15:04:02] request.INFO: Matched route "_wdt". {"route":"_wdt","route_parameters":{"_controller":"web_profiler.controller.profiler:toolbarAction","token":"457fe2","_route":"_wdt"},"request_uri":"http://localhost/ENI-Projet_symfony/public/_wdt/457fe2","method":"GET"} []
[2019-09-30 15:07:53] request.INFO: Matched route "register". {"route":"register","route_parameters":{"_controller":"App\\Controller\\ParticipantsController::register","_route":"register"},"request_uri":"http://localhost/ENI-Projet_symfony/public/register","method":"GET"} []
[2019-09-30 15:07:53] security.INFO: Populated the TokenStorage with an anonymous Token. [] []
[2019-09-30 15:07:53] request.CRITICAL: Uncaught PHP Exception Symfony\Component\PropertyAccess\Exception\NoSuchPropertyException: "Neither the property "email" nor one of the methods "getEmail()", "email()", "isEmail()", "hasEmail()", "__get()" exist and have public access in class "App\Entity\Participants"." at C:\wamp\www\ENI-Projet_symfony\vendor\symfony\property-access\PropertyAccessor.php line 490 {"exception":"[object] (Symfony\\Component\\PropertyAccess\\Exception\\NoSuchPropertyException(code: 0): Neither the property \"email\" nor one of the methods \"getEmail()\", \"email()\", \"isEmail()\", \"hasEmail()\", \"__get()\" exist and have public access in class \"App\\Entity\\Participants\". at C:\\wamp\\www\\ENI-Projet_symfony\\vendor\\symfony\\property-access\\PropertyAccessor.php:490)"} []
[2019-09-30 15:07:53] request.INFO: Matched route "_wdt". {"route":"_wdt","route_parameters":{"_controller":"web_profiler.controller.profiler:toolbarAction","token":"5ec3cf","_route":"_wdt"},"request_uri":"http://localhost/ENI-Projet_symfony/public/_wdt/5ec3cf","method":"GET"} []
[2019-09-30 15:09:03] request.INFO: Matched route "register". {"route":"register","route_parameters":{"_controller":"App\\Controller\\ParticipantsController::register","_route":"register"},"request_uri":"http://localhost/ENI-Projet_symfony/public/register","method":"GET"} []
[2019-09-30 15:09:03] security.INFO: Populated the TokenStorage with an anonymous Token. [] []
[2019-09-30 15:09:04] request.CRITICAL: Uncaught PHP Exception Symfony\Component\PropertyAccess\Exception\NoSuchPropertyException: "Neither the property "username" nor one of the methods "getUsername()", "username()", "isUsername()", "hasUsername()", "__get()" exist and have public access in class "App\Entity\Participants"." at C:\wamp\www\ENI-Projet_symfony\vendor\symfony\property-access\PropertyAccessor.php line 490 {"exception":"[object] (Symfony\\Component\\PropertyAccess\\Exception\\NoSuchPropertyException(code: 0): Neither the property \"username\" nor one of the methods \"getUsername()\", \"username()\", \"isUsername()\", \"hasUsername()\", \"__get()\" exist and have public access in class \"App\\Entity\\Participants\". at C:\\wamp\\www\\ENI-Projet_symfony\\vendor\\symfony\\property-access\\PropertyAccessor.php:490)"} []
[2019-09-30 15:09:04] request.INFO: Matched route "_wdt". {"route":"_wdt","route_parameters":{"_controller":"web_profiler.controller.profiler:toolbarAction","token":"b664e4","_route":"_wdt"},"request_uri":"http://localhost/ENI-Projet_symfony/public/_wdt/b664e4","method":"GET"} []
[2019-09-30 15:09:37] request.INFO: Matched route "register". {"route":"register","route_parameters":{"_controller":"App\\Controller\\ParticipantsController::register","_route":"register"},"request_uri":"http://localhost/ENI-Projet_symfony/public/register","method":"GET"} []
[2019-09-30 15:09:37] security.INFO: Populated the TokenStorage with an anonymous Token. [] []
[2019-09-30 15:09:37] request.CRITICAL: Uncaught PHP Exception Symfony\Component\PropertyAccess\Exception\NoSuchPropertyException: "Neither the property "password" nor one of the methods "getPassword()", "password()", "isPassword()", "hasPassword()", "__get()" exist and have public access in class "App\Entity\Participants"." at C:\wamp\www\ENI-Projet_symfony\vendor\symfony\property-access\PropertyAccessor.php line 490 {"exception":"[object] (Symfony\\Component\\PropertyAccess\\Exception\\NoSuchPropertyException(code: 0): Neither the property \"password\" nor one of the methods \"getPassword()\", \"password()\", \"isPassword()\", \"hasPassword()\", \"__get()\" exist and have public access in class \"App\\Entity\\Participants\". at C:\\wamp\\www\\ENI-Projet_symfony\\vendor\\symfony\\property-access\\PropertyAccessor.php:490)"} []
[2019-09-30 15:09:37] request.INFO: Matched route "_wdt". {"route":"_wdt","route_parameters":{"_controller":"web_profiler.controller.profiler:toolbarAction","token":"bcf2b2","_route":"_wdt"},"request_uri":"http://localhost/ENI-Projet_symfony/public/_wdt/bcf2b2","method":"GET"} []
[2019-09-30 15:09:54] request.INFO: Matched route "register". {"route":"register","route_parameters":{"_controller":"App\\Controller\\ParticipantsController::register","_route":"register"},"request_uri":"http://localhost/ENI-Projet_symfony/public/register","method":"GET"} []
[2019-09-30 15:09:54] security.INFO: Populated the TokenStorage with an anonymous Token. [] []
[2019-09-30 15:09:54] request.CRITICAL: Uncaught PHP Exception Twig\Error\LoaderError: "Unable to find template "user/register.html.twig" (looked into: C:\wamp\www\ENI-Projet_symfony/templates, C:\wamp\www\ENI-Projet_symfony\vendor\symfony\twig-bridge/Resources/views/Form)." at C:\wamp\www\ENI-Projet_symfony\vendor\twig\twig\src\Loader\FilesystemLoader.php line 250 {"exception":"[object] (Twig\\Error\\LoaderError(code: 0): Unable to find template \"user/register.html.twig\" (looked into: C:\\wamp\\www\\ENI-Projet_symfony/templates, C:\\wamp\\www\\ENI-Projet_symfony\\vendor\\symfony\\twig-bridge/Resources/views/Form). at C:\\wamp\\www\\ENI-Projet_symfony\\vendor\\twig\\twig\\src\\Loader\\FilesystemLoader.php:250)"} []
[2019-09-30 15:09:55] request.INFO: Matched route "_wdt". {"route":"_wdt","route_parameters":{"_controller":"web_profiler.controller.profiler:toolbarAction","token":"6dbc3c","_route":"_wdt"},"request_uri":"http://localhost/ENI-Projet_symfony/public/_wdt/6dbc3c","method":"GET"} []
[2019-09-30 15:09:56] request.INFO: Matched route "_wdt". {"route":"_wdt","route_parameters":{"_controller":"web_profiler.controller.profiler:toolbarAction","token":"6dbc3c","_route":"_wdt"},"request_uri":"http://localhost/ENI-Projet_symfony/public/_wdt/6dbc3c","method":"GET"} []
[2019-10-01 07:18:34] request.CRITICAL: Uncaught PHP Exception Symfony\Component\Config\Exception\FileLoaderLoadException: "[Semantical Error] The annotation "@Route" in method App\Controller\SortieController::afficherListe() was never imported. Did you maybe forget to add a "use" statement for this annotation? in C:\wamp\www\ENI-Projet_symfony\config/routes\../../src/Controller/ (which is being imported from "C:\wamp\www\ENI-Projet_symfony\config/routes/annotations.yaml"). Make sure annotations are installed and enabled." at C:\wamp\www\ENI-Projet_symfony\vendor\symfony\config\Loader\FileLoader.php line 168 {"exception":"[object] (Symfony\\Component\\Config\\Exception\\FileLoaderLoadException(code: 0): [Semantical Error] The annotation \"@Route\" in method App\\Controller\\SortieController::afficherListe() was never imported. Did you maybe forget to add a \"use\" statement for this annotation? in C:\\wamp\\www\\ENI-Projet_symfony\\config/routes\\../../src/Controller/ (which is being imported from \"C:\\wamp\\www\\ENI-Projet_symfony\\config/routes/annotations.yaml\"). Make sure annotations are installed and enabled. at C:\\wamp\\www\\ENI-Projet_symfony\\vendor\\symfony\\config\\Loader\\FileLoader.php:168, Doctrine\\Common\\Annotations\\AnnotationException(code: 0): [Semantical Error] The annotation \"@Route\" in method App\\Controller\\SortieController::afficherListe() was never imported. Did you maybe forget to add a \"use\" statement for this annotation? at C:\\wamp\\www\\ENI-Projet_symfony\\vendor\\doctrine\\annotations\\lib\\Doctrine\\Common\\Annotations\\AnnotationException.php:54)"} []
[2019-10-01 07:18:35] request.CRITICAL: Exception thrown when handling an exception (Twig\Error\RuntimeError: An exception has been thrown during the rendering of a template ("[Semantical Error] The annotation "@Route" in method App\Controller\SortieController::afficherListe() was never imported. Did you maybe forget to add a "use" statement for this annotation? in C:\wamp\www\ENI-Projet_symfony\config/routes\../../src/Controller/ (which is being imported from "C:\wamp\www\ENI-Projet_symfony\config/routes/annotations.yaml"). Make sure annotations are installed and enabled."). at C:\wamp\www\ENI-Projet_symfony\vendor\symfony\twig-bundle\Resources\views\Exception\trace.html.twig line 13) {"exception":"[object] (Twig\\Error\\RuntimeError(code: 0): An exception has been thrown during the rendering of a template (\"[Semantical Error] The annotation \"@Route\" in method App\\Controller\\SortieController::afficherListe() was never imported. Did you maybe forget to add a \"use\" statement for this annotation? in C:\\wamp\\www\\ENI-Projet_symfony\\config/routes\\../../src/Controller/ (which is being imported from \"C:\\wamp\\www\\ENI-Projet_symfony\\config/routes/annotations.yaml\"). Make sure annotations are installed and enabled.\"). at C:\\wamp\\www\\ENI-Projet_symfony\\vendor\\symfony\\twig-bundle\\Resources\\views\\Exception\\trace.html.twig:13, Symfony\\Component\\Config\\Exception\\FileLoaderLoadException(code: 0): [Semantical Error] The annotation \"@Route\" in method App\\Controller\\SortieController::afficherListe() was never imported. Did you maybe forget to add a \"use\" statement for this annotation? in C:\\wamp\\www\\ENI-Projet_symfony\\config/routes\\../../src/Controller/ (which is being imported from \"C:\\wamp\\www\\ENI-Projet_symfony\\config/routes/annotations.yaml\"). Make sure annotations are installed and enabled. at C:\\wamp\\www\\ENI-Projet_symfony\\vendor\\symfony\\config\\Loader\\FileLoader.php:168, Doctrine\\Common\\Annotations\\AnnotationException(code: 0): [Semantical Error] The annotation \"@Route\" in method App\\Controller\\SortieController::afficherListe() was never imported. Did you maybe forget to add a \"use\" statement for this annotation? at C:\\wamp\\www\\ENI-Projet_symfony\\vendor\\doctrine\\annotations\\lib\\Doctrine\\Common\\Annotations\\AnnotationException.php:54)"} []
[2019-10-01 07:18:35] php.CRITICAL: Uncaught Exception: An exception has been thrown during the rendering of a template ("[Semantical Error] The annotation "@Route" in method App\Controller\SortieController::afficherListe() was never imported. Did you maybe forget to add a "use" statement for this annotation? in C:\wamp\www\ENI-Projet_symfony\config/routes\../../src/Controller/ (which is being imported from "C:\wamp\www\ENI-Projet_symfony\config/routes/annotations.yaml"). Make sure annotations are installed and enabled."). {"exception":"[object] (Twig\\Error\\RuntimeError(code: 0): An exception has been thrown during the rendering of a template (\"[Semantical Error] The annotation \"@Route\" in method App\\Controller\\SortieController::afficherListe() was never imported. Did you maybe forget to add a \"use\" statement for this annotation? in C:\\wamp\\www\\ENI-Projet_symfony\\config/routes\\../../src/Controller/ (which is being imported from \"C:\\wamp\\www\\ENI-Projet_symfony\\config/routes/annotations.yaml\"). Make sure annotations are installed and enabled.\"). at C:\\wamp\\www\\ENI-Projet_symfony\\vendor\\symfony\\twig-bundle\\Resources\\views\\Exception\\trace.html.twig:13, Symfony\\Component\\Config\\Exception\\FileLoaderLoadException(code: 0): [Semantical Error] The annotation \"@Route\" in method App\\Controller\\SortieController::afficherListe() was never imported. Did you maybe forget to add a \"use\" statement for this annotation? in C:\\wamp\\www\\ENI-Projet_symfony\\config/routes\\../../src/Controller/ (which is being imported from \"C:\\wamp\\www\\ENI-Projet_symfony\\config/routes/annotations.yaml\"). Make sure annotations are installed and enabled. at C:\\wamp\\www\\ENI-Projet_symfony\\vendor\\symfony\\config\\Loader\\FileLoader.php:168, Doctrine\\Common\\Annotations\\AnnotationException(code: 0): [Semantical Error] The annotation \"@Route\" in method App\\Controller\\SortieController::afficherListe() was never imported. Did you maybe forget to add a \"use\" statement for this annotation? at C:\\wamp\\www\\ENI-Projet_symfony\\vendor\\doctrine\\annotations\\lib\\Doctrine\\Common\\Annotations\\AnnotationException.php:54, Symfony\\Component\\Config\\Exception\\FileLoaderLoadException(code: 0): [Semantical Error] The annotation \"@Route\" in method App\\Controller\\SortieController::afficherListe() was never imported. Did you maybe forget to add a \"use\" statement for this annotation? in C:\\wamp\\www\\ENI-Projet_symfony\\config/routes\\../../src/Controller/ (which is being imported from \"C:\\wamp\\www\\ENI-Projet_symfony\\config/routes/annotations.yaml\"). Make sure annotations are installed and enabled. at C:\\wamp\\www\\ENI-Projet_symfony\\vendor\\symfony\\config\\Loader\\FileLoader.php:168, Doctrine\\Common\\Annotations\\AnnotationException(code: 0): [Semantical Error] The annotation \"@Route\" in method App\\Controller\\SortieController::afficherListe() was never imported. Did you maybe forget to add a \"use\" statement for this annotation? at C:\\wamp\\www\\ENI-Projet_symfony\\vendor\\doctrine\\annotations\\lib\\Doctrine\\Common\\Annotations\\AnnotationException.php:54)"} []
[2019-10-01 07:18:43] request.CRITICAL: Uncaught PHP Exception Twig\Error\RuntimeError: "An exception has been thrown during the rendering of a template ("[Semantical Error] The annotation "@Route" in method App\Controller\SortieController::afficherListe() was never imported. Did you maybe forget to add a "use" statement for this annotation? in C:\wamp\www\ENI-Projet_symfony\config/routes\../../src/Controller/ (which is being imported from "C:\wamp\www\ENI-Projet_symfony\config/routes/annotations.yaml"). Make sure annotations are installed and enabled.")." at C:\wamp\www\ENI-Projet_symfony\vendor\symfony\twig-bundle\Resources\views\Exception\trace.html.twig line 13 {"exception":"[object] (Twig\\Error\\RuntimeError(code: 0): An exception has been thrown during the rendering of a template (\"[Semantical Error] The annotation \"@Route\" in method App\\Controller\\SortieController::afficherListe() was never imported. Did you maybe forget to add a \"use\" statement for this annotation? in C:\\wamp\\www\\ENI-Projet_symfony\\config/routes\\../../src/Controller/ (which is being imported from \"C:\\wamp\\www\\ENI-Projet_symfony\\config/routes/annotations.yaml\"). Make sure annotations are installed and enabled.\"). at C:\\wamp\\www\\ENI-Projet_symfony\\vendor\\symfony\\twig-bundle\\Resources\\views\\Exception\\trace.html.twig:13, Symfony\\Component\\Config\\Exception\\FileLoaderLoadException(code: 0): [Semantical Error] The annotation \"@Route\" in method App\\Controller\\SortieController::afficherListe() was never imported. Did you maybe forget to add a \"use\" statement for this annotation? in C:\\wamp\\www\\ENI-Projet_symfony\\config/routes\\../../src/Controller/ (which is being imported from \"C:\\wamp\\www\\ENI-Projet_symfony\\config/routes/annotations.yaml\"). Make sure annotations are installed and enabled. at C:\\wamp\\www\\ENI-Projet_symfony\\vendor\\symfony\\config\\Loader\\FileLoader.php:168, Doctrine\\Common\\Annotations\\AnnotationException(code: 0): [Semantical Error] The annotation \"@Route\" in method App\\Controller\\SortieController::afficherListe() was never imported. Did you maybe forget to add a \"use\" statement for this annotation? at C:\\wamp\\www\\ENI-Projet_symfony\\vendor\\doctrine\\annotations\\lib\\Doctrine\\Common\\Annotations\\AnnotationException.php:54, Symfony\\Component\\Config\\Exception\\FileLoaderLoadException(code: 0): [Semantical Error] The annotation \"@Route\" in method App\\Controller\\SortieController::afficherListe() was never imported. Did you maybe forget to add a \"use\" statement for this annotation? in C:\\wamp\\www\\ENI-Projet_symfony\\config/routes\\../../src/Controller/ (which is being imported from \"C:\\wamp\\www\\ENI-Projet_symfony\\config/routes/annotations.yaml\"). Make sure annotations are installed and enabled. at C:\\wamp\\www\\ENI-Projet_symfony\\vendor\\symfony\\config\\Loader\\FileLoader.php:168, Doctrine\\Common\\Annotations\\AnnotationException(code: 0): [Semantical Error] The annotation \"@Route\" in method App\\Controller\\SortieController::afficherListe() was never imported. Did you maybe forget to add a \"use\" statement for this annotation? at C:\\wamp\\www\\ENI-Projet_symfony\\vendor\\doctrine\\annotations\\lib\\Doctrine\\Common\\Annotations\\AnnotationException.php:54)"} []
[2019-10-01 07:18:43] request.CRITICAL: Exception thrown when handling an exception (Twig\Error\RuntimeError: An exception has been thrown during the rendering of a template ("[Semantical Error] The annotation "@Route" in method App\Controller\SortieController::afficherListe() was never imported. Did you maybe forget to add a "use" statement for this annotation? in C:\wamp\www\ENI-Projet_symfony\config/routes\../../src/Controller/ (which is being imported from "C:\wamp\www\ENI-Projet_symfony\config/routes/annotations.yaml"). Make sure annotations are installed and enabled."). at C:\wamp\www\ENI-Projet_symfony\vendor\symfony\twig-bundle\Resources\views\Exception\trace.html.twig line 13) {"exception":"[object] (Twig\\Error\\RuntimeError(code: 0): An exception has been thrown during the rendering of a template (\"[Semantical Error] The annotation \"@Route\" in method App\\Controller\\SortieController::afficherListe() was never imported. Did you maybe forget to add a \"use\" statement for this annotation? in C:\\wamp\\www\\ENI-Projet_symfony\\config/routes\\../../src/Controller/ (which is being imported from \"C:\\wamp\\www\\ENI-Projet_symfony\\config/routes/annotations.yaml\"). Make sure annotations are installed and enabled.\"). at C:\\wamp\\www\\ENI-Projet_symfony\\vendor\\symfony\\twig-bundle\\Resources\\views\\Exception\\trace.html.twig:13, Symfony\\Component\\Config\\Exception\\FileLoaderLoadException(code: 0): [Semantical Error] The annotation \"@Route\" in method App\\Controller\\SortieController::afficherListe() was never imported. Did you maybe forget to add a \"use\" statement for this annotation? in C:\\wamp\\www\\ENI-Projet_symfony\\config/routes\\../../src/Controller/ (which is being imported from \"C:\\wamp\\www\\ENI-Projet_symfony\\config/routes/annotations.yaml\"). Make sure annotations are installed and enabled. at C:\\wamp\\www\\ENI-Projet_symfony\\vendor\\symfony\\config\\Loader\\FileLoader.php:168, Doctrine\\Common\\Annotations\\AnnotationException(code: 0): [Semantical Error] The annotation \"@Route\" in method App\\Controller\\SortieController::afficherListe() was never imported. Did you maybe forget to add a \"use\" statement for this annotation? at C:\\wamp\\www\\ENI-Projet_symfony\\vendor\\doctrine\\annotations\\lib\\Doctrine\\Common\\Annotations\\AnnotationException.php:54)"} []
[2019-10-01 07:22:24] request.INFO: Matched route "register". {"route":"register","route_parameters":{"_controller":"App\\Controller\\ParticipantsController::register","_route":"register"},"request_uri":"http://localhost/ENI-Projet_symfony/public/register","method":"GET"} []
[2019-10-01 07:22:24] security.INFO: Populated the TokenStorage with an anonymous Token. [] []
[2019-10-01 07:22:25] request.CRITICAL: Uncaught PHP Exception Twig\Error\LoaderError: "Unable to find template "user/register.html.twig" (looked into: C:\wamp\www\ENI-Projet_symfony/templates, C:\wamp\www\ENI-Projet_symfony\vendor\symfony\twig-bridge/Resources/views/Form)." at C:\wamp\www\ENI-Projet_symfony\vendor\twig\twig\src\Loader\FilesystemLoader.php line 250 {"exception":"[object] (Twig\\Error\\LoaderError(code: 0): Unable to find template \"user/register.html.twig\" (looked into: C:\\wamp\\www\\ENI-Projet_symfony/templates, C:\\wamp\\www\\ENI-Projet_symfony\\vendor\\symfony\\twig-bridge/Resources/views/Form). at C:\\wamp\\www\\ENI-Projet_symfony\\vendor\\twig\\twig\\src\\Loader\\FilesystemLoader.php:250)"} []
[2019-10-01 07:22:26] request.INFO: Matched route "_wdt". {"route":"_wdt","route_parameters":{"_controller":"web_profiler.controller.profiler:toolbarAction","token":"820e4d","_route":"_wdt"},"request_uri":"http://localhost/ENI-Projet_symfony/public/_wdt/820e4d","method":"GET"} []
[2019-10-01 07:22:27] request.INFO: Matched route "_wdt". {"route":"_wdt","route_parameters":{"_controller":"web_profiler.controller.profiler:toolbarAction","token":"820e4d","_route":"_wdt"},"request_uri":"http://localhost/ENI-Projet_symfony/public/_wdt/820e4d","method":"GET"} []
[2019-10-01 07:27:04] request.INFO: Matched route "register". {"route":"register","route_parameters":{"_controller":"App\\Controller\\ParticipantsController::register","_route":"register"},"request_uri":"http://localhost/ENI-Projet_symfony/public/register","method":"GET"} []
[2019-10-01 07:27:04] security.INFO: Populated the TokenStorage with an anonymous Token. [] []
[2019-10-01 07:27:35] request.INFO: Matched route "register". {"route":"register","route_parameters":{"_controller":"App\\Controller\\ParticipantsController::register","_route":"register"},"request_uri":"http://localhost/ENI-Projet_symfony/public/register","method":"GET"} []
[2019-10-01 07:27:35] security.INFO: Populated the TokenStorage with an anonymous Token. [] []
[2019-10-01 07:27:35] request.CRITICAL: Uncaught PHP Exception Twig\Error\LoaderError: "Unable to find template "layout.html.twig" (looked into: C:\wamp\www\ENI-Projet_symfony/templates, C:\wamp\www\ENI-Projet_symfony\vendor\symfony\twig-bridge/Resources/views/Form) in "Participants/register.html.twig" at line 1." at C:\wamp\www\ENI-Projet_symfony\vendor\twig\twig\src\Loader\FilesystemLoader.php line 250 {"exception":"[object] (Twig\\Error\\LoaderError(code: 0): Unable to find template \"layout.html.twig\" (looked into: C:\\wamp\\www\\ENI-Projet_symfony/templates, C:\\wamp\\www\\ENI-Projet_symfony\\vendor\\symfony\\twig-bridge/Resources/views/Form) in \"Participants/register.html.twig\" at line 1. at C:\\wamp\\www\\ENI-Projet_symfony\\vendor\\twig\\twig\\src\\Loader\\FilesystemLoader.php:250)"} []
[2019-10-01 07:27:35] request.INFO: Matched route "_wdt". {"route":"_wdt","route_parameters":{"_controller":"web_profiler.controller.profiler:toolbarAction","token":"478c8a","_route":"_wdt"},"request_uri":"http://localhost/ENI-Projet_symfony/public/_wdt/478c8a","method":"GET"} []
[2019-10-01 07:27:36] request.INFO: Matched route "_wdt". {"route":"_wdt","route_parameters":{"_controller":"web_profiler.controller.profiler:toolbarAction","token":"478c8a","_route":"_wdt"},"request_uri":"http://localhost/ENI-Projet_symfony/public/_wdt/478c8a","method":"GET"} []
[2019-10-01 07:27:46] request.INFO: Matched route "register". {"route":"register","route_parameters":{"_controller":"App\\Controller\\ParticipantsController::register","_route":"register"},"request_uri":"http://localhost/ENI-Projet_symfony/public/register","method":"GET"} []
[2019-10-01 07:27:46] security.INFO: Populated the TokenStorage with an anonymous Token. [] []
[2019-10-01 07:27:47] request.INFO: Matched route "_wdt". {"route":"_wdt","route_parameters":{"_controller":"web_profiler.controller.profiler:toolbarAction","token":"9a2e28","_route":"_wdt"},"request_uri":"http://localhost/ENI-Projet_symfony/public/_wdt/9a2e28","method":"GET"} []
[2019-10-01 07:30:04] request.INFO: Matched route "register". {"route":"register","route_parameters":{"_controller":"App\\Controller\\ParticipantsController::register","_route":"register"},"request_uri":"http://localhost/ENI-Projet_symfony/public/register","method":"GET"} []
[2019-10-01 07:30:04] security.INFO: Populated the TokenStorage with an anonymous Token. [] []
[2019-10-01 07:30:04] request.CRITICAL: Uncaught PHP Exception Twig\Error\SyntaxError: "Calling "parent" on a template that does not extend nor "use" another template is forbidden." at C:\wamp\www\ENI-Projet_symfony\templates\Participants\register.html.twig line 11 {"exception":"[object] (Twig\\Error\\SyntaxError(code: 0): Calling \"parent\" on a template that does not extend nor \"use\" another template is forbidden. at C:\\wamp\\www\\ENI-Projet_symfony\\templates\\Participants\\register.html.twig:11)"} []
[2019-10-01 07:30:04] request.INFO: Matched route "_wdt". {"route":"_wdt","route_parameters":{"_controller":"web_profiler.controller.profiler:toolbarAction","token":"209b7e","_route":"_wdt"},"request_uri":"http://localhost/ENI-Projet_symfony/public/_wdt/209b7e","method":"GET"} []
[2019-10-01 07:30:06] request.INFO: Matched route "_wdt". {"route":"_wdt","route_parameters":{"_controller":"web_profiler.controller.profiler:toolbarAction","token":"209b7e","_route":"_wdt"},"request_uri":"http://localhost/ENI-Projet_symfony/public/_wdt/209b7e","method":"GET"} []
[2019-10-01 07:30:42] request.INFO: Matched route "register". {"route":"register","route_parameters":{"_controller":"App\\Controller\\ParticipantsController::register","_route":"register"},"request_uri":"http://localhost/ENI-Projet_symfony/public/register","method":"GET"} []
[2019-10-01 07:30:42] security.INFO: Populated the TokenStorage with an anonymous Token. [] []
[2019-10-01 07:30:43] php.DEBUG: Warning: filemtime(): stat failed for /Users/ychocteau/projet-eni/vendor/symfony/validator/Resources/translations/validators.en.xlf {"exception":"[object] (Symfony\\Component\\Debug\\Exception\\SilencedErrorContext: {\"severity\":2,\"file\":\"C:\\\\wamp\\\\www\\\\ENI-Projet_symfony\\\\vendor\\\\symfony\\\\config\\\\Resource\\\\FileResource.php\",\"line\":63,\"trace\":[{\"file\":\"C:\\\\wamp\\\\www\\\\ENI-Projet_symfony\\\\vendor\\\\symfony\\\\config\\\\Resource\\\\SelfCheckingResourceChecker.php\",\"line\":34,\"function\":\"isFresh\",\"class\":\"Symfony\\\\Component\\\\Config\\\\Resource\\\\FileResource\",\"type\":\"->\"}],\"count\":1})"} []
[2019-10-01 07:30:43] translation.WARNING: Translation not found. {"id":"Email","domain":"messages","locale":"en"} []
[2019-10-01 07:30:43] translation.WARNING: Translation not found. {"id":"Username","domain":"messages","locale":"en"} []
[2019-10-01 07:30:43] translation.WARNING: Translation not found. {"id":"Password","domain":"messages","locale":"en"} []
[2019-10-01 07:30:43] translation.WARNING: Translation not found. {"id":"Repeat Password","domain":"messages","locale":"en"} []
[2019-10-01 07:32:08] request.INFO: Matched route "register". {"route":"register","route_parameters":{"_controller":"App\\Controller\\ParticipantsController::register","_route":"register"},"request_uri":"http://localhost/ENI-Projet_symfony/public/register","method":"GET"} []
[2019-10-01 07:32:08] security.INFO: Populated the TokenStorage with an anonymous Token. [] []
[2019-10-01 07:32:09] request.INFO: Matched route "_wdt". {"route":"_wdt","route_parameters":{"_controller":"web_profiler.controller.profiler:toolbarAction","token":"e444b3","_route":"_wdt"},"request_uri":"http://localhost/ENI-Projet_symfony/public/_wdt/e444b3","method":"GET"} []
[2019-10-01 07:32:39] request.INFO: Matched route "liste_sortie". {"route":"liste_sortie","route_parameters":{"_controller":"App\\Controller\\SortieController::afficherListe","_route":"liste_sortie"},"request_uri":"http://localhost/ENI-Projet_symfony/public/sortie/liste","method":"GET"} []
[2019-10-01 07:32:39] security.INFO: Populated the TokenStorage with an anonymous Token. [] []
[2019-10-01 07:32:40] request.INFO: Matched route "_wdt". {"route":"_wdt","route_parameters":{"_controller":"web_profiler.controller.profiler:toolbarAction","token":"c86216","_route":"_wdt"},"request_uri":"http://localhost/ENI-Projet_symfony/public/_wdt/c86216","method":"GET"} []
[2019-10-01 07:32:45] request.INFO: Matched route "liste_sortie". {"route":"liste_sortie","route_parameters":{"_controller":"App\\Controller\\SortieController::afficherListe","_route":"liste_sortie"},"request_uri":"http://localhost/ENI-Projet_symfony/public/sortie/liste","method":"GET"} []
[2019-10-01 07:32:45] security.INFO: Populated the TokenStorage with an anonymous Token. [] []
[2019-10-01 07:32:45] request.INFO: Matched route "_wdt". {"route":"_wdt","route_parameters":{"_controller":"web_profiler.controller.profiler:toolbarAction","token":"416fc0","_route":"_wdt"},"request_uri":"http://localhost/ENI-Projet_symfony/public/_wdt/416fc0","method":"GET"} []
[2019-10-01 07:34:19] request.INFO: Matched route "liste_sortie". {"route":"liste_sortie","route_parameters":{"_controller":"App\\Controller\\SortieController::afficherListe","_route":"liste_sortie"},"request_uri":"http://localhost/ENI-Projet_symfony/public/sortie/liste","method":"GET"} []
[2019-10-01 07:34:19] security.INFO: Populated the TokenStorage with an anonymous Token. [] []
[2019-10-01 07:34:19] request.INFO: Matched route "_wdt". {"route":"_wdt","route_parameters":{"_controller":"web_profiler.controller.profiler:toolbarAction","token":"bde99c","_route":"_wdt"},"request_uri":"http://localhost/ENI-Projet_symfony/public/_wdt/bde99c","method":"GET"} []
[2019-10-01 07:34:22] request.INFO: Matched route "register". {"route":"register","route_parameters":{"_controller":"App\\Controller\\ParticipantsController::register","_route":"register"},"request_uri":"http://localhost/ENI-Projet_symfony/public/register","method":"GET"} []
[2019-10-01 07:34:22] security.INFO: Populated the TokenStorage with an anonymous Token. [] []
[2019-10-01 07:34:22] request.INFO: Matched route "_wdt". {"route":"_wdt","route_parameters":{"_controller":"web_profiler.controller.profiler:toolbarAction","token":"61d7b4","_route":"_wdt"},"request_uri":"http://localhost/ENI-Projet_symfony/public/_wdt/61d7b4","method":"GET"} []
[2019-10-01 07:34:52] request.INFO: Matched route "register". {"route":"register","route_parameters":{"_controller":"App\\Controller\\ParticipantsController::register","_route":"register"},"request_uri":"http://localhost/ENI-Projet_symfony/public/register","method":"GET"} []
[2019-10-01 07:34:52] security.INFO: Populated the TokenStorage with an anonymous Token. [] []
[2019-10-01 07:34:52] translation.WARNING: Translation not found. {"id":"Email","domain":"messages","locale":"en"} []
[2019-10-01 07:34:52] translation.WARNING: Translation not found. {"id":"Username","domain":"messages","locale":"en"} []
[2019-10-01 07:34:52] translation.WARNING: Translation not found. {"id":"Password","domain":"messages","locale":"en"} []
[2019-10-01 07:34:52] translation.WARNING: Translation not found. {"id":"Repeat Password","domain":"messages","locale":"en"} []
[2019-10-01 07:35:03] request.INFO: Matched route "register". {"route":"register","route_parameters":{"_controller":"App\\Controller\\ParticipantsController::register","_route":"register"},"request_uri":"http://localhost/ENI-Projet_symfony/public/register","method":"POST"} []
[2019-10-01 07:35:03] security.INFO: Populated the TokenStorage with an anonymous Token. [] []
[2019-10-01 07:35:05] php.CRITICAL: Type error: Argument 1 passed to Symfony\Component\Security\Core\Encoder\UserPasswordEncoder::encodePassword() must be an instance of Symfony\Component\Security\Core\User\UserInterface, instance of App\Entity\Participants given, called in C:\wamp\www\ENI-Projet_symfony\src\Controller\ParticipantsController.php on line 30 {"exception":"[object] (Symfony\\Component\\Debug\\Exception\\FatalThrowableError(code: 0): Type error: Argument 1 passed to Symfony\\Component\\Security\\Core\\Encoder\\UserPasswordEncoder::encodePassword() must be an instance of Symfony\\Component\\Security\\Core\\User\\UserInterface, instance of App\\Entity\\Participants given, called in C:\\wamp\\www\\ENI-Projet_symfony\\src\\Controller\\ParticipantsController.php on line 30 at C:\\wamp\\www\\ENI-Projet_symfony\\vendor\\symfony\\security\\Core\\Encoder\\UserPasswordEncoder.php:33)"} []
[2019-10-01 07:35:05] request.CRITICAL: Uncaught PHP Exception Symfony\Component\Debug\Exception\FatalThrowableError: "Type error: Argument 1 passed to Symfony\Component\Security\Core\Encoder\UserPasswordEncoder::encodePassword() must be an instance of Symfony\Component\Security\Core\User\UserInterface, instance of App\Entity\Participants given, called in C:\wamp\www\ENI-Projet_symfony\src\Controller\ParticipantsController.php on line 30" at C:\wamp\www\ENI-Projet_symfony\vendor\symfony\security\Core\Encoder\UserPasswordEncoder.php line 33 {"exception":"[object] (Symfony\\Component\\Debug\\Exception\\FatalThrowableError(code: 0): Type error: Argument 1 passed to Symfony\\Component\\Security\\Core\\Encoder\\UserPasswordEncoder::encodePassword() must be an instance of Symfony\\Component\\Security\\Core\\User\\UserInterface, instance of App\\Entity\\Participants given, called in C:\\wamp\\www\\ENI-Projet_symfony\\src\\Controller\\ParticipantsController.php on line 30 at C:\\wamp\\www\\ENI-Projet_symfony\\vendor\\symfony\\security\\Core\\Encoder\\UserPasswordEncoder.php:33)"} []
[2019-10-01 07:35:05] request.INFO: Matched route "_wdt". {"route":"_wdt","route_parameters":{"_controller":"web_profiler.controller.profiler:toolbarAction","token":"b9d872","_route":"_wdt"},"request_uri":"http://localhost/ENI-Projet_symfony/public/_wdt/b9d872","method":"GET"} []
[2019-10-01 07:42:23] request.INFO: Matched route "register". {"route":"register","route_parameters":{"_controller":"App\\Controller\\ParticipantsController::register","_route":"register"},"request_uri":"http://localhost/ENI-Projet_symfony/public/register","method":"POST"} []
[2019-10-01 07:42:23] security.INFO: Populated the TokenStorage with an anonymous Token. [] []
[2019-10-01 07:42:23] request.CRITICAL: Uncaught PHP Exception RuntimeException: "No encoder has been configured for account "App\Entity\Participants"." at C:\wamp\www\ENI-Projet_symfony\vendor\symfony\security\Core\Encoder\EncoderFactory.php line 51 {"exception":"[object] (RuntimeException(code: 0): No encoder has been configured for account \"App\\Entity\\Participants\". at C:\\wamp\\www\\ENI-Projet_symfony\\vendor\\symfony\\security\\Core\\Encoder\\EncoderFactory.php:51)"} []
[2019-10-01 07:42:23] request.INFO: Matched route "_wdt". {"route":"_wdt","route_parameters":{"_controller":"web_profiler.controller.profiler:toolbarAction","token":"84c416","_route":"_wdt"},"request_uri":"http://localhost/ENI-Projet_symfony/public/_wdt/84c416","method":"GET"} []
[2019-10-01 07:42:24] request.INFO: Matched route "_wdt". {"route":"_wdt","route_parameters":{"_controller":"web_profiler.controller.profiler:toolbarAction","token":"84c416","_route":"_wdt"},"request_uri":"http://localhost/ENI-Projet_symfony/public/_wdt/84c416","method":"GET"} []
[2019-10-01 07:43:39] request.INFO: Matched route "register". {"route":"register","route_parameters":{"_controller":"App\\Controller\\ParticipantsController::register","_route":"register"},"request_uri":"http://localhost/ENI-Projet_symfony/public/register","method":"POST"} []
[2019-10-01 07:43:39] security.INFO: Populated the TokenStorage with an anonymous Token. [] []
[2019-10-01 07:43:39] request.CRITICAL: Uncaught PHP Exception RuntimeException: "No encoder has been configured for account "App\Entity\Participants"." at C:\wamp\www\ENI-Projet_symfony\vendor\symfony\security\Core\Encoder\EncoderFactory.php line 51 {"exception":"[object] (RuntimeException(code: 0): No encoder has been configured for account \"App\\Entity\\Participants\". at C:\\wamp\\www\\ENI-Projet_symfony\\vendor\\symfony\\security\\Core\\Encoder\\EncoderFactory.php:51)"} []
[2019-10-01 07:43:40] request.INFO: Matched route "_wdt". {"route":"_wdt","route_parameters":{"_controller":"web_profiler.controller.profiler:toolbarAction","token":"19ee7f","_route":"_wdt"},"request_uri":"http://localhost/ENI-Projet_symfony/public/_wdt/19ee7f","method":"GET"} []
[2019-10-01 07:43:41] request.INFO: Matched route "_wdt". {"route":"_wdt","route_parameters":{"_controller":"web_profiler.controller.profiler:toolbarAction","token":"19ee7f","_route":"_wdt"},"request_uri":"http://localhost/ENI-Projet_symfony/public/_wdt/19ee7f","method":"GET"} []
[2019-10-01 07:44:58] request.INFO: Matched route "register". {"route":"register","route_parameters":{"_controller":"App\\Controller\\ParticipantsController::register","_route":"register"},"request_uri":"http://localhost/ENI-Projet_symfony/public/register","method":"POST"} []
[2019-10-01 07:44:58] security.INFO: Populated the TokenStorage with an anonymous Token. [] []
[2019-10-01 07:44:59] request.CRITICAL: Uncaught PHP Exception RuntimeException: "No encoder has been configured for account "App\Entity\Participants"." at C:\wamp\www\ENI-Projet_symfony\vendor\symfony\security\Core\Encoder\EncoderFactory.php line 51 {"exception":"[object] (RuntimeException(code: 0): No encoder has been configured for account \"App\\Entity\\Participants\". at C:\\wamp\\www\\ENI-Projet_symfony\\vendor\\symfony\\security\\Core\\Encoder\\EncoderFactory.php:51)"} []
[2019-10-01 07:44:59] request.INFO: Matched route "_wdt". {"route":"_wdt","route_parameters":{"_controller":"web_profiler.controller.profiler:toolbarAction","token":"8e4bda","_route":"_wdt"},"request_uri":"http://localhost/ENI-Projet_symfony/public/_wdt/8e4bda","method":"GET"} []
[2019-10-01 07:45:00] request.INFO: Matched route "_wdt". {"route":"_wdt","route_parameters":{"_controller":"web_profiler.controller.profiler:toolbarAction","token":"8e4bda","_route":"_wdt"},"request_uri":"http://localhost/ENI-Projet_symfony/public/_wdt/8e4bda","method":"GET"} []
[2019-10-01 07:45:53] request.INFO: Matched route "register". {"route":"register","route_parameters":{"_controller":"App\\Controller\\ParticipantsController::register","_route":"register"},"request_uri":"http://localhost/ENI-Projet_symfony/public/register","method":"POST"} []
[2019-10-01 07:45:53] security.INFO: Populated the TokenStorage with an anonymous Token. [] []
[2019-10-01 07:45:54] php.CRITICAL: Call to undefined method App\Entity\Participants::setRoles() {"exception":"[object] (Symfony\\Component\\Debug\\Exception\\FatalThrowableError(code: 0): Call to undefined method App\\Entity\\Participants::setRoles() at C:\\wamp\\www\\ENI-Projet_symfony\\src\\Controller\\ParticipantsController.php:32)"} []
[2019-10-01 07:45:54] request.CRITICAL: Uncaught PHP Exception Symfony\Component\Debug\Exception\UndefinedMethodException: "Attempted to call an undefined method named "setRoles" of class "App\Entity\Participants". Did you mean to call "getRoles"?" at C:\wamp\www\ENI-Projet_symfony\src\Controller\ParticipantsController.php line 32 {"exception":"[object] (Symfony\\Component\\Debug\\Exception\\UndefinedMethodException(code: 0): Attempted to call an undefined method named \"setRoles\" of class \"App\\Entity\\Participants\".\nDid you mean to call \"getRoles\"? at C:\\wamp\\www\\ENI-Projet_symfony\\src\\Controller\\ParticipantsController.php:32)"} []
[2019-10-01 07:45:55] request.INFO: Matched route "_wdt". {"route":"_wdt","route_parameters":{"_controller":"web_profiler.controller.profiler:toolbarAction","token":"f85451","_route":"_wdt"},"request_uri":"http://localhost/ENI-Projet_symfony/public/_wdt/f85451","method":"GET"} []
[2019-10-01 07:46:35] request.INFO: Matched route "register". {"route":"register","route_parameters":{"_controller":"App\\Controller\\ParticipantsController::register","_route":"register"},"request_uri":"http://localhost/ENI-Projet_symfony/public/register","method":"POST"} []
[2019-10-01 07:46:35] security.INFO: Populated the TokenStorage with an anonymous Token. [] []
[2019-10-01 07:46:37] doctrine.DEBUG: "START TRANSACTION" [] []
[2019-10-01 07:46:37] doctrine.DEBUG: INSERT INTO participants (pseudo, nom, prenom, telephone, mail, mot_de_passe, administrateur, actif, sites_no_site) VALUES (?, ?, ?, ?, ?, ?, ?, ?, ?) {"1":"test","2":null,"3":null,"4":null,"5":"test@test.fr","6":"$2y$14$DeXHtLxDt8JxcDXff11 [...]","7":false,"8":null,"9":null} []
[2019-10-01 07:46:37] doctrine.DEBUG: "ROLLBACK" [] []
[2019-10-01 07:46:37] request.CRITICAL: Uncaught PHP Exception Doctrine\DBAL\Exception\NotNullConstraintViolationException: "An exception occurred while executing 'INSERT INTO participants (pseudo, nom, prenom, telephone, mail, mot_de_passe, administrateur, actif, sites_no_site) VALUES (?, ?, ?, ?, ?, ?, ?, ?, ?)' with params ["test", null, null, null, "test@test.fr", "$2y$14$DeXHtLxDt8JxcDXff1101eI8JNp9TpZsIW9bsoUIniqiMUSA.d9S6", 0, null, null]:  SQLSTATE[23000]: Integrity constraint violation: 1048 Le champ 'nom' ne peut tre vide (null)" at C:\wamp\www\ENI-Projet_symfony\vendor\doctrine\dbal\lib\Doctrine\DBAL\Driver\AbstractMySQLDriver.php line 103 {"exception":"[object] (Doctrine\\DBAL\\Exception\\NotNullConstraintViolationException(code: 0): An exception occurred while executing 'INSERT INTO participants (pseudo, nom, prenom, telephone, mail, mot_de_passe, administrateur, actif, sites_no_site) VALUES (?, ?, ?, ?, ?, ?, ?, ?, ?)' with params [\"test\", null, null, null, \"test@test.fr\", \"$2y$14$DeXHtLxDt8JxcDXff1101eI8JNp9TpZsIW9bsoUIniqiMUSA.d9S6\", 0, null, null]:\n\nSQLSTATE[23000]: Integrity constraint violation: 1048 Le champ 'nom' ne peut tre vide (null) at C:\\wamp\\www\\ENI-Projet_symfony\\vendor\\doctrine\\dbal\\lib\\Doctrine\\DBAL\\Driver\\AbstractMySQLDriver.php:103, Doctrine\\DBAL\\Driver\\PDOException(code: 23000): SQLSTATE[23000]: Integrity constraint violation: 1048 Le champ 'nom' ne peut tre vide (null) at C:\\wamp\\www\\ENI-Projet_symfony\\vendor\\doctrine\\dbal\\lib\\Doctrine\\DBAL\\Driver\\PDOStatement.php:119, PDOException(code: 23000): SQLSTATE[23000]: Integrity constraint violation: 1048 Le champ 'nom' ne peut tre vide (null) at C:\\wamp\\www\\ENI-Projet_symfony\\vendor\\doctrine\\dbal\\lib\\Doctrine\\DBAL\\Driver\\PDOStatement.php:117)"} []
[2019-10-01 07:46:37] request.INFO: Matched route "_wdt". {"route":"_wdt","route_parameters":{"_controller":"web_profiler.controller.profiler:toolbarAction","token":"cff4b5","_route":"_wdt"},"request_uri":"http://localhost/ENI-Projet_symfony/public/_wdt/cff4b5","method":"GET"} []
[2019-10-01 07:46:39] request.INFO: Matched route "_wdt". {"route":"_wdt","route_parameters":{"_controller":"web_profiler.controller.profiler:toolbarAction","token":"cff4b5","_route":"_wdt"},"request_uri":"http://localhost/ENI-Projet_symfony/public/_wdt/cff4b5","method":"GET"} []
[2019-10-01 07:48:10] request.INFO: Matched route "register". {"route":"register","route_parameters":{"_controller":"App\\Controller\\ParticipantsController::register","_route":"register"},"request_uri":"http://localhost/ENI-Projet_symfony/public/register","method":"GET"} []
[2019-10-01 07:48:10] security.INFO: Populated the TokenStorage with an anonymous Token. [] []
[2019-10-01 07:48:10] translation.WARNING: Translation not found. {"id":"Email","domain":"messages","locale":"en"} []
[2019-10-01 07:48:10] translation.WARNING: Translation not found. {"id":"Nom","domain":"messages","locale":"en"} []
[2019-10-01 07:48:10] translation.WARNING: Translation not found. {"id":"Prenom","domain":"messages","locale":"en"} []
[2019-10-01 07:48:10] translation.WARNING: Translation not found. {"id":"Username","domain":"messages","locale":"en"} []
[2019-10-01 07:48:10] translation.WARNING: Translation not found. {"id":"Password","domain":"messages","locale":"en"} []
[2019-10-01 07:48:10] translation.WARNING: Translation not found. {"id":"Repeat Password","domain":"messages","locale":"en"} []
[2019-10-01 07:48:19] request.INFO: Matched route "register". {"route":"register","route_parameters":{"_controller":"App\\Controller\\ParticipantsController::register","_route":"register"},"request_uri":"http://localhost/ENI-Projet_symfony/public/register","method":"POST"} []
[2019-10-01 07:48:19] security.INFO: Populated the TokenStorage with an anonymous Token. [] []
[2019-10-01 07:48:20] doctrine.DEBUG: "START TRANSACTION" [] []
[2019-10-01 07:48:20] doctrine.DEBUG: INSERT INTO participants (pseudo, nom, prenom, telephone, mail, mot_de_passe, administrateur, actif, sites_no_site) VALUES (?, ?, ?, ?, ?, ?, ?, ?, ?) {"1":"test","2":"test","3":"test","4":null,"5":"test@test.fr","6":"$2y$14$WwShIEv8Ocvv8s.tB1Z [...]","7":false,"8":null,"9":null} []
[2019-10-01 07:48:20] doctrine.DEBUG: "ROLLBACK" [] []
[2019-10-01 07:48:20] request.CRITICAL: Uncaught PHP Exception Doctrine\DBAL\Exception\NotNullConstraintViolationException: "An exception occurred while executing 'INSERT INTO participants (pseudo, nom, prenom, telephone, mail, mot_de_passe, administrateur, actif, sites_no_site) VALUES (?, ?, ?, ?, ?, ?, ?, ?, ?)' with params ["test", "test", "test", null, "test@test.fr", "$2y$14$WwShIEv8Ocvv8s.tB1ZMC.bHQyZrFEOkF3Ir1eW1YZGCJpLKiJ2JS", 0, null, null]:  SQLSTATE[23000]: Integrity constraint violation: 1048 Le champ 'actif' ne peut tre vide (null)" at C:\wamp\www\ENI-Projet_symfony\vendor\doctrine\dbal\lib\Doctrine\DBAL\Driver\AbstractMySQLDriver.php line 103 {"exception":"[object] (Doctrine\\DBAL\\Exception\\NotNullConstraintViolationException(code: 0): An exception occurred while executing 'INSERT INTO participants (pseudo, nom, prenom, telephone, mail, mot_de_passe, administrateur, actif, sites_no_site) VALUES (?, ?, ?, ?, ?, ?, ?, ?, ?)' with params [\"test\", \"test\", \"test\", null, \"test@test.fr\", \"$2y$14$WwShIEv8Ocvv8s.tB1ZMC.bHQyZrFEOkF3Ir1eW1YZGCJpLKiJ2JS\", 0, null, null]:\n\nSQLSTATE[23000]: Integrity constraint violation: 1048 Le champ 'actif' ne peut tre vide (null) at C:\\wamp\\www\\ENI-Projet_symfony\\vendor\\doctrine\\dbal\\lib\\Doctrine\\DBAL\\Driver\\AbstractMySQLDriver.php:103, Doctrine\\DBAL\\Driver\\PDOException(code: 23000): SQLSTATE[23000]: Integrity constraint violation: 1048 Le champ 'actif' ne peut tre vide (null) at C:\\wamp\\www\\ENI-Projet_symfony\\vendor\\doctrine\\dbal\\lib\\Doctrine\\DBAL\\Driver\\PDOStatement.php:119, PDOException(code: 23000): SQLSTATE[23000]: Integrity constraint violation: 1048 Le champ 'actif' ne peut tre vide (null) at C:\\wamp\\www\\ENI-Projet_symfony\\vendor\\doctrine\\dbal\\lib\\Doctrine\\DBAL\\Driver\\PDOStatement.php:117)"} []
[2019-10-01 07:48:21] request.INFO: Matched route "_wdt". {"route":"_wdt","route_parameters":{"_controller":"web_profiler.controller.profiler:toolbarAction","token":"4becf4","_route":"_wdt"},"request_uri":"http://localhost/ENI-Projet_symfony/public/_wdt/4becf4","method":"GET"} []
[2019-10-01 07:48:22] request.INFO: Matched route "_wdt". {"route":"_wdt","route_parameters":{"_controller":"web_profiler.controller.profiler:toolbarAction","token":"4becf4","_route":"_wdt"},"request_uri":"http://localhost/ENI-Projet_symfony/public/_wdt/4becf4","method":"GET"} []
